Log file open, 04/08/18 12:16:10
LogWindows: Failed to load 'aqProf.dll' (GetLastError=126)
LogWindows: File 'aqProf.dll' does not exist
LogWindows: Failed to load 'VtuneApi.dll' (GetLastError=126)
LogWindows: File 'VtuneApi.dll' does not exist
LogWindows: Failed to load 'VtuneApi32e.dll' (GetLastError=126)
LogWindows: File 'VtuneApi32e.dll' does not exist
LogInit: Display: Running engine for game: OnesAndZeroes
LogPlatformFile: Not using cached read wrapper
LogInit: Display: RandInit(-1640728886) SRandInit(-1640728885).
LogInit: Read version file with build ID '3709383'
LogInit: Overriding engine version to CL 3832480, compatible CL 3709383
LogInit: Registered custom module enumerator with build ID '3709383'
LogTaskGraph: Started task graph with 5 named threads and 8 total threads with 3 sets of task threads.
LogStats: Stats thread started at 0.140688
LogD3D11RHI: Aftermath initialized
LogModuleManager: Display: Found up-to-date module file ../../../Engine/Plugins/2D/Paper2D/Binaries/Win64/UE4Editor-Paper2D.dll (API version 3709383).
LogModuleManager: Display: Found up-to-date module file ../../../Engine/Plugins/2D/Paper2D/Binaries/Win64/UE4Editor-Paper2DEditor.dll (API version 3709383).
LogModuleManager: Display: Found up-to-date module file ../../../Engine/Plugins/2D/Paper2D/Binaries/Win64/UE4Editor-PaperSpriteSheetImporter.dll (API version 3709383).
LogModuleManager: Display: Found up-to-date module file ../../../Engine/Plugins/2D/Paper2D/Binaries/Win64/UE4Editor-PaperTiledImporter.dll (API version 3709383).
LogModuleManager: Display: Found up-to-date module file ../../../Engine/Plugins/2D/Paper2D/Binaries/Win64/UE4Editor-SmartSnapping.dll (API version 3709383).
LogModuleManager: Display: Found up-to-date module file ../../../Engine/Plugins/Blendables/LightPropagationVolume/Binaries/Win64/UE4Editor-LightPropagationVolumeRuntime.dll (API version 3709383).
LogModuleManager: Display: Found up-to-date module file ../../../Engine/Plugins/Blendables/LightPropagationVolume/Binaries/Win64/UE4Editor-LightPropagationVolumeEditor.dll (API version 3709383).
LogModuleManager: Display: Found up-to-date module file ../../../Engine/Plugins/Developer/GitSourceControl/Binaries/Win64/UE4Editor-GitSourceControl.dll (API version 3709383).
LogModuleManager: Display: Found up-to-date module file ../../../Engine/Plugins/Developer/PerforceSourceControl/Binaries/Win64/UE4Editor-PerforceSourceControl.dll (API version 3709383).
LogModuleManager: Display: Found up-to-date module file ../../../Engine/Plugins/Developer/SubversionSourceControl/Binaries/Win64/UE4Editor-SubversionSourceControl.dll (API version 3709383).
LogModuleManager: Display: Found up-to-date module file ../../../Engine/Plugins/Developer/UObjectPlugin/Binaries/Win64/UE4Editor-UObjectPlugin.dll (API version 3709383).
LogModuleManager: Display: Found up-to-date module file ../../../Engine/Plugins/Developer/VisualStudioCodeSourceCodeAccess/Binaries/Win64/UE4Editor-VisualStudioCodeSourceCodeAccess.dll (API version 3709383).
LogModuleManager: Display: Found up-to-date module file ../../../Engine/Plugins/Developer/VisualStudioSourceCodeAccess/Binaries/Win64/UE4Editor-VisualStudioSourceCodeAccess.dll (API version 3709383).
LogModuleManager: Display: Found up-to-date module file ../../../Engine/Plugins/Editor/AssetManagerEditor/Binaries/Win64/UE4Editor-AssetManagerEditor.dll (API version 3709383).
LogModuleManager: Display: Found up-to-date module file ../../../Engine/Plugins/Editor/AudioCapture/Binaries/Win64/UE4Editor-AudioCapture.dll (API version 3709383).
LogModuleManager: Display: Found up-to-date module file ../../../Engine/Plugins/Editor/FacialAnimation/Binaries/Win64/UE4Editor-FacialAnimation.dll (API version 3709383).
LogModuleManager: Display: Found up-to-date module file ../../../Engine/Plugins/Editor/FacialAnimation/Binaries/Win64/UE4Editor-FacialAnimationEditor.dll (API version 3709383).
LogModuleManager: Display: Found up-to-date module file ../../../Engine/Plugins/Editor/GameplayTagsEditor/Binaries/Win64/UE4Editor-GameplayTagsEditor.dll (API version 3709383).
LogModuleManager: Display: Found up-to-date module file ../../../Engine/Plugins/Editor/MobileLauncherProfileWizard/Binaries/Win64/UE4Editor-MobileLauncherProfileWizard.dll (API version 3709383).
LogModuleManager: Display: Found up-to-date module file ../../../Engine/Plugins/Editor/PluginBrowser/Binaries/Win64/UE4Editor-PluginBrowser.dll (API version 3709383).
LogModuleManager: Display: Found up-to-date module file ../../../Engine/Plugins/Editor/SpeedTreeImporter/Binaries/Win64/UE4Editor-SpeedTreeImporter.dll (API version 3709383).
LogModuleManager: Display: Found up-to-date module file ../../../Engine/Plugins/Experimental/AlembicImporter/Binaries/Win64/UE4Editor-AlembicImporter.dll (API version 3709383).
LogModuleManager: Display: Found up-to-date module file ../../../Engine/Plugins/Experimental/AlembicImporter/Binaries/Win64/UE4Editor-AlembicLibrary.dll (API version 3709383).
LogModuleManager: Display: Found up-to-date module file ../../../Engine/Plugins/Experimental/CharacterAI/Binaries/Win64/UE4Editor-CharacterAI.dll (API version 3709383).
LogModuleManager: Display: Found up-to-date module file ../../../Engine/Plugins/Experimental/HTML5Networking/Binaries/Win64/UE4Editor-HTML5Networking.dll (API version 3709383).
LogModuleManager: Display: Found up-to-date module file ../../../Engine/Plugins/Media/AndroidMedia/Binaries/Win64/UE4Editor-AndroidMediaEditor.dll (API version 3709383).
LogModuleManager: Display: Found up-to-date module file ../../../Engine/Plugins/Media/AndroidMedia/Binaries/Win64/UE4Editor-AndroidMediaFactory.dll (API version 3709383).
LogModuleManager: Display: Found up-to-date module file ../../../Engine/Plugins/Media/AvfMedia/Binaries/Win64/UE4Editor-AvfMediaEditor.dll (API version 3709383).
LogModuleManager: Display: Found up-to-date module file ../../../Engine/Plugins/Media/AvfMedia/Binaries/Win64/UE4Editor-AvfMediaFactory.dll (API version 3709383).
LogModuleManager: Display: Found up-to-date module file ../../../Engine/Plugins/Media/AvfMedia/Binaries/Win64/UE4Editor-AvfMediaFactory.dll (API version 3709383).
LogModuleManager: Display: Found up-to-date module file ../../../Engine/Plugins/Media/ImgMedia/Binaries/Win64/UE4Editor-ImgMedia.dll (API version 3709383).
LogModuleManager: Display: Found up-to-date module file ../../../Engine/Plugins/Media/ImgMedia/Binaries/Win64/UE4Editor-ImgMediaEditor.dll (API version 3709383).
LogModuleManager: Display: Found up-to-date module file ../../../Engine/Plugins/Media/ImgMedia/Binaries/Win64/UE4Editor-ImgMediaFactory.dll (API version 3709383).
LogModuleManager: Display: Found up-to-date module file ../../../Engine/Plugins/Media/ImgMedia/Binaries/Win64/UE4Editor-ImgMediaFactory.dll (API version 3709383).
LogModuleManager: Display: Found up-to-date module file ../../../Engine/Plugins/Media/ImgMedia/Binaries/Win64/UE4Editor-OpenExrWrapper.dll (API version 3709383).
LogModuleManager: Display: Found up-to-date module file ../../../Engine/Plugins/Media/MediaCompositing/Binaries/Win64/UE4Editor-MediaCompositing.dll (API version 3709383).
LogModuleManager: Display: Found up-to-date module file ../../../Engine/Plugins/Media/MediaCompositing/Binaries/Win64/UE4Editor-MediaCompositingEditor.dll (API version 3709383).
LogModuleManager: Display: Found up-to-date module file ../../../Engine/Plugins/Media/MediaPlayerEditor/Binaries/Win64/UE4Editor-MediaPlayerEditor.dll (API version 3709383).
LogModuleManager: Display: Found up-to-date module file ../../../Engine/Plugins/Media/WmfMedia/Binaries/Win64/UE4Editor-WmfMedia.dll (API version 3709383).
LogModuleManager: Display: Found up-to-date module file ../../../Engine/Plugins/Media/WmfMedia/Binaries/Win64/UE4Editor-WmfMediaEditor.dll (API version 3709383).
LogModuleManager: Display: Found up-to-date module file ../../../Engine/Plugins/Media/WmfMedia/Binaries/Win64/UE4Editor-WmfMediaFactory.dll (API version 3709383).
LogModuleManager: Display: Found up-to-date module file ../../../Engine/Plugins/Media/WmfMedia/Binaries/Win64/UE4Editor-WmfMediaFactory.dll (API version 3709383).
LogModuleManager: Display: Found up-to-date module file ../../../Engine/Plugins/Messaging/TcpMessaging/Binaries/Win64/UE4Editor-TcpMessaging.dll (API version 3709383).
LogModuleManager: Display: Found up-to-date module file ../../../Engine/Plugins/Messaging/UdpMessaging/Binaries/Win64/UE4Editor-UdpMessaging.dll (API version 3709383).
LogModuleManager: Display: Found up-to-date module file ../../../Engine/Plugins/MovieScene/ActorSequence/Binaries/Win64/UE4Editor-ActorSequence.dll (API version 3709383).
LogModuleManager: Display: Found up-to-date module file ../../../Engine/Plugins/MovieScene/LevelSequenceEditor/Binaries/Win64/UE4Editor-LevelSequenceEditor.dll (API version 3709383).
LogModuleManager: Display: Found up-to-date module file ../../../Engine/Plugins/MovieScene/MatineeToLevelSequence/Binaries/Win64/UE4Editor-MatineeToLevelSequence.dll (API version 3709383).
LogModuleManager: Display: Found up-to-date module file ../../../Engine/Plugins/Online/OnlineSubsystem/Binaries/Win64/UE4Editor-OnlineSubsystem.dll (API version 3709383).
LogModuleManager: Display: Found up-to-date module file ../../../Engine/Plugins/Runtime/AndroidPermission/Binaries/Win64/UE4Editor-AndroidPermission.dll (API version 3709383).
LogModuleManager: Display: Found up-to-date module file ../../../Engine/Plugins/Online/OnlineSubsystemNull/Binaries/Win64/UE4Editor-OnlineSubsystemNull.dll (API version 3709383).
LogModuleManager: Display: Found up-to-date module file ../../../Engine/Plugins/Online/OnlineSubsystemUtils/Binaries/Win64/UE4Editor-OnlineSubsystemUtils.dll (API version 3709383).
LogModuleManager: Display: Found up-to-date module file ../../../Engine/Plugins/Online/OnlineSubsystemUtils/Binaries/Win64/UE4Editor-OnlineBlueprintSupport.dll (API version 3709383).
LogModuleManager: Display: Found up-to-date module file ../../../Engine/Plugins/Runtime/AndroidDeviceProfileSelector/Binaries/Win64/UE4Editor-AndroidDeviceProfileSelector.dll (API version 3709383).
LogModuleManager: Display: Found up-to-date module file ../../../Engine/Plugins/Runtime/AppleARKit/Binaries/Win64/UE4Editor-AppleARKit.dll (API version 3709383).
LogModuleManager: Display: Found up-to-date module file ../../../Engine/Plugins/Runtime/ArchVisCharacter/Binaries/Win64/UE4Editor-ArchVisCharacter.dll (API version 3709383).
LogModuleManager: Display: Found up-to-date module file ../../../Engine/Plugins/Runtime/CableComponent/Binaries/Win64/UE4Editor-CableComponent.dll (API version 3709383).
LogModuleManager: Display: Found up-to-date module file ../../../Engine/Plugins/Runtime/CustomMeshComponent/Binaries/Win64/UE4Editor-CustomMeshComponent.dll (API version 3709383).
LogModuleManager: Display: Found up-to-date module file ../../../Engine/Plugins/Runtime/ExampleDeviceProfileSelector/Binaries/Win64/UE4Editor-ExampleDeviceProfileSelector.dll (API version 3709383).
LogModuleManager: Display: Found up-to-date module file ../../../Engine/Plugins/Runtime/ImmediatePhysics/Binaries/Win64/UE4Editor-ImmediatePhysics.dll (API version 3709383).
LogModuleManager: Display: Found up-to-date module file ../../../Engine/Plugins/Runtime/ImmediatePhysics/Binaries/Win64/UE4Editor-ImmediatePhysicsEditor.dll (API version 3709383).
LogModuleManager: Display: Found up-to-date module file ../../../Engine/Plugins/Runtime/LocationServicesBPLibrary/Binaries/Win64/UE4Editor-LocationServicesBPLibrary.dll (API version 3709383).
LogModuleManager: Display: Found up-to-date module file ../../../Engine/Plugins/Runtime/MobilePatchingUtils/Binaries/Win64/UE4Editor-MobilePatchingUtils.dll (API version 3709383).
LogModuleManager: Display: Found up-to-date module file ../../../Engine/Plugins/Runtime/Oculus/OculusVR/Binaries/Win64/UE4Editor-OculusHMD.dll (API version 3709383).
LogModuleManager: Display: Found up-to-date module file ../../../Engine/Plugins/Runtime/Oculus/OculusVR/Binaries/Win64/UE4Editor-OculusInput.dll (API version 3709383).
LogModuleManager: Display: Found up-to-date module file ../../../Engine/Plugins/Runtime/Oculus/OculusVR/Binaries/Win64/UE4Editor-OculusEditor.dll (API version 3709383).
LogModuleManager: Display: Found up-to-date module file ../../../Engine/Plugins/Runtime/PhysXVehicles/Binaries/Win64/UE4Editor-PhysXVehicles.dll (API version 3709383).
LogModuleManager: Display: Found up-to-date module file ../../../Engine/Plugins/Runtime/PhysXVehicles/Binaries/Win64/UE4Editor-PhysXVehiclesEditor.dll (API version 3709383).
LogModuleManager: Display: Found up-to-date module file ../../../Engine/Plugins/Runtime/ProceduralMeshComponent/Binaries/Win64/UE4Editor-ProceduralMeshComponent.dll (API version 3709383).
LogModuleManager: Display: Found up-to-date module file ../../../Engine/Plugins/Runtime/ProceduralMeshComponent/Binaries/Win64/UE4Editor-ProceduralMeshComponentEditor.dll (API version 3709383).
LogModuleManager: Display: Found up-to-date module file ../../../Engine/Plugins/Runtime/RuntimePhysXCooking/Binaries/Win64/UE4Editor-RuntimePhysXCooking.dll (API version 3709383).
LogModuleManager: Display: Found up-to-date module file ../../../Engine/Plugins/Runtime/Steam/SteamVR/Binaries/Win64/UE4Editor-SteamVR.dll (API version 3709383).
LogModuleManager: Display: Found up-to-date module file ../../../Engine/Plugins/Runtime/Steam/SteamVR/Binaries/Win64/UE4Editor-SteamVRController.dll (API version 3709383).
LogModuleManager: Display: Found up-to-date module file ../../../Engine/Plugins/Runtime/WindowsMoviePlayer/Binaries/Win64/UE4Editor-WindowsMoviePlayer.dll (API version 3709383).
LogPluginManager: Mounting plugin Paper2D
LogPluginManager: Mounting plugin LightPropagationVolume
LogPluginManager: Mounting plugin CodeLiteSourceCodeAccess
LogPluginManager: Mounting plugin GitSourceControl
LogPluginManager: Mounting plugin KDevelopSourceCodeAccess
LogPluginManager: Mounting plugin NullSourceCodeAccess
LogPluginManager: Mounting plugin PerforceSourceControl
LogPluginManager: Mounting plugin SubversionSourceControl
LogPluginManager: Mounting plugin UObjectPlugin
LogPluginManager: Mounting plugin VisualStudioCodeSourceCodeAccess
LogPluginManager: Mounting plugin VisualStudioSourceCodeAccess
LogPluginManager: Mounting plugin XCodeSourceCodeAccess
LogPluginManager: Mounting plugin AssetManagerEditor
LogPluginManager: Mounting plugin AudioCapture
LogPluginManager: Mounting plugin FacialAnimation
LogPluginManager: Mounting plugin GameplayTagsEditor
LogPluginManager: Mounting plugin MobileLauncherProfileWizard
LogPluginManager: Mounting plugin PluginBrowser
LogPluginManager: Mounting plugin SpeedTreeImporter
LogPluginManager: Mounting plugin AlembicImporter
LogPluginManager: Mounting plugin CharacterAI
LogPluginManager: Mounting plugin HTML5Networking
LogPluginManager: Mounting plugin AndroidMedia
LogPluginManager: Mounting plugin AvfMedia
LogPluginManager: Mounting plugin ImgMedia
LogPluginManager: Mounting plugin MediaCompositing
LogPluginManager: Mounting plugin MediaPlayerEditor
LogPluginManager: Mounting plugin WmfMedia
LogPluginManager: Mounting plugin TcpMessaging
LogPluginManager: Mounting plugin UdpMessaging
LogPluginManager: Mounting plugin ActorSequence
LogPluginManager: Mounting plugin LevelSequenceEditor
LogPluginManager: Mounting plugin MatineeToLevelSequence
LogPluginManager: Mounting plugin OnlineSubsystemGooglePlay
LogPluginManager: Mounting plugin OnlineSubsystemIOS
LogPluginManager: Mounting plugin OnlineSubsystem
LogPluginManager: Mounting plugin OnlineSubsystemNull
LogPluginManager: Mounting plugin OnlineSubsystemUtils
LogPluginManager: Mounting plugin AndroidDeviceProfileSelector
LogPluginManager: Mounting plugin AndroidMoviePlayer
LogPluginManager: Mounting plugin AndroidPermission
LogPluginManager: Mounting plugin AppleARKit
LogPluginManager: Mounting plugin AppleMoviePlayer
LogPluginManager: Mounting plugin ArchVisCharacter
LogPluginManager: Mounting plugin CableComponent
LogPluginManager: Mounting plugin CustomMeshComponent
LogPluginManager: Mounting plugin ExampleDeviceProfileSelector
LogPluginManager: Mounting plugin GoogleCloudMessaging
LogPluginManager: Mounting plugin ImmediatePhysics
LogPluginManager: Mounting plugin IOSDeviceProfileSelector
LogPluginManager: Mounting plugin LinuxDeviceProfileSelector
LogPluginManager: Mounting plugin LocationServicesBPLibrary
LogPluginManager: Mounting plugin MobilePatchingUtils
LogPluginManager: Mounting plugin OculusVR
LogPluginManager: Plugin shader directory ../../../Engine/Plugins/Runtime/Oculus/OculusVR/Shaders found
LogPluginManager: Mapping shader source directory ../../../Engine/Plugins/Runtime/Oculus/OculusVR/Shaders to virtual directory /Plugin/OculusVR
LogPluginManager: Mounting plugin PhysXVehicles
LogPluginManager: Mounting plugin ProceduralMeshComponent
LogPluginManager: Mounting plugin RuntimePhysXCooking
LogPluginManager: Mounting plugin SteamVR
LogPluginManager: Mounting plugin WindowsMoviePlayer
LogInit: Using libcurl 7.47.1
LogInit:  - built for x86_64-pc-win32
LogInit:  - supports SSL with OpenSSL/1.0.2g
LogInit:  - supports HTTP deflate (compression) using libz 1.2.8
LogInit:  - other features:
LogInit:      CURL_VERSION_SSL
LogInit:      CURL_VERSION_LIBZ
LogInit:      CURL_VERSION_IPV6
LogInit:      CURL_VERSION_ASYNCHDNS
LogInit:      CURL_VERSION_LARGEFILE
LogInit:      CURL_VERSION_IDN
LogInit:  CurlRequestOptions (configurable via config and command line):
LogInit:  - bVerifyPeer = false  - Libcurl will NOT verify peer certificate
LogInit:  - bUseHttpProxy = false  - Libcurl will NOT use HTTP proxy
LogInit:  - bDontReuseConnections = false  - Libcurl will reuse connections
LogInit:  - CertBundlePath = nullptr  - Libcurl will use whatever was configured at build time.
LogInit: Build: ++UE4+Release-4.18-CL-3832480
LogInit: Engine Version: 4.18.3-3832480+++UE4+Release-4.18
LogInit: Compatible Engine Version: 4.18.0-3709383+++UE4+Release-4.18
LogInit: Net CL: 3709383
LogDevObjectVersion: Number of dev versions registered: 16
LogDevObjectVersion:   Dev-Blueprints (B0D832E4-1F89-4F0D-ACCF-7EB736FD4AA2): 10
LogDevObjectVersion:   Dev-Build (E1C64328-A22C-4D53-A36C-8E866417BD8C): 0
LogDevObjectVersion:   Dev-Core (375EC13C-06E4-48FB-B500-84F0262A717E): 2
LogDevObjectVersion:   Dev-Editor (E4B068ED-F494-42E9-A231-DA0B2E46BB41): 20
LogDevObjectVersion:   Dev-Framework (CFFC743F-43B0-4480-9391-14DF171D2073): 30
LogDevObjectVersion:   Dev-Mobile (B02B49B5-BB20-44E9-A304-32B752E40360): 0
LogDevObjectVersion:   Dev-Networking (A4E4105C-59A1-49B5-A7C5-40C4547EDFEE): 0
LogDevObjectVersion:   Dev-Online (39C831C9-5AE6-47DC-9A44-9C173E1C8E7C): 0
LogDevObjectVersion:   Dev-Physics (78F01B33-EBEA-4F98-B9B4-84EACCB95AA2): 0
LogDevObjectVersion:   Dev-Platform (6631380F-2D4D-43E0-8009-CF276956A95A): 0
LogDevObjectVersion:   Dev-Rendering (12F88B9F-8875-4AFC-A67C-D90C383ABD29): 20
LogDevObjectVersion:   Dev-Sequencer (7B5AE74C-D270-4C10-A958-57980B212A5A): 4
LogDevObjectVersion:   Dev-VR (D7296918-1DD6-4BDD-9DE2-64A83CC13884): 0
LogDevObjectVersion:   Dev-LoadTimes (C2A15278-BFE7-4AFE-6C17-90FF531DF755): 1
LogDevObjectVersion:   Private-Geometry (6EACA3D4-40EC-4CC1-B786-8BED09428FC5): 1
LogDevObjectVersion:   Dev-AnimPhys (29E575DD-E0A3-4627-9D10-D276232CDCEA): 12
LogInit: Compiled (64-bit): Jan 12 2018 02:04:55
LogInit: Compiled with Visual C++: 19.00.24215.01
LogInit: Build Configuration: Development
LogInit: Branch Name: ++UE4+Release-4.18
LogInit: Command line: -EpicPortal 
LogInit: Base directory: C:/Program Files/Epic Games/UE_4.18/Engine/Binaries/Win64/
LogInit: Installed Engine Build: 1
LogInit: Presizing for max 8388607 objects, including 0 objects not considered by GC, pre-allocating 0 bytes for permanent pool.
LogInit: Object subsystem initialized
[2018.04.08-19.16.11:971][  0]LogInit: Selected Device Profile: [Windows]
[2018.04.08-19.16.11:971][  0]LogInit: Applying CVar settings loaded from the selected device profile: [Windows]
[2018.04.08-19.16.11:986][  0]LogInit: Computer: AROMAS197-PC
[2018.04.08-19.16.11:986][  0]LogInit: User: Aromas197
[2018.04.08-19.16.11:986][  0]LogInit: CPU Page size=4096, Cores=2
[2018.04.08-19.16.11:986][  0]LogInit: High frequency timer resolution =2.341875 MHz
[2018.04.08-19.16.11:987][  0]LogMemory: Memory total: Physical=15.9GB (16GB approx)
[2018.04.08-19.16.11:987][  0]LogMemory: Platform Memory Stats for Windows
[2018.04.08-19.16.11:987][  0]LogMemory: Process Physical Memory: 272.30 MB used, 272.30 MB peak
[2018.04.08-19.16.11:987][  0]LogMemory: Process Virtual Memory: 270.71 MB used, 270.71 MB peak
[2018.04.08-19.16.11:987][  0]LogMemory: Physical Memory: 4995.38 MB used,  11306.32 MB free, 16301.70 MB total
[2018.04.08-19.16.11:987][  0]LogMemory: Virtual Memory: 614.10 MB used,  11306.32 MB free, 8388608.00 MB total
[2018.04.08-19.16.12:191][  0]LogInit: Using OS detected language (en-US).
[2018.04.08-19.16.12:191][  0]LogInit: Using OS detected locale (en-US).
[2018.04.08-19.16.12:195][  0]LogTextLocalizationManager: No specific localization for 'en-US' exists, so the 'en' localization will be used.
[2018.04.08-19.16.12:882][  0]LogWindows: Failed to load 'shcore.dll' (GetLastError=126)
[2018.04.08-19.16.12:882][  0]LogWindows: File 'shcore.dll' does not exist
[2018.04.08-19.16.12:882][  0]LogInit: Setting process to DPI aware
[2018.04.08-19.16.12:885][  0]LogWindows: Failed to load 'shcore.dll' (GetLastError=126)
[2018.04.08-19.16.12:885][  0]LogWindows: File 'shcore.dll' does not exist
[2018.04.08-19.16.12:885][  0]LogInit: Setting process to DPI aware
[2018.04.08-19.16.13:198][  0]LogD3D11RHI: D3D11 adapters:
[2018.04.08-19.16.13:234][  0]LogD3D11RHI:    0. 'NVIDIA GeForce GTX 860M' (Feature Level 11_0)
[2018.04.08-19.16.13:234][  0]LogD3D11RHI:       1995/0/7894 MB DedicatedVideo/DedicatedSystem/SharedSystem, Outputs:1, VendorId:0x10de
[2018.04.08-19.16.13:254][  0]LogD3D11RHI:    1. 'NVIDIA GeForce GTX 860M' (Feature Level 11_0)
[2018.04.08-19.16.13:254][  0]LogD3D11RHI:       1995/0/7894 MB DedicatedVideo/DedicatedSystem/SharedSystem, Outputs:0, VendorId:0x10de
[2018.04.08-19.16.13:254][  0]LogD3D11RHI: Chosen D3D11 Adapter: 0
[2018.04.08-19.16.13:266][  0]LogD3D11RHI: Creating new Direct3DDevice
[2018.04.08-19.16.13:266][  0]LogD3D11RHI:     GPU DeviceId: 0x1392 (for the marketing name, search the web for "GPU Device Id")
[2018.04.08-19.16.13:266][  0]LogWindows: EnumDisplayDevices:
[2018.04.08-19.16.13:266][  0]LogWindows:    0. 'Intel(R) HD Graphics Family' (P:1 D:1)
[2018.04.08-19.16.13:267][  0]LogWindows:    1. 'Intel(R) HD Graphics Family' (P:0 D:0)
[2018.04.08-19.16.13:267][  0]LogWindows:    2. 'Intel(R) HD Graphics Family' (P:0 D:0)
[2018.04.08-19.16.13:267][  0]LogWindows:    3. 'NVIDIA GeForce GTX 860M' (P:0 D:0)
[2018.04.08-19.16.13:268][  0]LogWindows:    4. 'RDPDD Chained DD' (P:0 D:0)
[2018.04.08-19.16.13:268][  0]LogWindows:    5. 'RDP Encoder Mirror Driver' (P:0 D:0)
[2018.04.08-19.16.13:268][  0]LogWindows:    6. 'RDP Reflector Display Driver' (P:0 D:0)
[2018.04.08-19.16.13:268][  0]LogWindows: DebugString: PrimaryIsNotTheChoosenAdapter PrimaryIsNotTheChoosenAdapter PrimaryIsNotTheChoosenAdapter GetVideoDriverDetailsInvalid PrimaryIsNotTheChoosenAdapter GetVideoDriverDetailsInvalid PrimaryIsNotTheChoosenAdapter GetVideoDriverDetailsInvalid PrimaryIsNotTheChoosenAdapter 
[2018.04.08-19.16.13:268][  0]LogD3D11RHI:     Adapter Name: NVIDIA GeForce GTX 860M
[2018.04.08-19.16.13:268][  0]LogD3D11RHI:   Driver Version: 373.06 (internal:21.21.13.7306, unified:373.06)
[2018.04.08-19.16.13:268][  0]LogD3D11RHI:      Driver Date: 10-1-2016
[2018.04.08-19.16.13:268][  0]LogRHI: Texture pool is 1397 MB (70% of 1995 MB)
[2018.04.08-19.16.13:290][  0]LogD3D11RHI: Async texture creation enabled
[2018.04.08-19.16.13:309][  0]LogD3D11RHI: GPU Timing Frequency: 1000.000000 (Debug: 2 2)
[2018.04.08-19.16.13:310][  0]LogShaderCompilers: Guid format shader working directory is -23 characters bigger than the processId version (../../../../../../Users/Aromas197/Documents/Unreal Projects/OnesAndZeroes/Intermediate/Shaders/WorkingDirectory/7712/).
[2018.04.08-19.16.13:310][  0]LogShaderCompilers: Cleaned the shader compiler working directory 'C:/Users/Aromas197/AppData/Local/Temp/UnrealShaderWorkingDir/656B3F4849E1CAA2ED242D8CAC6A118A/'.
[2018.04.08-19.16.13:310][  0]LogShaderCompilers: Display: Using Local Shader Compiler.
[2018.04.08-19.16.14:600][  0]LogTemp: Display: Loaded TP AllDesktopTargetPlatform
[2018.04.08-19.16.14:667][  0]LogTemp: Display: Loaded TP MacClientTargetPlatform
[2018.04.08-19.16.14:740][  0]LogTemp: Display: Loaded TP MacNoEditorTargetPlatform
[2018.04.08-19.16.14:808][  0]LogTemp: Display: Loaded TP MacServerTargetPlatform
[2018.04.08-19.16.14:880][  0]LogTemp: Display: Loaded TP MacTargetPlatform
[2018.04.08-19.16.14:948][  0]LogTemp: Display: Loaded TP WindowsClientTargetPlatform
[2018.04.08-19.16.15:035][  0]LogTemp: Display: Loaded TP WindowsNoEditorTargetPlatform
[2018.04.08-19.16.15:120][  0]LogTemp: Display: Loaded TP WindowsServerTargetPlatform
[2018.04.08-19.16.15:184][  0]LogTemp: Display: Loaded TP WindowsTargetPlatform
[2018.04.08-19.16.15:260][  0]LogTemp: Display: Loaded TP Android_ASTCTargetPlatform
[2018.04.08-19.16.15:329][  0]LogTemp: Display: Loaded TP Android_ATCTargetPlatform
[2018.04.08-19.16.15:397][  0]LogTemp: Display: Loaded TP Android_DXTTargetPlatform
[2018.04.08-19.16.15:467][  0]LogTemp: Display: Loaded TP Android_ETC1TargetPlatform
[2018.04.08-19.16.15:542][  0]LogTemp: Display: Loaded TP Android_ETC2TargetPlatform
[2018.04.08-19.16.15:702][  0]LogTemp: Display: Loaded TP Android_MultiTargetPlatform
[2018.04.08-19.16.15:702][  0]LogTemp: Display: Loaded TP Android_PVRTCTargetPlatform
[2018.04.08-19.16.15:782][  0]LogTemp: Display: Loaded TP AndroidTargetPlatform
[2018.04.08-19.16.15:842][  0]LogTemp: Display: Loaded TP HTML5TargetPlatform
[2018.04.08-19.16.15:975][  0]LogTemp: Display: Loaded TP IOSTargetPlatform
[2018.04.08-19.16.16:022][  0]LogTemp: Display: Loaded TP TVOSTargetPlatform
[2018.04.08-19.16.16:103][  0]LogTemp: Display: Loaded TP LinuxClientTargetPlatform
[2018.04.08-19.16.16:181][  0]LogTemp: Display: Loaded TP LinuxNoEditorTargetPlatform
[2018.04.08-19.16.16:261][  0]LogTemp: Display: Loaded TP LinuxServerTargetPlatform
[2018.04.08-19.16.16:337][  0]LogTemp: Display: Loaded TP LinuxTargetPlatform
[2018.04.08-19.16.16:337][  0]LogTargetPlatformManager: Display: Building Assets For Windows
[2018.04.08-19.16.16:948][  0]LogDerivedDataCache: Display: Max Cache Size: 512 MB
[2018.04.08-19.16.17:157][  0]LogDerivedDataCache: Loaded boot cache 0.21s 78MB C:/Users/Aromas197/AppData/Local/UnrealEngine/4.18/DerivedDataCache/Boot.ddc.
[2018.04.08-19.16.17:158][  0]LogDerivedDataCache: Display: Loaded Boot cache: C:/Users/Aromas197/AppData/Local/UnrealEngine/4.18/DerivedDataCache/Boot.ddc
[2018.04.08-19.16.17:158][  0]LogDerivedDataCache: FDerivedDataBackendGraph:  Pak pak cache file ../../../../../../Users/Aromas197/Documents/Unreal Projects/OnesAndZeroes/DerivedDataCache/DDC.ddp not found, will not use a pak cache.
[2018.04.08-19.16.17:158][  0]LogDerivedDataCache: Unable to find inner node Pak for hierarchical cache Hierarchy.
[2018.04.08-19.16.17:158][  0]LogDerivedDataCache: FDerivedDataBackendGraph:  CompressedPak pak cache file ../../../../../../Users/Aromas197/Documents/Unreal Projects/OnesAndZeroes/DerivedDataCache/Compressed.ddp not found, will not use a pak cache.
[2018.04.08-19.16.17:158][  0]LogDerivedDataCache: Unable to find inner node CompressedPak for hierarchical cache Hierarchy.
[2018.04.08-19.16.17:183][  0]LogDerivedDataCache: Display: Pak cache opened for reading ../../../Engine/DerivedDataCache/Compressed.ddp.
[2018.04.08-19.16.17:195][  0]LogDerivedDataCache: Using Local data cache path C:/Users/Aromas197/AppData/Local/UnrealEngine/Common/DerivedDataCache: Writable
[2018.04.08-19.16.17:212][  0]LogMaterial: Verifying Global Shaders for PCD3D_SM5
[2018.04.08-19.16.17:212][  0]LogSlate: Using Freetype 2.6.0
[2018.04.08-19.16.17:213][  0]LogSlate: SlateFontCache - WITH_FREETYPE: 1, WITH_HARFBUZZ: 1
[2018.04.08-19.16.17:213][  0]LogSlate: SlateFontCache - WITH_FREETYPE: 1, WITH_HARFBUZZ: 1
[2018.04.08-19.16.17:757][  0]LogInit: Selected Device Profile: [Windows]
[2018.04.08-19.16.18:209][  0]LogSimplygon: Simplygon DLL not present - disabling.
[2018.04.08-19.16.18:265][  0]LogMeshReduction: Using SimplygonSwarm for distributed automatic mesh merging
[2018.04.08-19.16.18:265][  0]LogMeshReduction: Using QuadricMeshReduction for automatic static mesh reduction
[2018.04.08-19.16.18:265][  0]LogMeshReduction: No automatic skeletal mesh reduction module available
[2018.04.08-19.16.18:265][  0]LogMeshReduction: No automatic mesh merging module available
[2018.04.08-19.16.18:265][  0]LogMeshMerging: No automatic mesh merging module available
[2018.04.08-19.16.18:305][  0]LogNetVersion: OnesAndZeroes , NetCL: 3709383, EngineNetVer: 2, GameNetVer: 0 (Checksum: 2050565256)
[2018.04.08-19.16.18:542][  0]LogAssetRegistry: FAssetRegistry took 0.0269 seconds to start up
[2018.04.08-19.16.19:277][  0]LogPackageLocalizationCache: Processed 7 localized package path(s) for 2 prioritized culture(s) in 0.075653 seconds
[2018.04.08-19.16.19:284][  0]LogUObjectArray: 35870 objects as part of root set at end of initial load.
[2018.04.08-19.16.19:284][  0]LogUObjectAllocator: 7363704 out of 0 bytes used by permanent object pool.
[2018.04.08-19.16.19:284][  0]LogUObjectArray: CloseDisregardForGC: 0/0 objects in disregard for GC pool
[2018.04.08-19.16.19:346][  0]LogInit: WinSock: version 1.1 (2.2), MaxSocks=32767, MaxUdp=65467
[2018.04.08-19.16.23:200][  0]LogTcpMessaging: Initializing TcpMessaging bridge
[2018.04.08-19.16.23:249][  0]LogUdpMessaging: Initializing bridge on interface 0.0.0.0:0 to multicast group 230.0.0.1:6666.
[2018.04.08-19.16.24:157][  0]LogMaterial: Uniform references updated for custom material expression Custom.
[2018.04.08-19.16.24:735][  0]SourceControl: Source control is disabled
[2018.04.08-19.16.24:735][  0]SourceControl: Source control is disabled
[2018.04.08-19.16.24:802][  0]SourceControl: Source control is disabled
[2018.04.08-19.16.24:871][  0]SourceControl: Source control is disabled
[2018.04.08-19.16.25:982][  0]LogAndroidPermission: UAndroidPermissionCallbackProxy::GetInstance
[2018.04.08-19.16.26:330][  0]LogOcInput: OculusInput pre-init called
[2018.04.08-19.16.26:718][  0]LogEngine: Initializing Engine...
[2018.04.08-19.16.26:722][  0]LogHMD: Failed to initialize OpenVR with code 100
[2018.04.08-19.16.27:082][  0]LogStats: UGameplayTagsManager::ConstructGameplayTagTree: Construct from data asset -  0.000 s
[2018.04.08-19.16.27:082][  0]LogStats: UGameplayTagsManager::ConstructGameplayTagTree: GameplayTagTreeChangedEvent.Broadcast -  0.000 s
[2018.04.08-19.16.27:376][  0]LogAIModule: Creating AISystem for world Untitled
[2018.04.08-19.16.27:396][  0]LogInit: XAudio2 using 'Speakers / Headphones (Realtek High Definition Audio)' : 2 channels at 48 kHz using 32 bits per sample (channel mask 0x3)
[2018.04.08-19.16.27:405][  0]LogInit: FAudioDevice initialized.
[2018.04.08-19.16.28:013][  0]LogDerivedDataCache: Saved boot cache 0.61s 78MB C:/Users/Aromas197/AppData/Local/UnrealEngine/4.18/DerivedDataCache/Boot.ddc.
[2018.04.08-19.16.28:027][  0]LogInit: Texture streaming: Enabled
[2018.04.08-19.16.28:146][  0]LogEngineSessionManager: EngineSessionManager initialized
[2018.04.08-19.16.28:324][  0]LogInit: Transaction tracking system initialized
[2018.04.08-19.16.28:744][  0]BlueprintLog: New page: Editor Load
[2018.04.08-19.16.30:085][  0]LocalizationService: Localization service is disabled
[2018.04.08-19.16.31:142][  0]LogConsoleResponse: Display: 
[2018.04.08-19.16.31:405][  0]LogCook: Display: Max memory allowance for cook 16384mb min free memory 0mb
[2018.04.08-19.16.31:405][  0]LogCook: Display: Mobile HDR setting 1
[2018.04.08-19.16.31:405][  0]LogGameplayTags: Display: UGameplayTagsManager::DoneAddingNativeTags. DelegateIsBound: 0
[2018.04.08-19.16.31:873][  0]LogFileCache: Scanning file cache for directory 'C:/Users/Aromas197/Documents/Unreal Projects/OnesAndZeroes/Content/' took 0.01s
[2018.04.08-19.16.33:023][  0]SourceControl: Source control is disabled
[2018.04.08-19.16.33:023][  0]Cmd: MAP LOAD FILE="../../../../../../Users/Aromas197/Documents/Unreal Projects/OnesAndZeroes/Content/2DSideScrollerBP/Maps/2DSideScrollerExampleMap.umap" TEMPLATE=0 SHOWPROGRESS=1 FEATURELEVEL=3
[2018.04.08-19.16.33:023][  0]LightingResults: New page: Lighting Build
[2018.04.08-19.16.33:088][  0]MapCheck: New page: Map Check
[2018.04.08-19.16.33:088][  0]LightingResults: New page: Lighting Build
[2018.04.08-19.16.33:802][  0]LogTexture: Display: Building textures: Door_Closed_ (BGRA8, 640X120)
[2018.04.08-19.16.33:802][  0]LogTexture: Display: Building textures: Door_Open_ (BGRA8, 640X120)
[2018.04.08-19.16.34:115][  0]LogTexture: Display: Building textures: Platform (BGRA8, 1024X768)
[2018.04.08-19.16.34:115][  0]LogTexture: Display: Building textures: Background (BGRA8, 512X512)
[2018.04.08-19.16.34:237][  0]LogAIModule: Creating AISystem for world 2DSideScrollerExampleMap
[2018.04.08-19.16.34:450][  0]LogEditorServer: Finished looking for orphan Actors (0.000 secs)
[2018.04.08-19.16.34:471][  0]Cmd: MAP CHECKDEP NOCLEARLOG
[2018.04.08-19.16.34:546][  0]MapCheck: Map check complete: 0 Error(s), 0 Warning(s), took 74.233ms to complete.
[2018.04.08-19.16.34:546][  0]LogFileHelpers: Loading map '2DSideScrollerExampleMap' took 1.523
[2018.04.08-19.16.34:889][  0]LogCollectionManager: Loaded 0 collections in 0.001432 seconds
[2018.04.08-19.16.35:122][  0]LogFileCache: Scanning file cache for directory 'C:/Users/Aromas197/Documents/Unreal Projects/OnesAndZeroes/Saved/Collections/' took 0.01s
[2018.04.08-19.16.35:122][  0]LogFileCache: Scanning file cache for directory 'C:/Users/Aromas197/Documents/Unreal Projects/OnesAndZeroes/Content/Developers/Aromas197/Collections/' took 0.01s
[2018.04.08-19.16.35:122][  0]LogFileCache: Scanning file cache for directory 'C:/Users/Aromas197/Documents/Unreal Projects/OnesAndZeroes/Content/Collections/' took 0.01s
[2018.04.08-19.16.35:123][  0]LogCollectionManager: Rebuilt the GUID cache for 0 collections in 0.000000 seconds
[2018.04.08-19.16.35:160][  0]LogContentBrowser: Native class hierarchy populated in 0.0375 seconds. Added 2363 classes and 519 folders.
[2018.04.08-19.16.35:352][  0]LogContentBrowser: Native class hierarchy updated for 'WidgetCarousel' in 0.0005 seconds. Added 0 classes and 0 folders.
[2018.04.08-19.16.37:276][  0]LogContentBrowser: Native class hierarchy updated for 'AddContentDialog' in 0.0003 seconds. Added 0 classes and 0 folders.
[2018.04.08-19.16.37:342][  0]LogContentBrowser: Native class hierarchy updated for 'SceneOutliner' in 0.0004 seconds. Added 1 classes and 2 folders.
[2018.04.08-19.16.37:471][  0]LogSlate: Took 0.000200 seconds to synchronously load lazily loaded font '../../../Engine/Content/Slate/Fonts/Roboto-Regular.ttf' (155K)
[2018.04.08-19.16.37:473][  0]LogSlate: Took 0.000184 seconds to synchronously load lazily loaded font '../../../Engine/Content/Slate/Fonts/Roboto-Bold.ttf' (160K)
[2018.04.08-19.16.37:516][  0]LogSlate: Took 0.035546 seconds to synchronously load lazily loaded font '../../../Engine/Content/Editor/Slate/Fonts/FontAwesome.ttf' (139K)
[2018.04.08-19.16.37:696][  0]LogRenderer: Reallocating scene render targets to support 964x436 Format 10 NumSamples 1 (Frame:1).
[2018.04.08-19.16.38:123][  0]LogContentBrowser: Native class hierarchy updated for 'HierarchicalLODOutliner' in 0.0004 seconds. Added 1 classes and 2 folders.
[2018.04.08-19.16.38:123][  0]LogLoad: (Engine Initialization) Total time: 29.28 seconds
[2018.04.08-19.16.38:123][  0]LogLoad: (Engine Initialization) Total Blueprint compile time: 0.00 seconds
[2018.04.08-19.16.38:123][  0]LogExternalProfiler: Found external profiler: VSPerf
[2018.04.08-19.16.38:123][  0]LogExternalProfiler: Using external profiler: VSPerf
[2018.04.08-19.16.38:480][  0]LogContentStreaming: Texture pool size now 1000 MB
[2018.04.08-19.16.38:554][  0]LogSlate: Took 0.023767 seconds to synchronously load lazily loaded font '../../../Engine/Content/Slate/Fonts/Roboto-Light.ttf' (159K)
[2018.04.08-19.16.38:809][  1]LogAssetRegistry: Asset discovery search completed in 20.2864 seconds
[2018.04.08-19.16.38:812][  1]LogCollectionManager: Rebuilt the object cache for 0 collections in 0.000000 seconds (found 0 objects)
[2018.04.08-19.16.38:812][  1]LogCollectionManager: Fixed up redirectors for 0 collections in 0.000066 seconds (updated 0 objects)
[2018.04.08-19.16.56:387][255]LogTemp: Repeating last play command: New Editor Window (PIE)
[2018.04.08-19.16.56:477][255]LogBlueprintUserMessages: Early PlayInEditor Detection: Level '/Game/2DSideScrollerBP/Maps/2DSideScrollerExampleMap.2DSideScrollerExampleMap:PersistentLevel' has LevelScriptBlueprint '/Game/2DSideScrollerBP/Maps/2DSideScrollerExampleMap.2DSideScrollerExampleMap:PersistentLevel.2DSideScrollerExampleMap' with GeneratedClass '/Game/2DSideScrollerBP/Maps/2DSideScrollerExampleMap.2DSideScrollerExampleMap_C' with ClassGeneratedBy '/Game/2DSideScrollerBP/Maps/2DSideScrollerExampleMap.2DSideScrollerExampleMap:PersistentLevel.2DSideScrollerExampleMap'
[2018.04.08-19.16.56:477][255]LogPlayLevel: PlayLevel: No blueprints needed recompiling
[2018.04.08-19.16.56:510][255]PIE: New page: PIE session: 2DSideScrollerExampleMap (Apr 8, 2018, 5:16:56 AM)
[2018.04.08-19.16.56:510][255]LogPlayLevel: Creating play world package: /Game/2DSideScrollerBP/Maps/UEDPIE_0_2DSideScrollerExampleMap
[2018.04.08-19.16.56:524][255]LogPlayLevel: PIE: StaticDuplicateObject took: (0.014218s)
[2018.04.08-19.16.56:525][255]LogAIModule: Creating AISystem for world 2DSideScrollerExampleMap
[2018.04.08-19.16.56:525][255]LogPlayLevel: PIE: World Init took: (0.000790s)
[2018.04.08-19.16.56:525][255]LogPlayLevel: PIE: Created PIE world by copying editor world from /Game/2DSideScrollerBP/Maps/2DSideScrollerExampleMap.2DSideScrollerExampleMap to /Game/2DSideScrollerBP/Maps/UEDPIE_0_2DSideScrollerExampleMap.2DSideScrollerExampleMap (0.015320s)
[2018.04.08-19.16.56:546][255]LogInit: XAudio2 using 'Speakers / Headphones (Realtek High Definition Audio)' : 2 channels at 48 kHz using 32 bits per sample (channel mask 0x3)
[2018.04.08-19.16.56:551][255]LogInit: FAudioDevice initialized.
[2018.04.08-19.16.56:669][255]LogLoad: Game class is '2DSideScrollerGameMode_C'
[2018.04.08-19.16.56:691][255]LogWorld: Bringing World /Game/2DSideScrollerBP/Maps/UEDPIE_0_2DSideScrollerExampleMap.2DSideScrollerExampleMap up for play (max tick rate 60) at 2018.04.08-12.16.56
[2018.04.08-19.16.56:702][255]LogWorld: Bringing up level for play took: 0.030499
[2018.04.08-19.16.56:765][255]LogContentBrowser: Native class hierarchy updated for 'MovieSceneCapture' in 0.0008 seconds. Added 11 classes and 0 folders.
[2018.04.08-19.16.56:786][255]PIE: Play in editor start time for /Game/2DSideScrollerBP/Maps/UEDPIE_0_2DSideScrollerExampleMap 1.205
[2018.04.08-19.16.56:787][255]LogBlueprintUserMessages: Late PlayInEditor Detection: Level '/Game/2DSideScrollerBP/Maps/2DSideScrollerExampleMap.2DSideScrollerExampleMap:PersistentLevel' has LevelScriptBlueprint '/Game/2DSideScrollerBP/Maps/2DSideScrollerExampleMap.2DSideScrollerExampleMap:PersistentLevel.2DSideScrollerExampleMap' with GeneratedClass '/Game/2DSideScrollerBP/Maps/2DSideScrollerExampleMap.2DSideScrollerExampleMap_C' with ClassGeneratedBy '/Game/2DSideScrollerBP/Maps/2DSideScrollerExampleMap.2DSideScrollerExampleMap:PersistentLevel.2DSideScrollerExampleMap'
[2018.04.08-19.16.56:819][255]LogRenderer: Reallocating scene render targets to support 1024x576 Format 10 NumSamples 1 (Frame:1).
[2018.04.08-19.17.36:547][295]LogBlueprintUserMessages: Early EndPlayMap Detection: Level '/Game/2DSideScrollerBP/Maps/2DSideScrollerExampleMap.2DSideScrollerExampleMap:PersistentLevel' has LevelScriptBlueprint '/Game/2DSideScrollerBP/Maps/2DSideScrollerExampleMap.2DSideScrollerExampleMap:PersistentLevel.2DSideScrollerExampleMap' with GeneratedClass '/Game/2DSideScrollerBP/Maps/2DSideScrollerExampleMap.2DSideScrollerExampleMap_C' with ClassGeneratedBy '/Game/2DSideScrollerBP/Maps/2DSideScrollerExampleMap.2DSideScrollerExampleMap:PersistentLevel.2DSideScrollerExampleMap'
[2018.04.08-19.17.36:610][295]LogBlueprintUserMessages: Late EndPlayMap Detection: Level '/Game/2DSideScrollerBP/Maps/2DSideScrollerExampleMap.2DSideScrollerExampleMap:PersistentLevel' has LevelScriptBlueprint '/Game/2DSideScrollerBP/Maps/2DSideScrollerExampleMap.2DSideScrollerExampleMap:PersistentLevel.2DSideScrollerExampleMap' with GeneratedClass '/Game/2DSideScrollerBP/Maps/2DSideScrollerExampleMap.2DSideScrollerExampleMap_C' with ClassGeneratedBy '/Game/2DSideScrollerBP/Maps/2DSideScrollerExampleMap.2DSideScrollerExampleMap:PersistentLevel.2DSideScrollerExampleMap'
[2018.04.08-19.17.39:337][448]LogSlate: Took 0.000251 seconds to synchronously load lazily loaded font '../../../Engine/Content/Slate/Fonts/Roboto-Light.ttf' (159K)
[2018.04.08-19.17.39:704][448]LogSavePackage: Save=270.54ms
[2018.04.08-19.17.39:704][448]LogSavePackage: Moving '../../../../../../Users/Aromas197/Documents/Unreal Projects/OnesAndZeroes/Saved/2DSideScrollerExampleMap417311584C5DF653E3F941A9E8C4079D.tmp' to '../../../../../../Users/Aromas197/Documents/Unreal Projects/OnesAndZeroes/Content/2DSideScrollerBP/Maps/2DSideScrollerExampleMap.umap'
[2018.04.08-19.17.39:709][448]LogSavePackage: Display: Finished SavePackage ../../../../../../Users/Aromas197/Documents/Unreal Projects/OnesAndZeroes/Content/2DSideScrollerBP/Maps/2DSideScrollerExampleMap.umap
[2018.04.08-19.17.39:784][448]LogSavePackage: Save=2.00ms
[2018.04.08-19.17.39:785][448]LogSavePackage: Moving '../../../../../../Users/Aromas197/Documents/Unreal Projects/OnesAndZeroes/Saved/2DSideScrollerExampleMap_BuiltDaA2E9BCB14E484E9CBC98CCB2FAA5539E.tmp' to '../../../../../../Users/Aromas197/Documents/Unreal Projects/OnesAndZeroes/Content/2DSideScrollerBP/Maps/2DSideScrollerExampleMap_BuiltData.uasset'
[2018.04.08-19.17.39:786][448]LogSavePackage: Display: Finished SavePackage ../../../../../../Users/Aromas197/Documents/Unreal Projects/OnesAndZeroes/Content/2DSideScrollerBP/Maps/2DSideScrollerExampleMap_BuiltData.uasset
