Log file open, 05/21/18 21:36:20
LogWindows: Failed to load 'aqProf.dll' (GetLastError=126)
LogWindows: File 'aqProf.dll' does not exist
LogWindows: Failed to load 'VSPerf140.dll' (GetLastError=126)
LogWindows: File 'VSPerf140.dll' does not exist
LogWindows: Failed to load 'VtuneApi.dll' (GetLastError=126)
LogWindows: File 'VtuneApi.dll' does not exist
LogWindows: Failed to load 'VtuneApi32e.dll' (GetLastError=126)
LogWindows: File 'VtuneApi32e.dll' does not exist
LogInit: Display: Running engine for game: OnesAndZeroes
LogPlatformFile: Not using cached read wrapper
LogInit: Display: RandInit(1525289444) SRandInit(1525289444).
LogInit: Read version file with build ID '3709383'
LogInit: Overriding engine version to CL 3832480, compatible CL 3709383
LogInit: Registered custom module enumerator with build ID '3709383'
LogTaskGraph: Started task graph with 5 named threads and 20 total threads with 3 sets of task threads.
LogStats: Stats thread started at 2.038593
LogD3D11RHI: Aftermath initialized
LogModuleManager: Display: Found up-to-date module file ../../../Engine/Plugins/2D/Paper2D/Binaries/Win64/UE4Editor-Paper2D.dll (API version 3709383).
LogModuleManager: Display: Found up-to-date module file ../../../Engine/Plugins/2D/Paper2D/Binaries/Win64/UE4Editor-Paper2DEditor.dll (API version 3709383).
LogModuleManager: Display: Found up-to-date module file ../../../Engine/Plugins/2D/Paper2D/Binaries/Win64/UE4Editor-PaperSpriteSheetImporter.dll (API version 3709383).
LogModuleManager: Display: Found up-to-date module file ../../../Engine/Plugins/2D/Paper2D/Binaries/Win64/UE4Editor-PaperTiledImporter.dll (API version 3709383).
LogModuleManager: Display: Found up-to-date module file ../../../Engine/Plugins/2D/Paper2D/Binaries/Win64/UE4Editor-SmartSnapping.dll (API version 3709383).
LogModuleManager: Display: Found up-to-date module file ../../../Engine/Plugins/Blendables/LightPropagationVolume/Binaries/Win64/UE4Editor-LightPropagationVolumeRuntime.dll (API version 3709383).
LogModuleManager: Display: Found up-to-date module file ../../../Engine/Plugins/Blendables/LightPropagationVolume/Binaries/Win64/UE4Editor-LightPropagationVolumeEditor.dll (API version 3709383).
LogModuleManager: Display: Found up-to-date module file ../../../Engine/Plugins/Developer/GitSourceControl/Binaries/Win64/UE4Editor-GitSourceControl.dll (API version 3709383).
LogModuleManager: Display: Found up-to-date module file ../../../Engine/Plugins/Developer/PerforceSourceControl/Binaries/Win64/UE4Editor-PerforceSourceControl.dll (API version 3709383).
LogModuleManager: Display: Found up-to-date module file ../../../Engine/Plugins/Developer/SubversionSourceControl/Binaries/Win64/UE4Editor-SubversionSourceControl.dll (API version 3709383).
LogModuleManager: Display: Found up-to-date module file ../../../Engine/Plugins/Developer/UObjectPlugin/Binaries/Win64/UE4Editor-UObjectPlugin.dll (API version 3709383).
LogModuleManager: Display: Found up-to-date module file ../../../Engine/Plugins/Developer/VisualStudioCodeSourceCodeAccess/Binaries/Win64/UE4Editor-VisualStudioCodeSourceCodeAccess.dll (API version 3709383).
LogModuleManager: Display: Found up-to-date module file ../../../Engine/Plugins/Developer/VisualStudioSourceCodeAccess/Binaries/Win64/UE4Editor-VisualStudioSourceCodeAccess.dll (API version 3709383).
LogModuleManager: Display: Found up-to-date module file ../../../Engine/Plugins/Editor/AssetManagerEditor/Binaries/Win64/UE4Editor-AssetManagerEditor.dll (API version 3709383).
LogModuleManager: Display: Found up-to-date module file ../../../Engine/Plugins/Editor/AudioCapture/Binaries/Win64/UE4Editor-AudioCapture.dll (API version 3709383).
LogModuleManager: Display: Found up-to-date module file ../../../Engine/Plugins/Editor/FacialAnimation/Binaries/Win64/UE4Editor-FacialAnimation.dll (API version 3709383).
LogModuleManager: Display: Found up-to-date module file ../../../Engine/Plugins/Editor/FacialAnimation/Binaries/Win64/UE4Editor-FacialAnimationEditor.dll (API version 3709383).
LogModuleManager: Display: Found up-to-date module file ../../../Engine/Plugins/Editor/GameplayTagsEditor/Binaries/Win64/UE4Editor-GameplayTagsEditor.dll (API version 3709383).
LogModuleManager: Display: Found up-to-date module file ../../../Engine/Plugins/Editor/MobileLauncherProfileWizard/Binaries/Win64/UE4Editor-MobileLauncherProfileWizard.dll (API version 3709383).
LogModuleManager: Display: Found up-to-date module file ../../../Engine/Plugins/Editor/PluginBrowser/Binaries/Win64/UE4Editor-PluginBrowser.dll (API version 3709383).
LogModuleManager: Display: Found up-to-date module file ../../../Engine/Plugins/Editor/SpeedTreeImporter/Binaries/Win64/UE4Editor-SpeedTreeImporter.dll (API version 3709383).
LogModuleManager: Display: Found up-to-date module file ../../../Engine/Plugins/Experimental/AlembicImporter/Binaries/Win64/UE4Editor-AlembicImporter.dll (API version 3709383).
LogModuleManager: Display: Found up-to-date module file ../../../Engine/Plugins/Experimental/AlembicImporter/Binaries/Win64/UE4Editor-AlembicLibrary.dll (API version 3709383).
LogModuleManager: Display: Found up-to-date module file ../../../Engine/Plugins/Experimental/CharacterAI/Binaries/Win64/UE4Editor-CharacterAI.dll (API version 3709383).
LogModuleManager: Display: Found up-to-date module file ../../../Engine/Plugins/Experimental/HTML5Networking/Binaries/Win64/UE4Editor-HTML5Networking.dll (API version 3709383).
LogModuleManager: Display: Found up-to-date module file ../../../Engine/Plugins/Media/AndroidMedia/Binaries/Win64/UE4Editor-AndroidMediaEditor.dll (API version 3709383).
LogModuleManager: Display: Found up-to-date module file ../../../Engine/Plugins/Media/AndroidMedia/Binaries/Win64/UE4Editor-AndroidMediaFactory.dll (API version 3709383).
LogModuleManager: Display: Found up-to-date module file ../../../Engine/Plugins/Media/AvfMedia/Binaries/Win64/UE4Editor-AvfMediaEditor.dll (API version 3709383).
LogModuleManager: Display: Found up-to-date module file ../../../Engine/Plugins/Media/AvfMedia/Binaries/Win64/UE4Editor-AvfMediaFactory.dll (API version 3709383).
LogModuleManager: Display: Found up-to-date module file ../../../Engine/Plugins/Media/AvfMedia/Binaries/Win64/UE4Editor-AvfMediaFactory.dll (API version 3709383).
LogModuleManager: Display: Found up-to-date module file ../../../Engine/Plugins/Media/ImgMedia/Binaries/Win64/UE4Editor-ImgMedia.dll (API version 3709383).
LogModuleManager: Display: Found up-to-date module file ../../../Engine/Plugins/Media/ImgMedia/Binaries/Win64/UE4Editor-ImgMediaEditor.dll (API version 3709383).
LogModuleManager: Display: Found up-to-date module file ../../../Engine/Plugins/Media/ImgMedia/Binaries/Win64/UE4Editor-ImgMediaFactory.dll (API version 3709383).
LogModuleManager: Display: Found up-to-date module file ../../../Engine/Plugins/Media/ImgMedia/Binaries/Win64/UE4Editor-ImgMediaFactory.dll (API version 3709383).
LogModuleManager: Display: Found up-to-date module file ../../../Engine/Plugins/Media/ImgMedia/Binaries/Win64/UE4Editor-OpenExrWrapper.dll (API version 3709383).
LogModuleManager: Display: Found up-to-date module file ../../../Engine/Plugins/Media/MediaCompositing/Binaries/Win64/UE4Editor-MediaCompositing.dll (API version 3709383).
LogModuleManager: Display: Found up-to-date module file ../../../Engine/Plugins/Media/MediaCompositing/Binaries/Win64/UE4Editor-MediaCompositingEditor.dll (API version 3709383).
LogModuleManager: Display: Found up-to-date module file ../../../Engine/Plugins/Media/MediaPlayerEditor/Binaries/Win64/UE4Editor-MediaPlayerEditor.dll (API version 3709383).
LogModuleManager: Display: Found up-to-date module file ../../../Engine/Plugins/Media/WmfMedia/Binaries/Win64/UE4Editor-WmfMedia.dll (API version 3709383).
LogModuleManager: Display: Found up-to-date module file ../../../Engine/Plugins/Media/WmfMedia/Binaries/Win64/UE4Editor-WmfMediaEditor.dll (API version 3709383).
LogModuleManager: Display: Found up-to-date module file ../../../Engine/Plugins/Media/WmfMedia/Binaries/Win64/UE4Editor-WmfMediaFactory.dll (API version 3709383).
LogModuleManager: Display: Found up-to-date module file ../../../Engine/Plugins/Media/WmfMedia/Binaries/Win64/UE4Editor-WmfMediaFactory.dll (API version 3709383).
LogModuleManager: Display: Found up-to-date module file ../../../Engine/Plugins/Messaging/TcpMessaging/Binaries/Win64/UE4Editor-TcpMessaging.dll (API version 3709383).
LogModuleManager: Display: Found up-to-date module file ../../../Engine/Plugins/Messaging/UdpMessaging/Binaries/Win64/UE4Editor-UdpMessaging.dll (API version 3709383).
LogModuleManager: Display: Found up-to-date module file ../../../Engine/Plugins/MovieScene/ActorSequence/Binaries/Win64/UE4Editor-ActorSequence.dll (API version 3709383).
LogModuleManager: Display: Found up-to-date module file ../../../Engine/Plugins/MovieScene/LevelSequenceEditor/Binaries/Win64/UE4Editor-LevelSequenceEditor.dll (API version 3709383).
LogModuleManager: Display: Found up-to-date module file ../../../Engine/Plugins/MovieScene/MatineeToLevelSequence/Binaries/Win64/UE4Editor-MatineeToLevelSequence.dll (API version 3709383).
LogModuleManager: Display: Found up-to-date module file ../../../Engine/Plugins/Online/OnlineSubsystem/Binaries/Win64/UE4Editor-OnlineSubsystem.dll (API version 3709383).
LogModuleManager: Display: Found up-to-date module file ../../../Engine/Plugins/Runtime/AndroidPermission/Binaries/Win64/UE4Editor-AndroidPermission.dll (API version 3709383).
LogModuleManager: Display: Found up-to-date module file ../../../Engine/Plugins/Online/OnlineSubsystemNull/Binaries/Win64/UE4Editor-OnlineSubsystemNull.dll (API version 3709383).
LogModuleManager: Display: Found up-to-date module file ../../../Engine/Plugins/Online/OnlineSubsystemUtils/Binaries/Win64/UE4Editor-OnlineSubsystemUtils.dll (API version 3709383).
LogModuleManager: Display: Found up-to-date module file ../../../Engine/Plugins/Online/OnlineSubsystemUtils/Binaries/Win64/UE4Editor-OnlineBlueprintSupport.dll (API version 3709383).
LogModuleManager: Display: Found up-to-date module file ../../../Engine/Plugins/Runtime/AndroidDeviceProfileSelector/Binaries/Win64/UE4Editor-AndroidDeviceProfileSelector.dll (API version 3709383).
LogModuleManager: Display: Found up-to-date module file ../../../Engine/Plugins/Runtime/AppleARKit/Binaries/Win64/UE4Editor-AppleARKit.dll (API version 3709383).
LogModuleManager: Display: Found up-to-date module file ../../../Engine/Plugins/Runtime/ArchVisCharacter/Binaries/Win64/UE4Editor-ArchVisCharacter.dll (API version 3709383).
LogModuleManager: Display: Found up-to-date module file ../../../Engine/Plugins/Runtime/CableComponent/Binaries/Win64/UE4Editor-CableComponent.dll (API version 3709383).
LogModuleManager: Display: Found up-to-date module file ../../../Engine/Plugins/Runtime/CustomMeshComponent/Binaries/Win64/UE4Editor-CustomMeshComponent.dll (API version 3709383).
LogModuleManager: Display: Found up-to-date module file ../../../Engine/Plugins/Runtime/ExampleDeviceProfileSelector/Binaries/Win64/UE4Editor-ExampleDeviceProfileSelector.dll (API version 3709383).
LogModuleManager: Display: Found up-to-date module file ../../../Engine/Plugins/Runtime/ImmediatePhysics/Binaries/Win64/UE4Editor-ImmediatePhysics.dll (API version 3709383).
LogModuleManager: Display: Found up-to-date module file ../../../Engine/Plugins/Runtime/ImmediatePhysics/Binaries/Win64/UE4Editor-ImmediatePhysicsEditor.dll (API version 3709383).
LogModuleManager: Display: Found up-to-date module file ../../../Engine/Plugins/Runtime/LocationServicesBPLibrary/Binaries/Win64/UE4Editor-LocationServicesBPLibrary.dll (API version 3709383).
LogModuleManager: Display: Found up-to-date module file ../../../Engine/Plugins/Runtime/MobilePatchingUtils/Binaries/Win64/UE4Editor-MobilePatchingUtils.dll (API version 3709383).
LogModuleManager: Display: Found up-to-date module file ../../../Engine/Plugins/Runtime/Oculus/OculusVR/Binaries/Win64/UE4Editor-OculusHMD.dll (API version 3709383).
LogModuleManager: Display: Found up-to-date module file ../../../Engine/Plugins/Runtime/Oculus/OculusVR/Binaries/Win64/UE4Editor-OculusInput.dll (API version 3709383).
LogModuleManager: Display: Found up-to-date module file ../../../Engine/Plugins/Runtime/Oculus/OculusVR/Binaries/Win64/UE4Editor-OculusEditor.dll (API version 3709383).
LogModuleManager: Display: Found up-to-date module file ../../../Engine/Plugins/Runtime/PhysXVehicles/Binaries/Win64/UE4Editor-PhysXVehicles.dll (API version 3709383).
LogModuleManager: Display: Found up-to-date module file ../../../Engine/Plugins/Runtime/PhysXVehicles/Binaries/Win64/UE4Editor-PhysXVehiclesEditor.dll (API version 3709383).
LogModuleManager: Display: Found up-to-date module file ../../../Engine/Plugins/Runtime/ProceduralMeshComponent/Binaries/Win64/UE4Editor-ProceduralMeshComponent.dll (API version 3709383).
LogModuleManager: Display: Found up-to-date module file ../../../Engine/Plugins/Runtime/ProceduralMeshComponent/Binaries/Win64/UE4Editor-ProceduralMeshComponentEditor.dll (API version 3709383).
LogModuleManager: Display: Found up-to-date module file ../../../Engine/Plugins/Runtime/RuntimePhysXCooking/Binaries/Win64/UE4Editor-RuntimePhysXCooking.dll (API version 3709383).
LogModuleManager: Display: Found up-to-date module file ../../../Engine/Plugins/Runtime/Steam/SteamVR/Binaries/Win64/UE4Editor-SteamVR.dll (API version 3709383).
LogModuleManager: Display: Found up-to-date module file ../../../Engine/Plugins/Runtime/Steam/SteamVR/Binaries/Win64/UE4Editor-SteamVRController.dll (API version 3709383).
LogModuleManager: Display: Found up-to-date module file ../../../Engine/Plugins/Runtime/WindowsMoviePlayer/Binaries/Win64/UE4Editor-WindowsMoviePlayer.dll (API version 3709383).
LogPluginManager: Mounting plugin Paper2D
LogPluginManager: Mounting plugin LightPropagationVolume
LogPluginManager: Mounting plugin CodeLiteSourceCodeAccess
LogPluginManager: Mounting plugin GitSourceControl
LogPluginManager: Mounting plugin KDevelopSourceCodeAccess
LogPluginManager: Mounting plugin NullSourceCodeAccess
LogPluginManager: Mounting plugin PerforceSourceControl
LogPluginManager: Mounting plugin SubversionSourceControl
LogPluginManager: Mounting plugin UObjectPlugin
LogPluginManager: Mounting plugin VisualStudioCodeSourceCodeAccess
LogPluginManager: Mounting plugin VisualStudioSourceCodeAccess
LogPluginManager: Mounting plugin XCodeSourceCodeAccess
LogPluginManager: Mounting plugin AssetManagerEditor
LogPluginManager: Mounting plugin AudioCapture
LogPluginManager: Mounting plugin FacialAnimation
LogPluginManager: Mounting plugin GameplayTagsEditor
LogPluginManager: Mounting plugin MobileLauncherProfileWizard
LogPluginManager: Mounting plugin PluginBrowser
LogPluginManager: Mounting plugin SpeedTreeImporter
LogPluginManager: Mounting plugin AlembicImporter
LogPluginManager: Mounting plugin CharacterAI
LogPluginManager: Mounting plugin HTML5Networking
LogPluginManager: Mounting plugin AndroidMedia
LogPluginManager: Mounting plugin AvfMedia
LogPluginManager: Mounting plugin ImgMedia
LogPluginManager: Mounting plugin MediaCompositing
LogPluginManager: Mounting plugin MediaPlayerEditor
LogPluginManager: Mounting plugin WmfMedia
LogPluginManager: Mounting plugin TcpMessaging
LogPluginManager: Mounting plugin UdpMessaging
LogPluginManager: Mounting plugin ActorSequence
LogPluginManager: Mounting plugin LevelSequenceEditor
LogPluginManager: Mounting plugin MatineeToLevelSequence
LogPluginManager: Mounting plugin OnlineSubsystemGooglePlay
LogPluginManager: Mounting plugin OnlineSubsystemIOS
LogPluginManager: Mounting plugin OnlineSubsystem
LogPluginManager: Mounting plugin OnlineSubsystemNull
LogPluginManager: Mounting plugin OnlineSubsystemUtils
LogPluginManager: Mounting plugin AndroidDeviceProfileSelector
LogPluginManager: Mounting plugin AndroidMoviePlayer
LogPluginManager: Mounting plugin AndroidPermission
LogPluginManager: Mounting plugin AppleARKit
LogPluginManager: Mounting plugin AppleMoviePlayer
LogPluginManager: Mounting plugin ArchVisCharacter
LogPluginManager: Mounting plugin CableComponent
LogPluginManager: Mounting plugin CustomMeshComponent
LogPluginManager: Mounting plugin ExampleDeviceProfileSelector
LogPluginManager: Mounting plugin GoogleCloudMessaging
LogPluginManager: Mounting plugin ImmediatePhysics
LogPluginManager: Mounting plugin IOSDeviceProfileSelector
LogPluginManager: Mounting plugin LinuxDeviceProfileSelector
LogPluginManager: Mounting plugin LocationServicesBPLibrary
LogPluginManager: Mounting plugin MobilePatchingUtils
LogPluginManager: Mounting plugin OculusVR
LogPluginManager: Plugin shader directory ../../../Engine/Plugins/Runtime/Oculus/OculusVR/Shaders found
LogPluginManager: Mapping shader source directory ../../../Engine/Plugins/Runtime/Oculus/OculusVR/Shaders to virtual directory /Plugin/OculusVR
LogPluginManager: Mounting plugin PhysXVehicles
LogPluginManager: Mounting plugin ProceduralMeshComponent
LogPluginManager: Mounting plugin RuntimePhysXCooking
LogPluginManager: Mounting plugin SteamVR
LogPluginManager: Mounting plugin WindowsMoviePlayer
LogInit: Using libcurl 7.47.1
LogInit:  - built for x86_64-pc-win32
LogInit:  - supports SSL with OpenSSL/1.0.2g
LogInit:  - supports HTTP deflate (compression) using libz 1.2.8
LogInit:  - other features:
LogInit:      CURL_VERSION_SSL
LogInit:      CURL_VERSION_LIBZ
LogInit:      CURL_VERSION_IPV6
LogInit:      CURL_VERSION_ASYNCHDNS
LogInit:      CURL_VERSION_LARGEFILE
LogInit:      CURL_VERSION_IDN
LogInit:  CurlRequestOptions (configurable via config and command line):
LogInit:  - bVerifyPeer = false  - Libcurl will NOT verify peer certificate
LogInit:  - bUseHttpProxy = false  - Libcurl will NOT use HTTP proxy
LogInit:  - bDontReuseConnections = false  - Libcurl will reuse connections
LogInit:  - CertBundlePath = nullptr  - Libcurl will use whatever was configured at build time.
LogInit: Build: ++UE4+Release-4.18-CL-3832480
LogInit: Engine Version: 4.18.3-3832480+++UE4+Release-4.18
LogInit: Compatible Engine Version: 4.18.0-3709383+++UE4+Release-4.18
LogInit: Net CL: 3709383
LogDevObjectVersion: Number of dev versions registered: 16
LogDevObjectVersion:   Dev-Blueprints (B0D832E4-1F89-4F0D-ACCF-7EB736FD4AA2): 10
LogDevObjectVersion:   Dev-Build (E1C64328-A22C-4D53-A36C-8E866417BD8C): 0
LogDevObjectVersion:   Dev-Core (375EC13C-06E4-48FB-B500-84F0262A717E): 2
LogDevObjectVersion:   Dev-Editor (E4B068ED-F494-42E9-A231-DA0B2E46BB41): 20
LogDevObjectVersion:   Dev-Framework (CFFC743F-43B0-4480-9391-14DF171D2073): 30
LogDevObjectVersion:   Dev-Mobile (B02B49B5-BB20-44E9-A304-32B752E40360): 0
LogDevObjectVersion:   Dev-Networking (A4E4105C-59A1-49B5-A7C5-40C4547EDFEE): 0
LogDevObjectVersion:   Dev-Online (39C831C9-5AE6-47DC-9A44-9C173E1C8E7C): 0
LogDevObjectVersion:   Dev-Physics (78F01B33-EBEA-4F98-B9B4-84EACCB95AA2): 0
LogDevObjectVersion:   Dev-Platform (6631380F-2D4D-43E0-8009-CF276956A95A): 0
LogDevObjectVersion:   Dev-Rendering (12F88B9F-8875-4AFC-A67C-D90C383ABD29): 20
LogDevObjectVersion:   Dev-Sequencer (7B5AE74C-D270-4C10-A958-57980B212A5A): 4
LogDevObjectVersion:   Dev-VR (D7296918-1DD6-4BDD-9DE2-64A83CC13884): 0
LogDevObjectVersion:   Dev-LoadTimes (C2A15278-BFE7-4AFE-6C17-90FF531DF755): 1
LogDevObjectVersion:   Private-Geometry (6EACA3D4-40EC-4CC1-B786-8BED09428FC5): 1
LogDevObjectVersion:   Dev-AnimPhys (29E575DD-E0A3-4627-9D10-D276232CDCEA): 12
LogInit: Compiled (64-bit): Jan 12 2018 02:04:55
LogInit: Compiled with Visual C++: 19.00.24215.01
LogInit: Build Configuration: Development
LogInit: Branch Name: ++UE4+Release-4.18
LogInit: Command line:  
LogInit: Base directory: C:/Program Files/Epic Games/UE_4.18/Engine/Binaries/Win64/
LogInit: Installed Engine Build: 1
LogInit: Presizing for max 8388607 objects, including 0 objects not considered by GC, pre-allocating 0 bytes for permanent pool.
LogInit: Object subsystem initialized
[2018.05.22-04.36.25:870][  0]LogInit: Selected Device Profile: [Windows]
[2018.05.22-04.36.25:870][  0]LogInit: Applying CVar settings loaded from the selected device profile: [Windows]
[2018.05.22-04.36.25:998][  0]LogInit: Computer: DESKTOP-R34HB31
[2018.05.22-04.36.25:998][  0]LogInit: User: Aromas197
[2018.05.22-04.36.25:998][  0]LogInit: CPU Page size=4096, Cores=6
[2018.05.22-04.36.25:998][  0]LogInit: High frequency timer resolution =3.119137 MHz
[2018.05.22-04.36.26:001][  0]LogMemory: Memory total: Physical=16.0GB (16GB approx)
[2018.05.22-04.36.26:001][  0]LogMemory: Platform Memory Stats for Windows
[2018.05.22-04.36.26:001][  0]LogMemory: Process Physical Memory: 273.18 MB used, 273.18 MB peak
[2018.05.22-04.36.26:001][  0]LogMemory: Process Virtual Memory: 270.26 MB used, 270.26 MB peak
[2018.05.22-04.36.26:001][  0]LogMemory: Physical Memory: 7767.41 MB used,  8569.23 MB free, 16336.63 MB total
[2018.05.22-04.36.26:001][  0]LogMemory: Virtual Memory: 4784.22 MB used,  8569.23 MB free, 134217728.00 MB total
[2018.05.22-04.36.26:870][  0]LogInit: Using OS detected language (en-US).
[2018.05.22-04.36.26:870][  0]LogInit: Using OS detected locale (en-US).
[2018.05.22-04.36.27:054][  0]LogTextLocalizationManager: No specific localization for 'en-US' exists, so the 'en' localization will be used.
[2018.05.22-04.36.27:794][  0]LogInit: Setting process to per monitor DPI aware
[2018.05.22-04.36.34:337][  0]LogD3D11RHI: D3D11 adapters:
[2018.05.22-04.36.34:436][  0]LogD3D11RHI:    0. 'NVIDIA GeForce GTX 1070' (Feature Level 11_0)
[2018.05.22-04.36.34:436][  0]LogD3D11RHI:       8096/0/8168 MB DedicatedVideo/DedicatedSystem/SharedSystem, Outputs:1, VendorId:0x10de
[2018.05.22-04.36.34:439][  0]LogD3D11RHI:    1. 'Microsoft Basic Render Driver' (Feature Level 11_0)
[2018.05.22-04.36.34:439][  0]LogD3D11RHI:       0/0/8168 MB DedicatedVideo/DedicatedSystem/SharedSystem, Outputs:0, VendorId:0x1414
[2018.05.22-04.36.34:439][  0]LogD3D11RHI: Chosen D3D11 Adapter: 0
[2018.05.22-04.36.34:448][  0]LogD3D11RHI: Creating new Direct3DDevice
[2018.05.22-04.36.34:448][  0]LogD3D11RHI:     GPU DeviceId: 0x1b81 (for the marketing name, search the web for "GPU Device Id")
[2018.05.22-04.36.34:448][  0]LogWindows: EnumDisplayDevices:
[2018.05.22-04.36.34:448][  0]LogWindows:    0. 'NVIDIA GeForce GTX 1070' (P:1 D:1)
[2018.05.22-04.36.34:474][  0]LogWindows:    1. 'NVIDIA GeForce GTX 1070' (P:0 D:0)
[2018.05.22-04.36.34:474][  0]LogWindows:    2. 'NVIDIA GeForce GTX 1070' (P:0 D:0)
[2018.05.22-04.36.34:475][  0]LogWindows:    3. 'NVIDIA GeForce GTX 1070' (P:0 D:0)
[2018.05.22-04.36.34:475][  0]LogWindows: DebugString: GetVideoDriverDetailsInvalid PrimaryIsNotTheChoosenAdapter GetVideoDriverDetailsInvalid PrimaryIsNotTheChoosenAdapter GetVideoDriverDetailsInvalid PrimaryIsNotTheChoosenAdapter GetVideoDriverDetailsInvalid PrimaryIsNotTheChoosenAdapter FoundDriverCount:0 
[2018.05.22-04.36.34:475][  0]LogD3D11RHI:     Adapter Name: NVIDIA GeForce GTX 1070
[2018.05.22-04.36.34:475][  0]LogD3D11RHI:   Driver Version: Unknown (internal:Unknown, unified:Unknown)
[2018.05.22-04.36.34:475][  0]LogD3D11RHI:      Driver Date: Unknown
[2018.05.22-04.36.34:475][  0]LogRHI: Texture pool is 5667 MB (70% of 8096 MB)
[2018.05.22-04.36.34:559][  0]LogD3D11RHI: Async texture creation enabled
[2018.05.22-04.36.34:883][  0]LogD3D11RHI: GPU Timing Frequency: 1000.000000 (Debug: 2 1)
[2018.05.22-04.36.35:042][  0]LogShaderCompilers: Guid format shader working directory is -22 characters bigger than the processId version (../../../../../../Users/Aromas197/Documents/Unreal Projects/SideScroller/Intermediate/Shaders/WorkingDirectory/3896/).
[2018.05.22-04.36.35:042][  0]LogShaderCompilers: Cleaned the shader compiler working directory 'C:/Users/Aromas197/AppData/Local/Temp/UnrealShaderWorkingDir/70436D3E44C6837854C628B686C43F3D/'.
[2018.05.22-04.36.35:056][  0]LogShaderCompilers: Display: Using Local Shader Compiler.
[2018.05.22-04.36.41:888][  0]LogTemp: Display: Loaded TP AllDesktopTargetPlatform
[2018.05.22-04.36.41:963][  0]LogTemp: Display: Loaded TP MacClientTargetPlatform
[2018.05.22-04.36.42:036][  0]LogTemp: Display: Loaded TP MacNoEditorTargetPlatform
[2018.05.22-04.36.42:112][  0]LogTemp: Display: Loaded TP MacServerTargetPlatform
[2018.05.22-04.36.42:206][  0]LogTemp: Display: Loaded TP MacTargetPlatform
[2018.05.22-04.36.42:281][  0]LogTemp: Display: Loaded TP WindowsClientTargetPlatform
[2018.05.22-04.36.42:357][  0]LogTemp: Display: Loaded TP WindowsNoEditorTargetPlatform
[2018.05.22-04.36.42:430][  0]LogTemp: Display: Loaded TP WindowsServerTargetPlatform
[2018.05.22-04.36.42:501][  0]LogTemp: Display: Loaded TP WindowsTargetPlatform
[2018.05.22-04.36.42:574][  0]LogTemp: Display: Loaded TP Android_ASTCTargetPlatform
[2018.05.22-04.36.42:649][  0]LogTemp: Display: Loaded TP Android_ATCTargetPlatform
[2018.05.22-04.36.42:729][  0]LogTemp: Display: Loaded TP Android_DXTTargetPlatform
[2018.05.22-04.36.42:808][  0]LogTemp: Display: Loaded TP Android_ETC1TargetPlatform
[2018.05.22-04.36.42:884][  0]LogTemp: Display: Loaded TP Android_ETC2TargetPlatform
[2018.05.22-04.36.43:039][  0]LogTemp: Display: Loaded TP Android_MultiTargetPlatform
[2018.05.22-04.36.43:039][  0]LogTemp: Display: Loaded TP Android_PVRTCTargetPlatform
[2018.05.22-04.36.43:143][  0]LogTemp: Display: Loaded TP AndroidTargetPlatform
[2018.05.22-04.36.43:218][  0]LogTemp: Display: Loaded TP HTML5TargetPlatform
[2018.05.22-04.36.43:378][  0]LogTemp: Display: Loaded TP IOSTargetPlatform
[2018.05.22-04.36.43:419][  0]LogTemp: Display: Loaded TP TVOSTargetPlatform
[2018.05.22-04.36.43:493][  0]LogTemp: Display: Loaded TP LinuxClientTargetPlatform
[2018.05.22-04.36.43:564][  0]LogTemp: Display: Loaded TP LinuxNoEditorTargetPlatform
[2018.05.22-04.36.43:638][  0]LogTemp: Display: Loaded TP LinuxServerTargetPlatform
[2018.05.22-04.36.43:723][  0]LogTemp: Display: Loaded TP LinuxTargetPlatform
[2018.05.22-04.36.43:723][  0]LogTargetPlatformManager: Display: Building Assets For Windows
[2018.05.22-04.36.45:043][  0]LogDerivedDataCache: Display: Max Cache Size: 512 MB
[2018.05.22-04.36.45:678][  0]LogDerivedDataCache: Loaded boot cache 0.63s 78MB C:/Users/Aromas197/AppData/Local/UnrealEngine/4.18/DerivedDataCache/Boot.ddc.
[2018.05.22-04.36.45:678][  0]LogDerivedDataCache: Display: Loaded Boot cache: C:/Users/Aromas197/AppData/Local/UnrealEngine/4.18/DerivedDataCache/Boot.ddc
[2018.05.22-04.36.45:678][  0]LogDerivedDataCache: FDerivedDataBackendGraph:  Pak pak cache file ../../../../../../Users/Aromas197/Documents/Unreal Projects/SideScroller/DerivedDataCache/DDC.ddp not found, will not use a pak cache.
[2018.05.22-04.36.45:678][  0]LogDerivedDataCache: Unable to find inner node Pak for hierarchical cache Hierarchy.
[2018.05.22-04.36.45:678][  0]LogDerivedDataCache: FDerivedDataBackendGraph:  CompressedPak pak cache file ../../../../../../Users/Aromas197/Documents/Unreal Projects/SideScroller/DerivedDataCache/Compressed.ddp not found, will not use a pak cache.
[2018.05.22-04.36.45:678][  0]LogDerivedDataCache: Unable to find inner node CompressedPak for hierarchical cache Hierarchy.
[2018.05.22-04.36.45:793][  0]LogDerivedDataCache: Display: Pak cache opened for reading ../../../Engine/DerivedDataCache/Compressed.ddp.
[2018.05.22-04.36.45:832][  0]LogDerivedDataCache: Using Local data cache path C:/Users/Aromas197/AppData/Local/UnrealEngine/Common/DerivedDataCache: Writable
[2018.05.22-04.36.46:027][  0]LogMaterial: Verifying Global Shaders for PCD3D_SM5
[2018.05.22-04.36.46:177][  0]LogSlate: Using Freetype 2.6.0
[2018.05.22-04.36.46:372][  0]LogSlate: SlateFontCache - WITH_FREETYPE: 1, WITH_HARFBUZZ: 1
[2018.05.22-04.36.46:410][  0]LogSlate: SlateFontCache - WITH_FREETYPE: 1, WITH_HARFBUZZ: 1
[2018.05.22-04.36.53:758][  0]LogInit: Selected Device Profile: [Windows]
[2018.05.22-04.36.55:847][  0]LogSimplygon: Simplygon DLL not present - disabling.
[2018.05.22-04.36.55:934][  0]LogMeshReduction: Using SimplygonSwarm for distributed automatic mesh merging
[2018.05.22-04.36.55:934][  0]LogMeshReduction: Using QuadricMeshReduction for automatic static mesh reduction
[2018.05.22-04.36.55:934][  0]LogMeshReduction: No automatic skeletal mesh reduction module available
[2018.05.22-04.36.55:934][  0]LogMeshReduction: No automatic mesh merging module available
[2018.05.22-04.36.55:934][  0]LogMeshMerging: No automatic mesh merging module available
[2018.05.22-04.36.56:632][  0]LogNetVersion: OnesAndZeroes , NetCL: 3709383, EngineNetVer: 2, GameNetVer: 0 (Checksum: 2050565256)
[2018.05.22-04.36.58:452][  0]LogAssetRegistry: FAssetRegistry took 0.0566 seconds to start up
[2018.05.22-04.37.04:440][  0]LogPackageLocalizationCache: Processed 7 localized package path(s) for 2 prioritized culture(s) in 0.167135 seconds
[2018.05.22-04.37.04:473][  0]LogUObjectArray: 35870 objects as part of root set at end of initial load.
[2018.05.22-04.37.04:473][  0]LogUObjectAllocator: 7363704 out of 0 bytes used by permanent object pool.
[2018.05.22-04.37.04:473][  0]LogUObjectArray: CloseDisregardForGC: 0/0 objects in disregard for GC pool
[2018.05.22-04.37.04:579][  0]LogInit: WinSock: version 1.1 (2.2), MaxSocks=32767, MaxUdp=65467
[2018.05.22-04.37.28:940][  0]LogTcpMessaging: Initializing TcpMessaging bridge
[2018.05.22-04.37.29:011][  0]LogUdpMessaging: Initializing bridge on interface 0.0.0.0:0 to multicast group 230.0.0.1:6666.
[2018.05.22-04.37.31:139][  0]LogMaterial: Uniform references updated for custom material expression Custom.
[2018.05.22-04.37.32:643][  0]SourceControl: Source control is disabled
[2018.05.22-04.37.32:644][  0]SourceControl: Source control is disabled
[2018.05.22-04.37.32:750][  0]SourceControl: Source control is disabled
[2018.05.22-04.37.32:874][  0]SourceControl: Source control is disabled
[2018.05.22-04.37.34:828][  0]LogAndroidPermission: UAndroidPermissionCallbackProxy::GetInstance
[2018.05.22-04.37.35:347][  0]LogOcInput: OculusInput pre-init called
[2018.05.22-04.37.36:612][  0]LogEngine: Initializing Engine...
[2018.05.22-04.37.36:709][  0]LogHMD: Failed to initialize OpenVR with code 110
[2018.05.22-04.37.37:988][  0]LogStats: UGameplayTagsManager::ConstructGameplayTagTree: Construct from data asset -  0.000 s
[2018.05.22-04.37.37:989][  0]LogStats: UGameplayTagsManager::ConstructGameplayTagTree: GameplayTagTreeChangedEvent.Broadcast -  0.000 s
[2018.05.22-04.37.38:652][  0]LogAIModule: Creating AISystem for world Untitled
[2018.05.22-04.37.38:793][  0]LogInit: XAudio2 using 'Headphones (High Definition Audio Device)' : 2 channels at 48 kHz using 16 bits per sample (channel mask 0x3)
[2018.05.22-04.37.38:811][  0]LogInit: FAudioDevice initialized.
[2018.05.22-04.37.38:990][  0]LogDerivedDataCache: Saved boot cache 0.17s 78MB C:/Users/Aromas197/AppData/Local/UnrealEngine/4.18/DerivedDataCache/Boot.ddc.
[2018.05.22-04.37.39:016][  0]LogInit: Texture streaming: Enabled
[2018.05.22-04.37.39:354][  0]LogEngineSessionManager: EngineSessionManager initialized
[2018.05.22-04.37.39:775][  0]LogInit: Transaction tracking system initialized
[2018.05.22-04.37.40:562][  0]BlueprintLog: New page: Editor Load
[2018.05.22-04.37.43:394][  0]LocalizationService: Localization service is disabled
[2018.05.22-04.37.45:377][  0]LogConsoleResponse: Display: 
[2018.05.22-04.37.49:085][  0]LogFileCache: Scanning file cache for directory 'C:/Users/Aromas197/Documents/Unreal Projects/SideScroller/Content/' took 0.04s
[2018.05.22-04.37.49:085][  0]LogCook: Display: Max memory allowance for cook 16384mb min free memory 0mb
[2018.05.22-04.37.49:085][  0]LogCook: Display: Mobile HDR setting 1
[2018.05.22-04.37.49:100][  0]LogGameplayTags: Display: UGameplayTagsManager::DoneAddingNativeTags. DelegateIsBound: 0
[2018.05.22-04.37.52:410][  0]SourceControl: Source control is disabled
[2018.05.22-04.37.52:444][  0]Cmd: MAP LOAD FILE="../../../../../../Users/Aromas197/Documents/Unreal Projects/SideScroller/Content/2DSideScrollerBP/Maps/2DSideScrollerExampleMap.umap" TEMPLATE=0 SHOWPROGRESS=1 FEATURELEVEL=3
[2018.05.22-04.37.52:513][  0]LightingResults: New page: Lighting Build
[2018.05.22-04.37.52:761][  0]MapCheck: New page: Map Check
[2018.05.22-04.37.52:761][  0]LightingResults: New page: Lighting Build
[2018.05.22-04.37.55:743][  0]LogAIModule: Creating AISystem for world 2DSideScrollerExampleMap
[2018.05.22-04.37.56:235][  0]LogEditorServer: Finished looking for orphan Actors (0.000 secs)
[2018.05.22-04.37.56:351][  0]Cmd: MAP CHECKDEP NOCLEARLOG
[2018.05.22-04.37.56:452][  0]MapCheck: Map check complete: 0 Error(s), 0 Warning(s), took 100.86ms to complete.
[2018.05.22-04.37.56:453][  0]LogFileHelpers: Loading map '2DSideScrollerExampleMap' took 4.017
[2018.05.22-04.37.58:081][  0]LogCollectionManager: Loaded 0 collections in 0.022356 seconds
[2018.05.22-04.37.58:237][  0]LogFileCache: Scanning file cache for directory 'C:/Users/Aromas197/Documents/Unreal Projects/SideScroller/Saved/Collections/' took 0.01s
[2018.05.22-04.37.58:237][  0]LogFileCache: Scanning file cache for directory 'C:/Users/Aromas197/Documents/Unreal Projects/SideScroller/Content/Developers/Aromas197/Collections/' took 0.01s
[2018.05.22-04.37.58:237][  0]LogFileCache: Scanning file cache for directory 'C:/Users/Aromas197/Documents/Unreal Projects/SideScroller/Content/Collections/' took 0.01s
[2018.05.22-04.37.58:237][  0]LogCollectionManager: Rebuilt the GUID cache for 0 collections in 0.000000 seconds
[2018.05.22-04.37.58:250][  0]LogContentBrowser: Native class hierarchy populated in 0.0117 seconds. Added 2363 classes and 519 folders.
[2018.05.22-04.37.58:468][  0]LogContentBrowser: Native class hierarchy updated for 'WidgetCarousel' in 0.0005 seconds. Added 0 classes and 0 folders.
[2018.05.22-04.38.00:257][  0]LogContentBrowser: Native class hierarchy updated for 'AddContentDialog' in 0.0005 seconds. Added 0 classes and 0 folders.
[2018.05.22-04.38.00:403][  0]LogContentBrowser: Native class hierarchy updated for 'SceneOutliner' in 0.0007 seconds. Added 1 classes and 2 folders.
[2018.05.22-04.38.00:843][  0]LogSlate: Took 0.016769 seconds to synchronously load lazily loaded font '../../../Engine/Content/Slate/Fonts/Roboto-Regular.ttf' (155K)
[2018.05.22-04.38.00:860][  0]LogSlate: Took 0.011382 seconds to synchronously load lazily loaded font '../../../Engine/Content/Slate/Fonts/Roboto-Bold.ttf' (160K)
[2018.05.22-04.38.00:943][  0]LogSlate: Took 0.021442 seconds to synchronously load lazily loaded font '../../../Engine/Content/Editor/Slate/Fonts/FontAwesome.ttf' (139K)
[2018.05.22-04.38.01:564][  0]LogRenderer: Reallocating scene render targets to support 976x576 Format 10 NumSamples 1 (Frame:1).
[2018.05.22-04.38.02:252][  0]LogContentBrowser: Native class hierarchy updated for 'HierarchicalLODOutliner' in 0.0005 seconds. Added 1 classes and 2 folders.
[2018.05.22-04.38.02:252][  0]LogLoad: (Engine Initialization) Total time: 117.71 seconds
[2018.05.22-04.38.02:252][  0]LogLoad: (Engine Initialization) Total Blueprint compile time: 0.00 seconds
[2018.05.22-04.38.02:274][  0]LogExternalProfiler: No external profilers were discovered.  External profiling features will not be available.
[2018.05.22-04.38.02:833][  0]LogContentStreaming: Texture pool size now 1000 MB
[2018.05.22-04.38.03:019][  0]LogSlate: Took 0.017481 seconds to synchronously load lazily loaded font '../../../Engine/Content/Slate/Fonts/Roboto-Light.ttf' (159K)
[2018.05.22-04.38.03:766][  3]LogAssetRegistry: Asset discovery search completed in 65.3373 seconds
[2018.05.22-04.38.03:768][  3]LogCollectionManager: Rebuilt the object cache for 0 collections in 0.000000 seconds (found 0 objects)
[2018.05.22-04.38.03:768][  3]LogCollectionManager: Fixed up redirectors for 0 collections in 0.000054 seconds (updated 0 objects)
[2018.05.22-04.38.03:796][  3]LogSlate: Took 0.000279 seconds to synchronously load lazily loaded font '../../../Engine/Content/Slate/Fonts/Roboto-Light.ttf' (159K)
[2018.05.22-04.38.04:487][  9]LogEditorViewport: Clicking on Actor (LMB): PaperFlipbookActor (Block_Speed2)
[2018.05.22-04.38.06:240][120]Cmd: SELECT NONE
[2018.05.22-04.38.07:064][198]Cmd: SELECT NONE
[2018.05.22-04.38.07:577][252]Cmd: SELECT NONE
[2018.05.22-04.38.10:001][367]LogEditorViewport: Clicking Background
[2018.05.22-04.38.11:833][467]Cmd: SELECT NONE
