Log file open, 04/01/18 18:47:31
LogWindows: Failed to load 'aqProf.dll' (GetLastError=126)
LogWindows: File 'aqProf.dll' does not exist
LogWindows: Failed to load 'VSPerf140.dll' (GetLastError=126)
LogWindows: File 'VSPerf140.dll' does not exist
LogWindows: Failed to load 'VtuneApi.dll' (GetLastError=126)
LogWindows: File 'VtuneApi.dll' does not exist
LogWindows: Failed to load 'VtuneApi32e.dll' (GetLastError=126)
LogWindows: File 'VtuneApi32e.dll' does not exist
LogInit: Display: Running engine for game: SideScroller
LogPlatformFile: Not using cached read wrapper
LogInit: Display: RandInit(1890629711) SRandInit(1890629711).
LogInit: Read version file with build ID '3709383'
LogInit: Overriding engine version to CL 3832480, compatible CL 3709383
LogInit: Registered custom module enumerator with build ID '3709383'
LogTaskGraph: Started task graph with 5 named threads and 20 total threads with 3 sets of task threads.
LogStats: Stats thread started at 0.261934
LogD3D11RHI: Aftermath initialized
LogModuleManager: Display: Found up-to-date module file ../../../Engine/Plugins/2D/Paper2D/Binaries/Win64/UE4Editor-Paper2D.dll (API version 3709383).
LogModuleManager: Display: Found up-to-date module file ../../../Engine/Plugins/2D/Paper2D/Binaries/Win64/UE4Editor-Paper2DEditor.dll (API version 3709383).
LogModuleManager: Display: Found up-to-date module file ../../../Engine/Plugins/2D/Paper2D/Binaries/Win64/UE4Editor-PaperSpriteSheetImporter.dll (API version 3709383).
LogModuleManager: Display: Found up-to-date module file ../../../Engine/Plugins/2D/Paper2D/Binaries/Win64/UE4Editor-PaperTiledImporter.dll (API version 3709383).
LogModuleManager: Display: Found up-to-date module file ../../../Engine/Plugins/2D/Paper2D/Binaries/Win64/UE4Editor-SmartSnapping.dll (API version 3709383).
LogModuleManager: Display: Found up-to-date module file ../../../Engine/Plugins/Blendables/LightPropagationVolume/Binaries/Win64/UE4Editor-LightPropagationVolumeRuntime.dll (API version 3709383).
LogModuleManager: Display: Found up-to-date module file ../../../Engine/Plugins/Blendables/LightPropagationVolume/Binaries/Win64/UE4Editor-LightPropagationVolumeEditor.dll (API version 3709383).
LogModuleManager: Display: Found up-to-date module file ../../../Engine/Plugins/Developer/GitSourceControl/Binaries/Win64/UE4Editor-GitSourceControl.dll (API version 3709383).
LogModuleManager: Display: Found up-to-date module file ../../../Engine/Plugins/Developer/PerforceSourceControl/Binaries/Win64/UE4Editor-PerforceSourceControl.dll (API version 3709383).
LogModuleManager: Display: Found up-to-date module file ../../../Engine/Plugins/Developer/SubversionSourceControl/Binaries/Win64/UE4Editor-SubversionSourceControl.dll (API version 3709383).
LogModuleManager: Display: Found up-to-date module file ../../../Engine/Plugins/Developer/UObjectPlugin/Binaries/Win64/UE4Editor-UObjectPlugin.dll (API version 3709383).
LogModuleManager: Display: Found up-to-date module file ../../../Engine/Plugins/Developer/VisualStudioCodeSourceCodeAccess/Binaries/Win64/UE4Editor-VisualStudioCodeSourceCodeAccess.dll (API version 3709383).
LogModuleManager: Display: Found up-to-date module file ../../../Engine/Plugins/Developer/VisualStudioSourceCodeAccess/Binaries/Win64/UE4Editor-VisualStudioSourceCodeAccess.dll (API version 3709383).
LogModuleManager: Display: Found up-to-date module file ../../../Engine/Plugins/Editor/AssetManagerEditor/Binaries/Win64/UE4Editor-AssetManagerEditor.dll (API version 3709383).
LogModuleManager: Display: Found up-to-date module file ../../../Engine/Plugins/Editor/AudioCapture/Binaries/Win64/UE4Editor-AudioCapture.dll (API version 3709383).
LogModuleManager: Display: Found up-to-date module file ../../../Engine/Plugins/Editor/FacialAnimation/Binaries/Win64/UE4Editor-FacialAnimation.dll (API version 3709383).
LogModuleManager: Display: Found up-to-date module file ../../../Engine/Plugins/Editor/FacialAnimation/Binaries/Win64/UE4Editor-FacialAnimationEditor.dll (API version 3709383).
LogModuleManager: Display: Found up-to-date module file ../../../Engine/Plugins/Editor/GameplayTagsEditor/Binaries/Win64/UE4Editor-GameplayTagsEditor.dll (API version 3709383).
LogModuleManager: Display: Found up-to-date module file ../../../Engine/Plugins/Editor/MobileLauncherProfileWizard/Binaries/Win64/UE4Editor-MobileLauncherProfileWizard.dll (API version 3709383).
LogModuleManager: Display: Found up-to-date module file ../../../Engine/Plugins/Editor/PluginBrowser/Binaries/Win64/UE4Editor-PluginBrowser.dll (API version 3709383).
LogModuleManager: Display: Found up-to-date module file ../../../Engine/Plugins/Editor/SpeedTreeImporter/Binaries/Win64/UE4Editor-SpeedTreeImporter.dll (API version 3709383).
LogModuleManager: Display: Found up-to-date module file ../../../Engine/Plugins/Experimental/AlembicImporter/Binaries/Win64/UE4Editor-AlembicImporter.dll (API version 3709383).
LogModuleManager: Display: Found up-to-date module file ../../../Engine/Plugins/Experimental/AlembicImporter/Binaries/Win64/UE4Editor-AlembicLibrary.dll (API version 3709383).
LogModuleManager: Display: Found up-to-date module file ../../../Engine/Plugins/Experimental/CharacterAI/Binaries/Win64/UE4Editor-CharacterAI.dll (API version 3709383).
LogModuleManager: Display: Found up-to-date module file ../../../Engine/Plugins/Experimental/HTML5Networking/Binaries/Win64/UE4Editor-HTML5Networking.dll (API version 3709383).
LogModuleManager: Display: Found up-to-date module file ../../../Engine/Plugins/Media/AndroidMedia/Binaries/Win64/UE4Editor-AndroidMediaEditor.dll (API version 3709383).
LogModuleManager: Display: Found up-to-date module file ../../../Engine/Plugins/Media/AndroidMedia/Binaries/Win64/UE4Editor-AndroidMediaFactory.dll (API version 3709383).
LogModuleManager: Display: Found up-to-date module file ../../../Engine/Plugins/Media/AvfMedia/Binaries/Win64/UE4Editor-AvfMediaEditor.dll (API version 3709383).
LogModuleManager: Display: Found up-to-date module file ../../../Engine/Plugins/Media/AvfMedia/Binaries/Win64/UE4Editor-AvfMediaFactory.dll (API version 3709383).
LogModuleManager: Display: Found up-to-date module file ../../../Engine/Plugins/Media/AvfMedia/Binaries/Win64/UE4Editor-AvfMediaFactory.dll (API version 3709383).
LogModuleManager: Display: Found up-to-date module file ../../../Engine/Plugins/Media/ImgMedia/Binaries/Win64/UE4Editor-ImgMedia.dll (API version 3709383).
LogModuleManager: Display: Found up-to-date module file ../../../Engine/Plugins/Media/ImgMedia/Binaries/Win64/UE4Editor-ImgMediaEditor.dll (API version 3709383).
LogModuleManager: Display: Found up-to-date module file ../../../Engine/Plugins/Media/ImgMedia/Binaries/Win64/UE4Editor-ImgMediaFactory.dll (API version 3709383).
LogModuleManager: Display: Found up-to-date module file ../../../Engine/Plugins/Media/ImgMedia/Binaries/Win64/UE4Editor-ImgMediaFactory.dll (API version 3709383).
LogModuleManager: Display: Found up-to-date module file ../../../Engine/Plugins/Media/ImgMedia/Binaries/Win64/UE4Editor-OpenExrWrapper.dll (API version 3709383).
LogModuleManager: Display: Found up-to-date module file ../../../Engine/Plugins/Media/MediaCompositing/Binaries/Win64/UE4Editor-MediaCompositing.dll (API version 3709383).
LogModuleManager: Display: Found up-to-date module file ../../../Engine/Plugins/Media/MediaCompositing/Binaries/Win64/UE4Editor-MediaCompositingEditor.dll (API version 3709383).
LogModuleManager: Display: Found up-to-date module file ../../../Engine/Plugins/Media/MediaPlayerEditor/Binaries/Win64/UE4Editor-MediaPlayerEditor.dll (API version 3709383).
LogModuleManager: Display: Found up-to-date module file ../../../Engine/Plugins/Media/WmfMedia/Binaries/Win64/UE4Editor-WmfMedia.dll (API version 3709383).
LogModuleManager: Display: Found up-to-date module file ../../../Engine/Plugins/Media/WmfMedia/Binaries/Win64/UE4Editor-WmfMediaEditor.dll (API version 3709383).
LogModuleManager: Display: Found up-to-date module file ../../../Engine/Plugins/Media/WmfMedia/Binaries/Win64/UE4Editor-WmfMediaFactory.dll (API version 3709383).
LogModuleManager: Display: Found up-to-date module file ../../../Engine/Plugins/Media/WmfMedia/Binaries/Win64/UE4Editor-WmfMediaFactory.dll (API version 3709383).
LogModuleManager: Display: Found up-to-date module file ../../../Engine/Plugins/Messaging/TcpMessaging/Binaries/Win64/UE4Editor-TcpMessaging.dll (API version 3709383).
LogModuleManager: Display: Found up-to-date module file ../../../Engine/Plugins/Messaging/UdpMessaging/Binaries/Win64/UE4Editor-UdpMessaging.dll (API version 3709383).
LogModuleManager: Display: Found up-to-date module file ../../../Engine/Plugins/MovieScene/ActorSequence/Binaries/Win64/UE4Editor-ActorSequence.dll (API version 3709383).
LogModuleManager: Display: Found up-to-date module file ../../../Engine/Plugins/MovieScene/LevelSequenceEditor/Binaries/Win64/UE4Editor-LevelSequenceEditor.dll (API version 3709383).
LogModuleManager: Display: Found up-to-date module file ../../../Engine/Plugins/MovieScene/MatineeToLevelSequence/Binaries/Win64/UE4Editor-MatineeToLevelSequence.dll (API version 3709383).
LogModuleManager: Display: Found up-to-date module file ../../../Engine/Plugins/Online/OnlineSubsystem/Binaries/Win64/UE4Editor-OnlineSubsystem.dll (API version 3709383).
LogModuleManager: Display: Found up-to-date module file ../../../Engine/Plugins/Runtime/AndroidPermission/Binaries/Win64/UE4Editor-AndroidPermission.dll (API version 3709383).
LogModuleManager: Display: Found up-to-date module file ../../../Engine/Plugins/Online/OnlineSubsystemNull/Binaries/Win64/UE4Editor-OnlineSubsystemNull.dll (API version 3709383).
LogModuleManager: Display: Found up-to-date module file ../../../Engine/Plugins/Online/OnlineSubsystemUtils/Binaries/Win64/UE4Editor-OnlineSubsystemUtils.dll (API version 3709383).
LogModuleManager: Display: Found up-to-date module file ../../../Engine/Plugins/Online/OnlineSubsystemUtils/Binaries/Win64/UE4Editor-OnlineBlueprintSupport.dll (API version 3709383).
LogModuleManager: Display: Found up-to-date module file ../../../Engine/Plugins/Runtime/AndroidDeviceProfileSelector/Binaries/Win64/UE4Editor-AndroidDeviceProfileSelector.dll (API version 3709383).
LogModuleManager: Display: Found up-to-date module file ../../../Engine/Plugins/Runtime/AppleARKit/Binaries/Win64/UE4Editor-AppleARKit.dll (API version 3709383).
LogModuleManager: Display: Found up-to-date module file ../../../Engine/Plugins/Runtime/ArchVisCharacter/Binaries/Win64/UE4Editor-ArchVisCharacter.dll (API version 3709383).
LogModuleManager: Display: Found up-to-date module file ../../../Engine/Plugins/Runtime/CableComponent/Binaries/Win64/UE4Editor-CableComponent.dll (API version 3709383).
LogModuleManager: Display: Found up-to-date module file ../../../Engine/Plugins/Runtime/CustomMeshComponent/Binaries/Win64/UE4Editor-CustomMeshComponent.dll (API version 3709383).
LogModuleManager: Display: Found up-to-date module file ../../../Engine/Plugins/Runtime/ExampleDeviceProfileSelector/Binaries/Win64/UE4Editor-ExampleDeviceProfileSelector.dll (API version 3709383).
LogModuleManager: Display: Found up-to-date module file ../../../Engine/Plugins/Runtime/ImmediatePhysics/Binaries/Win64/UE4Editor-ImmediatePhysics.dll (API version 3709383).
LogModuleManager: Display: Found up-to-date module file ../../../Engine/Plugins/Runtime/ImmediatePhysics/Binaries/Win64/UE4Editor-ImmediatePhysicsEditor.dll (API version 3709383).
LogModuleManager: Display: Found up-to-date module file ../../../Engine/Plugins/Runtime/LocationServicesBPLibrary/Binaries/Win64/UE4Editor-LocationServicesBPLibrary.dll (API version 3709383).
LogModuleManager: Display: Found up-to-date module file ../../../Engine/Plugins/Runtime/MobilePatchingUtils/Binaries/Win64/UE4Editor-MobilePatchingUtils.dll (API version 3709383).
LogModuleManager: Display: Found up-to-date module file ../../../Engine/Plugins/Runtime/Oculus/OculusVR/Binaries/Win64/UE4Editor-OculusHMD.dll (API version 3709383).
LogModuleManager: Display: Found up-to-date module file ../../../Engine/Plugins/Runtime/Oculus/OculusVR/Binaries/Win64/UE4Editor-OculusInput.dll (API version 3709383).
LogModuleManager: Display: Found up-to-date module file ../../../Engine/Plugins/Runtime/Oculus/OculusVR/Binaries/Win64/UE4Editor-OculusEditor.dll (API version 3709383).
LogModuleManager: Display: Found up-to-date module file ../../../Engine/Plugins/Runtime/PhysXVehicles/Binaries/Win64/UE4Editor-PhysXVehicles.dll (API version 3709383).
LogModuleManager: Display: Found up-to-date module file ../../../Engine/Plugins/Runtime/PhysXVehicles/Binaries/Win64/UE4Editor-PhysXVehiclesEditor.dll (API version 3709383).
LogModuleManager: Display: Found up-to-date module file ../../../Engine/Plugins/Runtime/ProceduralMeshComponent/Binaries/Win64/UE4Editor-ProceduralMeshComponent.dll (API version 3709383).
LogModuleManager: Display: Found up-to-date module file ../../../Engine/Plugins/Runtime/ProceduralMeshComponent/Binaries/Win64/UE4Editor-ProceduralMeshComponentEditor.dll (API version 3709383).
LogModuleManager: Display: Found up-to-date module file ../../../Engine/Plugins/Runtime/RuntimePhysXCooking/Binaries/Win64/UE4Editor-RuntimePhysXCooking.dll (API version 3709383).
LogModuleManager: Display: Found up-to-date module file ../../../Engine/Plugins/Runtime/Steam/SteamVR/Binaries/Win64/UE4Editor-SteamVR.dll (API version 3709383).
LogModuleManager: Display: Found up-to-date module file ../../../Engine/Plugins/Runtime/Steam/SteamVR/Binaries/Win64/UE4Editor-SteamVRController.dll (API version 3709383).
LogModuleManager: Display: Found up-to-date module file ../../../Engine/Plugins/Runtime/WindowsMoviePlayer/Binaries/Win64/UE4Editor-WindowsMoviePlayer.dll (API version 3709383).
LogPluginManager: Mounting plugin Paper2D
LogPluginManager: Mounting plugin LightPropagationVolume
LogPluginManager: Mounting plugin CodeLiteSourceCodeAccess
LogPluginManager: Mounting plugin GitSourceControl
LogPluginManager: Mounting plugin KDevelopSourceCodeAccess
LogPluginManager: Mounting plugin NullSourceCodeAccess
LogPluginManager: Mounting plugin PerforceSourceControl
LogPluginManager: Mounting plugin SubversionSourceControl
LogPluginManager: Mounting plugin UObjectPlugin
LogPluginManager: Mounting plugin VisualStudioCodeSourceCodeAccess
LogPluginManager: Mounting plugin VisualStudioSourceCodeAccess
LogPluginManager: Mounting plugin XCodeSourceCodeAccess
LogPluginManager: Mounting plugin AssetManagerEditor
LogPluginManager: Mounting plugin AudioCapture
LogPluginManager: Mounting plugin FacialAnimation
LogPluginManager: Mounting plugin GameplayTagsEditor
LogPluginManager: Mounting plugin MobileLauncherProfileWizard
LogPluginManager: Mounting plugin PluginBrowser
LogPluginManager: Mounting plugin SpeedTreeImporter
LogPluginManager: Mounting plugin AlembicImporter
LogPluginManager: Mounting plugin CharacterAI
LogPluginManager: Mounting plugin HTML5Networking
LogPluginManager: Mounting plugin AndroidMedia
LogPluginManager: Mounting plugin AvfMedia
LogPluginManager: Mounting plugin ImgMedia
LogPluginManager: Mounting plugin MediaCompositing
LogPluginManager: Mounting plugin MediaPlayerEditor
LogPluginManager: Mounting plugin WmfMedia
LogPluginManager: Mounting plugin TcpMessaging
LogPluginManager: Mounting plugin UdpMessaging
LogPluginManager: Mounting plugin ActorSequence
LogPluginManager: Mounting plugin LevelSequenceEditor
LogPluginManager: Mounting plugin MatineeToLevelSequence
LogPluginManager: Mounting plugin OnlineSubsystemGooglePlay
LogPluginManager: Mounting plugin OnlineSubsystemIOS
LogPluginManager: Mounting plugin OnlineSubsystem
LogPluginManager: Mounting plugin OnlineSubsystemNull
LogPluginManager: Mounting plugin OnlineSubsystemUtils
LogPluginManager: Mounting plugin AndroidDeviceProfileSelector
LogPluginManager: Mounting plugin AndroidMoviePlayer
LogPluginManager: Mounting plugin AndroidPermission
LogPluginManager: Mounting plugin AppleARKit
LogPluginManager: Mounting plugin AppleMoviePlayer
LogPluginManager: Mounting plugin ArchVisCharacter
LogPluginManager: Mounting plugin CableComponent
LogPluginManager: Mounting plugin CustomMeshComponent
LogPluginManager: Mounting plugin ExampleDeviceProfileSelector
LogPluginManager: Mounting plugin GoogleCloudMessaging
LogPluginManager: Mounting plugin ImmediatePhysics
LogPluginManager: Mounting plugin IOSDeviceProfileSelector
LogPluginManager: Mounting plugin LinuxDeviceProfileSelector
LogPluginManager: Mounting plugin LocationServicesBPLibrary
LogPluginManager: Mounting plugin MobilePatchingUtils
LogPluginManager: Mounting plugin OculusVR
LogPluginManager: Plugin shader directory ../../../Engine/Plugins/Runtime/Oculus/OculusVR/Shaders found
LogPluginManager: Mapping shader source directory ../../../Engine/Plugins/Runtime/Oculus/OculusVR/Shaders to virtual directory /Plugin/OculusVR
LogPluginManager: Mounting plugin PhysXVehicles
LogPluginManager: Mounting plugin ProceduralMeshComponent
LogPluginManager: Mounting plugin RuntimePhysXCooking
LogPluginManager: Mounting plugin SteamVR
LogPluginManager: Mounting plugin WindowsMoviePlayer
LogInit: Using libcurl 7.47.1
LogInit:  - built for x86_64-pc-win32
LogInit:  - supports SSL with OpenSSL/1.0.2g
LogInit:  - supports HTTP deflate (compression) using libz 1.2.8
LogInit:  - other features:
LogInit:      CURL_VERSION_SSL
LogInit:      CURL_VERSION_LIBZ
LogInit:      CURL_VERSION_IPV6
LogInit:      CURL_VERSION_ASYNCHDNS
LogInit:      CURL_VERSION_LARGEFILE
LogInit:      CURL_VERSION_IDN
LogInit:  CurlRequestOptions (configurable via config and command line):
LogInit:  - bVerifyPeer = false  - Libcurl will NOT verify peer certificate
LogInit:  - bUseHttpProxy = false  - Libcurl will NOT use HTTP proxy
LogInit:  - bDontReuseConnections = false  - Libcurl will reuse connections
LogInit:  - CertBundlePath = nullptr  - Libcurl will use whatever was configured at build time.
LogInit: Build: ++UE4+Release-4.18-CL-3832480
LogInit: Engine Version: 4.18.3-3832480+++UE4+Release-4.18
LogInit: Compatible Engine Version: 4.18.0-3709383+++UE4+Release-4.18
LogInit: Net CL: 3709383
LogDevObjectVersion: Number of dev versions registered: 16
LogDevObjectVersion:   Dev-Blueprints (B0D832E4-1F89-4F0D-ACCF-7EB736FD4AA2): 10
LogDevObjectVersion:   Dev-Build (E1C64328-A22C-4D53-A36C-8E866417BD8C): 0
LogDevObjectVersion:   Dev-Core (375EC13C-06E4-48FB-B500-84F0262A717E): 2
LogDevObjectVersion:   Dev-Editor (E4B068ED-F494-42E9-A231-DA0B2E46BB41): 20
LogDevObjectVersion:   Dev-Framework (CFFC743F-43B0-4480-9391-14DF171D2073): 30
LogDevObjectVersion:   Dev-Mobile (B02B49B5-BB20-44E9-A304-32B752E40360): 0
LogDevObjectVersion:   Dev-Networking (A4E4105C-59A1-49B5-A7C5-40C4547EDFEE): 0
LogDevObjectVersion:   Dev-Online (39C831C9-5AE6-47DC-9A44-9C173E1C8E7C): 0
LogDevObjectVersion:   Dev-Physics (78F01B33-EBEA-4F98-B9B4-84EACCB95AA2): 0
LogDevObjectVersion:   Dev-Platform (6631380F-2D4D-43E0-8009-CF276956A95A): 0
LogDevObjectVersion:   Dev-Rendering (12F88B9F-8875-4AFC-A67C-D90C383ABD29): 20
LogDevObjectVersion:   Dev-Sequencer (7B5AE74C-D270-4C10-A958-57980B212A5A): 4
LogDevObjectVersion:   Dev-VR (D7296918-1DD6-4BDD-9DE2-64A83CC13884): 0
LogDevObjectVersion:   Dev-LoadTimes (C2A15278-BFE7-4AFE-6C17-90FF531DF755): 1
LogDevObjectVersion:   Private-Geometry (6EACA3D4-40EC-4CC1-B786-8BED09428FC5): 1
LogDevObjectVersion:   Dev-AnimPhys (29E575DD-E0A3-4627-9D10-D276232CDCEA): 12
LogInit: Compiled (64-bit): Jan 12 2018 02:04:55
LogInit: Compiled with Visual C++: 19.00.24215.01
LogInit: Build Configuration: Development
LogInit: Branch Name: ++UE4+Release-4.18
LogInit: Command line: -EpicPortal 
LogInit: Base directory: C:/Program Files/Epic Games/UE_4.18/Engine/Binaries/Win64/
LogInit: Installed Engine Build: 1
LogInit: Presizing for max 8388607 objects, including 0 objects not considered by GC, pre-allocating 0 bytes for permanent pool.
LogInit: Object subsystem initialized
[2018.04.02-01.47.33:255][  0]LogInit: Selected Device Profile: [Windows]
[2018.04.02-01.47.33:256][  0]LogInit: Applying CVar settings loaded from the selected device profile: [Windows]
[2018.04.02-01.47.33:306][  0]LogInit: Computer: DESKTOP-R34HB31
[2018.04.02-01.47.33:306][  0]LogInit: User: Aromas197
[2018.04.02-01.47.33:306][  0]LogInit: CPU Page size=4096, Cores=6
[2018.04.02-01.47.33:306][  0]LogInit: High frequency timer resolution =3.119139 MHz
[2018.04.02-01.47.33:307][  0]LogMemory: Memory total: Physical=16.0GB (16GB approx)
[2018.04.02-01.47.33:307][  0]LogMemory: Platform Memory Stats for Windows
[2018.04.02-01.47.33:307][  0]LogMemory: Process Physical Memory: 276.13 MB used, 276.13 MB peak
[2018.04.02-01.47.33:307][  0]LogMemory: Process Virtual Memory: 270.22 MB used, 270.22 MB peak
[2018.04.02-01.47.33:307][  0]LogMemory: Physical Memory: 8877.04 MB used,  7459.59 MB free, 16336.63 MB total
[2018.04.02-01.47.33:307][  0]LogMemory: Virtual Memory: 688.23 MB used,  7459.59 MB free, 134217728.00 MB total
[2018.04.02-01.47.33:523][  0]LogInit: Using OS detected language (en-US).
[2018.04.02-01.47.33:523][  0]LogInit: Using OS detected locale (en-US).
[2018.04.02-01.47.33:526][  0]LogTextLocalizationManager: No specific localization for 'en-US' exists, so the 'en' localization will be used.
[2018.04.02-01.47.34:158][  0]LogInit: Setting process to per monitor DPI aware
[2018.04.02-01.47.34:483][  0]LogD3D11RHI: D3D11 adapters:
[2018.04.02-01.47.34:604][  0]LogD3D11RHI:    0. 'NVIDIA GeForce GTX 1070' (Feature Level 11_0)
[2018.04.02-01.47.34:604][  0]LogD3D11RHI:       8096/0/8168 MB DedicatedVideo/DedicatedSystem/SharedSystem, Outputs:1, VendorId:0x10de
[2018.04.02-01.47.34:607][  0]LogD3D11RHI:    1. 'Microsoft Basic Render Driver' (Feature Level 11_0)
[2018.04.02-01.47.34:607][  0]LogD3D11RHI:       0/0/8168 MB DedicatedVideo/DedicatedSystem/SharedSystem, Outputs:0, VendorId:0x1414
[2018.04.02-01.47.34:607][  0]LogD3D11RHI: Chosen D3D11 Adapter: 0
[2018.04.02-01.47.34:619][  0]LogD3D11RHI: Creating new Direct3DDevice
[2018.04.02-01.47.34:619][  0]LogD3D11RHI:     GPU DeviceId: 0x1b81 (for the marketing name, search the web for "GPU Device Id")
[2018.04.02-01.47.34:619][  0]LogWindows: EnumDisplayDevices:
[2018.04.02-01.47.34:620][  0]LogWindows:    0. 'NVIDIA GeForce GTX 1070' (P:1 D:1)
[2018.04.02-01.47.34:620][  0]LogWindows:    1. 'NVIDIA GeForce GTX 1070' (P:0 D:0)
[2018.04.02-01.47.34:620][  0]LogWindows:    2. 'NVIDIA GeForce GTX 1070' (P:0 D:0)
[2018.04.02-01.47.34:620][  0]LogWindows:    3. 'NVIDIA GeForce GTX 1070' (P:0 D:0)
[2018.04.02-01.47.34:620][  0]LogWindows: DebugString: GetVideoDriverDetailsInvalid PrimaryIsNotTheChoosenAdapter GetVideoDriverDetailsInvalid PrimaryIsNotTheChoosenAdapter GetVideoDriverDetailsInvalid PrimaryIsNotTheChoosenAdapter GetVideoDriverDetailsInvalid PrimaryIsNotTheChoosenAdapter FoundDriverCount:0 
[2018.04.02-01.47.34:620][  0]LogD3D11RHI:     Adapter Name: NVIDIA GeForce GTX 1070
[2018.04.02-01.47.34:620][  0]LogD3D11RHI:   Driver Version: Unknown (internal:Unknown, unified:Unknown)
[2018.04.02-01.47.34:620][  0]LogD3D11RHI:      Driver Date: Unknown
[2018.04.02-01.47.34:620][  0]LogRHI: Texture pool is 5667 MB (70% of 8096 MB)
[2018.04.02-01.47.34:670][  0]LogD3D11RHI: Async texture creation enabled
[2018.04.02-01.47.34:683][  0]LogD3D11RHI: GPU Timing Frequency: 1000.000000 (Debug: 2 1)
[2018.04.02-01.47.34:735][  0]LogShaderCompilers: Guid format shader working directory is -23 characters bigger than the processId version (../../../../../../Users/Aromas197/Documents/Unreal Projects/SideScroller/Intermediate/Shaders/WorkingDirectory/14904/).
[2018.04.02-01.47.34:735][  0]LogShaderCompilers: Cleaned the shader compiler working directory 'C:/Users/Aromas197/AppData/Local/Temp/UnrealShaderWorkingDir/FA80BEC042DB450F147A4F86C8D38117/'.
[2018.04.02-01.47.34:735][  0]LogShaderCompilers: Display: Using Local Shader Compiler.
[2018.04.02-01.47.35:929][  0]LogTemp: Display: Loaded TP AllDesktopTargetPlatform
[2018.04.02-01.47.36:005][  0]LogTemp: Display: Loaded TP MacClientTargetPlatform
[2018.04.02-01.47.36:078][  0]LogTemp: Display: Loaded TP MacNoEditorTargetPlatform
[2018.04.02-01.47.36:157][  0]LogTemp: Display: Loaded TP MacServerTargetPlatform
[2018.04.02-01.47.36:231][  0]LogTemp: Display: Loaded TP MacTargetPlatform
[2018.04.02-01.47.36:302][  0]LogTemp: Display: Loaded TP WindowsClientTargetPlatform
[2018.04.02-01.47.36:374][  0]LogTemp: Display: Loaded TP WindowsNoEditorTargetPlatform
[2018.04.02-01.47.36:449][  0]LogTemp: Display: Loaded TP WindowsServerTargetPlatform
[2018.04.02-01.47.36:512][  0]LogTemp: Display: Loaded TP WindowsTargetPlatform
[2018.04.02-01.47.36:583][  0]LogTemp: Display: Loaded TP Android_ASTCTargetPlatform
[2018.04.02-01.47.36:655][  0]LogTemp: Display: Loaded TP Android_ATCTargetPlatform
[2018.04.02-01.47.36:728][  0]LogTemp: Display: Loaded TP Android_DXTTargetPlatform
[2018.04.02-01.47.36:799][  0]LogTemp: Display: Loaded TP Android_ETC1TargetPlatform
[2018.04.02-01.47.36:866][  0]LogTemp: Display: Loaded TP Android_ETC2TargetPlatform
[2018.04.02-01.47.37:013][  0]LogTemp: Display: Loaded TP Android_MultiTargetPlatform
[2018.04.02-01.47.37:013][  0]LogTemp: Display: Loaded TP Android_PVRTCTargetPlatform
[2018.04.02-01.47.37:083][  0]LogTemp: Display: Loaded TP AndroidTargetPlatform
[2018.04.02-01.47.37:140][  0]LogTemp: Display: Loaded TP HTML5TargetPlatform
[2018.04.02-01.47.37:264][  0]LogTemp: Display: Loaded TP IOSTargetPlatform
[2018.04.02-01.47.37:302][  0]LogTemp: Display: Loaded TP TVOSTargetPlatform
[2018.04.02-01.47.37:371][  0]LogTemp: Display: Loaded TP LinuxClientTargetPlatform
[2018.04.02-01.47.37:451][  0]LogTemp: Display: Loaded TP LinuxNoEditorTargetPlatform
[2018.04.02-01.47.37:534][  0]LogTemp: Display: Loaded TP LinuxServerTargetPlatform
[2018.04.02-01.47.37:622][  0]LogTemp: Display: Loaded TP LinuxTargetPlatform
[2018.04.02-01.47.37:622][  0]LogTargetPlatformManager: Display: Building Assets For Windows
[2018.04.02-01.47.38:351][  0]LogDerivedDataCache: Display: Max Cache Size: 512 MB
[2018.04.02-01.47.38:448][  0]LogDerivedDataCache: Loaded boot cache 0.10s 78MB C:/Users/Aromas197/AppData/Local/UnrealEngine/4.18/DerivedDataCache/Boot.ddc.
[2018.04.02-01.47.38:448][  0]LogDerivedDataCache: Display: Loaded Boot cache: C:/Users/Aromas197/AppData/Local/UnrealEngine/4.18/DerivedDataCache/Boot.ddc
[2018.04.02-01.47.38:449][  0]LogDerivedDataCache: FDerivedDataBackendGraph:  Pak pak cache file ../../../../../../Users/Aromas197/Documents/Unreal Projects/SideScroller/DerivedDataCache/DDC.ddp not found, will not use a pak cache.
[2018.04.02-01.47.38:449][  0]LogDerivedDataCache: Unable to find inner node Pak for hierarchical cache Hierarchy.
[2018.04.02-01.47.38:449][  0]LogDerivedDataCache: FDerivedDataBackendGraph:  CompressedPak pak cache file ../../../../../../Users/Aromas197/Documents/Unreal Projects/SideScroller/DerivedDataCache/Compressed.ddp not found, will not use a pak cache.
[2018.04.02-01.47.38:449][  0]LogDerivedDataCache: Unable to find inner node CompressedPak for hierarchical cache Hierarchy.
[2018.04.02-01.47.38:476][  0]LogDerivedDataCache: Display: Pak cache opened for reading ../../../Engine/DerivedDataCache/Compressed.ddp.
[2018.04.02-01.47.38:488][  0]LogDerivedDataCache: Using Local data cache path C:/Users/Aromas197/AppData/Local/UnrealEngine/Common/DerivedDataCache: Writable
[2018.04.02-01.47.38:502][  0]LogMaterial: Verifying Global Shaders for PCD3D_SM5
[2018.04.02-01.47.38:502][  0]LogSlate: Using Freetype 2.6.0
[2018.04.02-01.47.38:503][  0]LogSlate: SlateFontCache - WITH_FREETYPE: 1, WITH_HARFBUZZ: 1
[2018.04.02-01.47.38:503][  0]LogSlate: SlateFontCache - WITH_FREETYPE: 1, WITH_HARFBUZZ: 1
[2018.04.02-01.47.38:995][  0]LogInit: Selected Device Profile: [Windows]
[2018.04.02-01.47.39:559][  0]LogSimplygon: Simplygon DLL not present - disabling.
[2018.04.02-01.47.39:660][  0]LogMeshReduction: Using SimplygonSwarm for distributed automatic mesh merging
[2018.04.02-01.47.39:660][  0]LogMeshReduction: Using QuadricMeshReduction for automatic static mesh reduction
[2018.04.02-01.47.39:660][  0]LogMeshReduction: No automatic skeletal mesh reduction module available
[2018.04.02-01.47.39:660][  0]LogMeshReduction: No automatic mesh merging module available
[2018.04.02-01.47.39:660][  0]LogMeshMerging: No automatic mesh merging module available
[2018.04.02-01.47.39:724][  0]LogNetVersion: SideScroller , NetCL: 3709383, EngineNetVer: 2, GameNetVer: 0 (Checksum: 123061163)
[2018.04.02-01.47.39:950][  0]LogAssetRegistry: FAssetRegistry took 0.0274 seconds to start up
[2018.04.02-01.47.40:861][  0]LogPackageLocalizationCache: Processed 7 localized package path(s) for 2 prioritized culture(s) in 0.330234 seconds
[2018.04.02-01.47.40:870][  0]LogUObjectArray: 35870 objects as part of root set at end of initial load.
[2018.04.02-01.47.40:870][  0]LogUObjectAllocator: 7363696 out of 0 bytes used by permanent object pool.
[2018.04.02-01.47.40:870][  0]LogUObjectArray: CloseDisregardForGC: 0/0 objects in disregard for GC pool
[2018.04.02-01.47.40:963][  0]LogInit: WinSock: version 1.1 (2.2), MaxSocks=32767, MaxUdp=65467
[2018.04.02-01.47.44:604][  0]LogTcpMessaging: Initializing TcpMessaging bridge
[2018.04.02-01.47.44:667][  0]LogUdpMessaging: Initializing bridge on interface 0.0.0.0:0 to multicast group 230.0.0.1:6666.
[2018.04.02-01.47.45:651][  0]LogMaterial: Uniform references updated for custom material expression Custom.
[2018.04.02-01.47.46:406][  0]SourceControl: Source control is disabled
[2018.04.02-01.47.46:406][  0]SourceControl: Source control is disabled
[2018.04.02-01.47.46:493][  0]SourceControl: Source control is disabled
[2018.04.02-01.47.46:573][  0]SourceControl: Source control is disabled
[2018.04.02-01.47.47:823][  0]LogAndroidPermission: UAndroidPermissionCallbackProxy::GetInstance
[2018.04.02-01.47.48:225][  0]LogOcInput: OculusInput pre-init called
[2018.04.02-01.47.48:674][  0]LogEngine: Initializing Engine...
[2018.04.02-01.47.48:680][  0]LogHMD: Failed to initialize OpenVR with code 110
[2018.04.02-01.47.48:957][  0]LogStats: UGameplayTagsManager::ConstructGameplayTagTree: Construct from data asset -  0.000 s
[2018.04.02-01.47.48:958][  0]LogStats: UGameplayTagsManager::ConstructGameplayTagTree: GameplayTagTreeChangedEvent.Broadcast -  0.000 s
[2018.04.02-01.47.49:137][  0]LogAIModule: Creating AISystem for world Untitled
[2018.04.02-01.47.49:145][  0]LogInit: XAudio2 using 'Headphones (High Definition Audio Device)' : 2 channels at 48 kHz using 16 bits per sample (channel mask 0x3)
[2018.04.02-01.47.49:157][  0]LogInit: FAudioDevice initialized.
[2018.04.02-01.47.49:350][  0]LogDerivedDataCache: Saved boot cache 0.19s 78MB C:/Users/Aromas197/AppData/Local/UnrealEngine/4.18/DerivedDataCache/Boot.ddc.
[2018.04.02-01.47.49:377][  0]LogInit: Texture streaming: Enabled
[2018.04.02-01.47.49:551][  0]LogEngineSessionManager: EngineSessionManager initialized
[2018.04.02-01.47.49:738][  0]LogInit: Transaction tracking system initialized
[2018.04.02-01.47.50:184][  0]BlueprintLog: New page: Editor Load
[2018.04.02-01.47.51:568][  0]LocalizationService: Localization service is disabled
[2018.04.02-01.47.52:736][  0]LogConsoleResponse: Display: 
[2018.04.02-01.47.53:023][  0]LogCook: Display: Max memory allowance for cook 16384mb min free memory 0mb
[2018.04.02-01.47.53:023][  0]LogCook: Display: Mobile HDR setting 1
[2018.04.02-01.47.53:023][  0]LogGameplayTags: Display: UGameplayTagsManager::DoneAddingNativeTags. DelegateIsBound: 0
[2018.04.02-01.47.53:853][  0]LogFileCache: Scanning file cache for directory 'C:/Users/Aromas197/Documents/Unreal Projects/SideScroller/Content/' took 0.02s
[2018.04.02-01.47.54:888][  0]SourceControl: Source control is disabled
[2018.04.02-01.47.54:888][  0]Cmd: MAP LOAD FILE="../../../../../../Users/Aromas197/Documents/Unreal Projects/SideScroller/Content/2DSideScrollerBP/Maps/2DSideScrollerExampleMap.umap" TEMPLATE=0 SHOWPROGRESS=1 FEATURELEVEL=3
[2018.04.02-01.47.54:889][  0]LightingResults: New page: Lighting Build
[2018.04.02-01.47.54:947][  0]MapCheck: New page: Map Check
[2018.04.02-01.47.54:947][  0]LightingResults: New page: Lighting Build
[2018.04.02-01.47.57:119][  0]LogAIModule: Creating AISystem for world 2DSideScrollerExampleMap
[2018.04.02-01.47.57:190][  0]LogEditorServer: Finished looking for orphan Actors (0.000 secs)
[2018.04.02-01.47.57:227][  0]Cmd: MAP CHECKDEP NOCLEARLOG
[2018.04.02-01.47.57:296][  0]MapCheck: Map check complete: 0 Error(s), 0 Warning(s), took 69.19ms to complete.
[2018.04.02-01.47.57:296][  0]LogFileHelpers: Loading map '2DSideScrollerExampleMap' took 2.408
[2018.04.02-01.47.57:990][  0]LogCollectionManager: Loaded 0 collections in 0.038286 seconds
[2018.04.02-01.47.58:177][  0]LogFileCache: Scanning file cache for directory 'C:/Users/Aromas197/Documents/Unreal Projects/SideScroller/Saved/Collections/' took 0.01s
[2018.04.02-01.47.58:177][  0]LogFileCache: Scanning file cache for directory 'C:/Users/Aromas197/Documents/Unreal Projects/SideScroller/Content/Developers/Aromas197/Collections/' took 0.01s
[2018.04.02-01.47.58:177][  0]LogFileCache: Scanning file cache for directory 'C:/Users/Aromas197/Documents/Unreal Projects/SideScroller/Content/Collections/' took 0.01s
[2018.04.02-01.47.58:177][  0]LogCollectionManager: Rebuilt the GUID cache for 0 collections in 0.000000 seconds
[2018.04.02-01.47.58:218][  0]LogContentBrowser: Native class hierarchy populated in 0.0232 seconds. Added 2363 classes and 519 folders.
[2018.04.02-01.47.58:450][  0]LogContentBrowser: Native class hierarchy updated for 'WidgetCarousel' in 0.0011 seconds. Added 0 classes and 0 folders.
[2018.04.02-01.48.00:293][  0]LogContentBrowser: Native class hierarchy updated for 'AddContentDialog' in 0.0008 seconds. Added 0 classes and 0 folders.
[2018.04.02-01.48.00:509][  0]LogContentBrowser: Native class hierarchy updated for 'SceneOutliner' in 0.0008 seconds. Added 1 classes and 2 folders.
[2018.04.02-01.48.00:762][  0]LogSlate: Took 0.000438 seconds to synchronously load lazily loaded font '../../../Engine/Content/Slate/Fonts/Roboto-Regular.ttf' (155K)
[2018.04.02-01.48.00:773][  0]LogSlate: Took 0.000322 seconds to synchronously load lazily loaded font '../../../Engine/Content/Slate/Fonts/Roboto-Bold.ttf' (160K)
[2018.04.02-01.48.00:815][  0]LogSlate: Took 0.022181 seconds to synchronously load lazily loaded font '../../../Engine/Content/Editor/Slate/Fonts/FontAwesome.ttf' (139K)
[2018.04.02-01.48.01:490][  0]LogRenderer: Reallocating scene render targets to support 976x576 Format 10 NumSamples 1 (Frame:1).
[2018.04.02-01.48.01:951][  0]LogContentBrowser: Native class hierarchy updated for 'HierarchicalLODOutliner' in 0.0005 seconds. Added 1 classes and 2 folders.
[2018.04.02-01.48.01:951][  0]LogLoad: (Engine Initialization) Total time: 33.59 seconds
[2018.04.02-01.48.01:951][  0]LogLoad: (Engine Initialization) Total Blueprint compile time: 0.00 seconds
[2018.04.02-01.48.01:951][  0]LogExternalProfiler: No external profilers were discovered.  External profiling features will not be available.
[2018.04.02-01.48.02:324][  0]LogContentStreaming: Texture pool size now 1000 MB
[2018.04.02-01.48.02:428][  0]LogSlate: Took 0.013555 seconds to synchronously load lazily loaded font '../../../Engine/Content/Slate/Fonts/Roboto-Light.ttf' (159K)
[2018.04.02-01.48.02:653][  1]LogAssetRegistry: Asset discovery search completed in 22.7246 seconds
[2018.04.02-01.48.02:655][  1]LogCollectionManager: Rebuilt the object cache for 0 collections in 0.000000 seconds (found 0 objects)
[2018.04.02-01.48.02:655][  1]LogCollectionManager: Fixed up redirectors for 0 collections in 0.000082 seconds (updated 0 objects)
[2018.04.02-01.49.57:686][923]LogSlate: Took 0.000331 seconds to synchronously load lazily loaded font '../../../Engine/Content/Slate/Fonts/Roboto-Light.ttf' (159K)
[2018.04.02-01.50.01:458][923]LogFactory: FactoryCreateFile: Texture with ReimportTextureFactory (0 0 ../../../../../../Users/Aromas197/Desktop/Animation.png)
[2018.04.02-01.50.04:419][923]LogTexture: Display: Building textures: Animation (AutoDXT, 1024X768)
[2018.04.02-01.50.09:678][518]Cmd: OBJ SAVEPACKAGE PACKAGE="/Game/Char_Sprite/Animation" FILE="../../../../../../Users/Aromas197/Documents/Unreal Projects/SideScroller/Content/Char_Sprite/Animation.uasset" SILENT=true
[2018.04.02-01.50.09:882][518]LogSavePackage: Save=93.20ms
[2018.04.02-01.50.09:882][518]LogSavePackage: Moving '../../../../../../Users/Aromas197/Documents/Unreal Projects/SideScroller/Saved/AnimationA2BD5F8E433188F45FA101B06ABBAB37.tmp' to '../../../../../../Users/Aromas197/Documents/Unreal Projects/SideScroller/Content/Char_Sprite/Animation.uasset'
[2018.04.02-01.50.09:891][518]LogSavePackage: Display: Finished SavePackage ../../../../../../Users/Aromas197/Documents/Unreal Projects/SideScroller/Content/Char_Sprite/Animation.uasset
[2018.04.02-01.52.03:609][482]LogFactory: FactoryCreateFile: Texture with ReimportTextureFactory (0 0 ../../../../../../Users/Aromas197/Desktop/Animation.png)
[2018.04.02-01.52.04:528][482]LogTexture: Display: Building textures: Animation (AutoDXT, 1024X768)
[2018.04.02-01.52.12:917][458]LogContentBrowser: Native class hierarchy updated for 'TextureEditor' in 0.0005 seconds. Added 1 classes and 2 folders.
[2018.04.02-01.52.21:467][359]Cmd: OBJ SAVEPACKAGE PACKAGE="/Game/Char_Sprite/Animation" FILE="../../../../../../Users/Aromas197/Documents/Unreal Projects/SideScroller/Content/Char_Sprite/Animation.uasset" SILENT=true
[2018.04.02-01.52.21:526][359]LogSavePackage: Save=40.31ms
[2018.04.02-01.52.21:526][359]LogSavePackage: Moving '../../../../../../Users/Aromas197/Documents/Unreal Projects/SideScroller/Saved/Animation77E3DCFA407A9150F3903098B0CB80ED.tmp' to '../../../../../../Users/Aromas197/Documents/Unreal Projects/SideScroller/Content/Char_Sprite/Animation.uasset'
[2018.04.02-01.52.21:531][359]LogSavePackage: Display: Finished SavePackage ../../../../../../Users/Aromas197/Documents/Unreal Projects/SideScroller/Content/Char_Sprite/Animation.uasset
[2018.04.02-01.52.24:306][656]LogTexture: Display: Building textures: Animation (BGRA8, 1024X768)
[2018.04.02-01.52.27:801][ 14]LogSlate: Took 0.018649 seconds to synchronously load lazily loaded font '../../../Engine/Content/Editor/Slate/Fonts/Roboto-BoldCondensed.ttf' (158K)
[2018.04.02-01.56.25:741][102]LogMaterial: Missing cached shader map for material DefaultSpriteMaterial, compiling. 
[2018.04.02-01.56.29:777][298]LogSavePackage: Save=20.70ms
[2018.04.02-01.56.29:777][298]LogSavePackage: Moving '../../../../../../Users/Aromas197/Documents/Unreal Projects/SideScroller/Saved/Animation_Sprite_42C1B6672458D77DA42E232814C9DC85C.tmp' to '../../../../../../Users/Aromas197/Documents/Unreal Projects/SideScroller/Content/Char_Sprite/Animation_Sprite_4.uasset'
[2018.04.02-01.56.29:786][298]LogSavePackage: Display: Finished SavePackage ../../../../../../Users/Aromas197/Documents/Unreal Projects/SideScroller/Content/Char_Sprite/Animation_Sprite_4.uasset
[2018.04.02-01.56.29:836][298]LogSavePackage: Save=19.36ms
[2018.04.02-01.56.29:837][298]LogSavePackage: Moving '../../../../../../Users/Aromas197/Documents/Unreal Projects/SideScroller/Saved/Animation_Sprite_58819BBBE47A43CE52EA82D97A7BD4FD0.tmp' to '../../../../../../Users/Aromas197/Documents/Unreal Projects/SideScroller/Content/Char_Sprite/Animation_Sprite_5.uasset'
[2018.04.02-01.56.29:843][298]LogSavePackage: Display: Finished SavePackage ../../../../../../Users/Aromas197/Documents/Unreal Projects/SideScroller/Content/Char_Sprite/Animation_Sprite_5.uasset
[2018.04.02-01.56.37:686][186]LogRenderer: Reallocating scene render targets to support 1104x616 Format 10 NumSamples 1 (Frame:1).
[2018.04.02-01.57.22:464][ 53]Cmd: OBJ SAVEPACKAGE PACKAGE="/Game/Char_Sprite/Running" FILE="../../../../../../Users/Aromas197/Documents/Unreal Projects/SideScroller/Content/Char_Sprite/Running.uasset" SILENT=true
[2018.04.02-01.57.22:476][ 53]LogSavePackage: Save=8.51ms
[2018.04.02-01.57.22:476][ 53]LogSavePackage: Moving '../../../../../../Users/Aromas197/Documents/Unreal Projects/SideScroller/Saved/Running3B4C9571455F5D4C693D7F87ECF2DC93.tmp' to '../../../../../../Users/Aromas197/Documents/Unreal Projects/SideScroller/Content/Char_Sprite/Running.uasset'
[2018.04.02-01.57.22:481][ 53]LogSavePackage: Display: Finished SavePackage ../../../../../../Users/Aromas197/Documents/Unreal Projects/SideScroller/Content/Char_Sprite/Running.uasset
[2018.04.02-01.57.23:278][137]Cmd: OBJ SAVEPACKAGE PACKAGE="/Game/Char_Sprite/Running" FILE="../../../../../../Users/Aromas197/Documents/Unreal Projects/SideScroller/Content/Char_Sprite/Running.uasset" SILENT=true
[2018.04.02-01.57.23:301][137]LogSavePackage: Save=6.36ms
[2018.04.02-01.57.23:301][137]LogSavePackage: Moving '../../../../../../Users/Aromas197/Documents/Unreal Projects/SideScroller/Saved/Running4FB23B174F78C3FCE25F0AB8D665220B.tmp' to '../../../../../../Users/Aromas197/Documents/Unreal Projects/SideScroller/Content/Char_Sprite/Running.uasset'
[2018.04.02-01.57.23:303][137]LogSavePackage: Display: Finished SavePackage ../../../../../../Users/Aromas197/Documents/Unreal Projects/SideScroller/Content/Char_Sprite/Running.uasset
[2018.04.02-01.57.29:420][813]LogEditorViewport: Clicking on Actor (LMB): 2DSideScrollerCharacter_C (2DSideScrollerCharacter)
[2018.04.02-01.57.32:703][994]LogContentBrowser: Native class hierarchy updated for 'BlueprintGraph' in 0.0009 seconds. Added 116 classes and 0 folders.
[2018.04.02-01.57.34:668][995]LogSlate: Took 0.013068 seconds to synchronously load lazily loaded font '../../../Engine/Content/Editor/Slate/Fonts/Roboto-Italic.ttf' (157K)
[2018.04.02-01.57.38:476][163]LogSlate: Took 0.007931 seconds to synchronously load lazily loaded font '../../../Engine/Content/Slate/Fonts/Roboto-Light.ttf' (159K)
[2018.04.02-01.57.42:640][383]BlueprintLog: New page: Compile 2DSideScrollerCharacter
[2018.04.02-01.57.45:435][479]LogSavePackage: Save=86.69ms
[2018.04.02-01.57.45:435][479]LogSavePackage: Moving '../../../../../../Users/Aromas197/Documents/Unreal Projects/SideScroller/Saved/2DSideScrollerCharacterF88CD6904BCAFC662EB4C5BE96D4D339.tmp' to '../../../../../../Users/Aromas197/Documents/Unreal Projects/SideScroller/Content/2DSideScrollerBP/Blueprints/2DSideScrollerCharacter.uasset'
[2018.04.02-01.57.45:440][479]LogSavePackage: Display: Finished SavePackage ../../../../../../Users/Aromas197/Documents/Unreal Projects/SideScroller/Content/2DSideScrollerBP/Blueprints/2DSideScrollerCharacter.uasset
[2018.04.02-01.57.49:039][723]LogTemp: Repeating last play command: Selected Viewport
[2018.04.02-01.57.49:167][723]LogBlueprintUserMessages: Early PlayInEditor Detection: Level '/Game/2DSideScrollerBP/Maps/2DSideScrollerExampleMap.2DSideScrollerExampleMap:PersistentLevel' has LevelScriptBlueprint '/Game/2DSideScrollerBP/Maps/2DSideScrollerExampleMap.2DSideScrollerExampleMap:PersistentLevel.2DSideScrollerExampleMap' with GeneratedClass '/Game/2DSideScrollerBP/Maps/2DSideScrollerExampleMap.2DSideScrollerExampleMap_C' with ClassGeneratedBy '/Game/2DSideScrollerBP/Maps/2DSideScrollerExampleMap.2DSideScrollerExampleMap:PersistentLevel.2DSideScrollerExampleMap'
[2018.04.02-01.57.49:176][723]LogPlayLevel: PlayLevel: No blueprints needed recompiling
[2018.04.02-01.57.49:230][723]PIE: New page: PIE session: 2DSideScrollerExampleMap (Apr 1, 2018, 11:57:49 AM)
[2018.04.02-01.57.49:230][723]LogPlayLevel: Creating play world package: /Game/2DSideScrollerBP/Maps/UEDPIE_0_2DSideScrollerExampleMap
[2018.04.02-01.57.49:280][723]LogPlayLevel: PIE: StaticDuplicateObject took: (0.050018s)
[2018.04.02-01.57.49:281][723]LogAIModule: Creating AISystem for world 2DSideScrollerExampleMap
[2018.04.02-01.57.49:282][723]LogPlayLevel: PIE: World Init took: (0.001316s)
[2018.04.02-01.57.49:282][723]LogPlayLevel: PIE: Created PIE world by copying editor world from /Game/2DSideScrollerBP/Maps/2DSideScrollerExampleMap.2DSideScrollerExampleMap to /Game/2DSideScrollerBP/Maps/UEDPIE_0_2DSideScrollerExampleMap.2DSideScrollerExampleMap (0.052008s)
[2018.04.02-01.57.49:366][723]LogInit: XAudio2 using 'Headphones (High Definition Audio Device)' : 2 channels at 48 kHz using 16 bits per sample (channel mask 0x3)
[2018.04.02-01.57.49:381][723]LogInit: FAudioDevice initialized.
[2018.04.02-01.57.49:432][723]LogLoad: Game class is '2DSideScrollerGameMode_C'
[2018.04.02-01.57.49:504][723]LogWorld: Bringing World /Game/2DSideScrollerBP/Maps/UEDPIE_0_2DSideScrollerExampleMap.2DSideScrollerExampleMap up for play (max tick rate 0) at 2018.04.01-18.57.49
[2018.04.02-01.57.49:521][723]LogWorld: Bringing up level for play took: 0.043021
[2018.04.02-01.57.49:661][723]LogContentBrowser: Native class hierarchy updated for 'MovieSceneCapture' in 0.0005 seconds. Added 11 classes and 0 folders.
[2018.04.02-01.57.49:662][723]PIE: Play in editor start time for /Game/2DSideScrollerBP/Maps/UEDPIE_0_2DSideScrollerExampleMap 0.299
[2018.04.02-01.57.49:662][723]LogBlueprintUserMessages: Late PlayInEditor Detection: Level '/Game/2DSideScrollerBP/Maps/2DSideScrollerExampleMap.2DSideScrollerExampleMap:PersistentLevel' has LevelScriptBlueprint '/Game/2DSideScrollerBP/Maps/2DSideScrollerExampleMap.2DSideScrollerExampleMap:PersistentLevel.2DSideScrollerExampleMap' with GeneratedClass '/Game/2DSideScrollerBP/Maps/2DSideScrollerExampleMap.2DSideScrollerExampleMap_C' with ClassGeneratedBy '/Game/2DSideScrollerBP/Maps/2DSideScrollerExampleMap.2DSideScrollerExampleMap:PersistentLevel.2DSideScrollerExampleMap'
[2018.04.02-01.57.56:138][476]LogBlueprintUserMessages: Early EndPlayMap Detection: Level '/Game/2DSideScrollerBP/Maps/2DSideScrollerExampleMap.2DSideScrollerExampleMap:PersistentLevel' has LevelScriptBlueprint '/Game/2DSideScrollerBP/Maps/2DSideScrollerExampleMap.2DSideScrollerExampleMap:PersistentLevel.2DSideScrollerExampleMap' with GeneratedClass '/Game/2DSideScrollerBP/Maps/2DSideScrollerExampleMap.2DSideScrollerExampleMap_C' with ClassGeneratedBy '/Game/2DSideScrollerBP/Maps/2DSideScrollerExampleMap.2DSideScrollerExampleMap:PersistentLevel.2DSideScrollerExampleMap'
[2018.04.02-01.57.56:185][476]LogBlueprintUserMessages: Late EndPlayMap Detection: Level '/Game/2DSideScrollerBP/Maps/2DSideScrollerExampleMap.2DSideScrollerExampleMap:PersistentLevel' has LevelScriptBlueprint '/Game/2DSideScrollerBP/Maps/2DSideScrollerExampleMap.2DSideScrollerExampleMap:PersistentLevel.2DSideScrollerExampleMap' with GeneratedClass '/Game/2DSideScrollerBP/Maps/2DSideScrollerExampleMap.2DSideScrollerExampleMap_C' with ClassGeneratedBy '/Game/2DSideScrollerBP/Maps/2DSideScrollerExampleMap.2DSideScrollerExampleMap:PersistentLevel.2DSideScrollerExampleMap'
[2018.04.02-01.57.57:727][653]LogTemp: Repeating last play command: Selected Viewport
[2018.04.02-01.57.57:747][653]LogBlueprintUserMessages: Early PlayInEditor Detection: Level '/Game/2DSideScrollerBP/Maps/2DSideScrollerExampleMap.2DSideScrollerExampleMap:PersistentLevel' has LevelScriptBlueprint '/Game/2DSideScrollerBP/Maps/2DSideScrollerExampleMap.2DSideScrollerExampleMap:PersistentLevel.2DSideScrollerExampleMap' with GeneratedClass '/Game/2DSideScrollerBP/Maps/2DSideScrollerExampleMap.2DSideScrollerExampleMap_C' with ClassGeneratedBy '/Game/2DSideScrollerBP/Maps/2DSideScrollerExampleMap.2DSideScrollerExampleMap:PersistentLevel.2DSideScrollerExampleMap'
[2018.04.02-01.57.57:747][653]LogPlayLevel: PlayLevel: No blueprints needed recompiling
[2018.04.02-01.57.57:747][653]PIE: New page: PIE session: 2DSideScrollerExampleMap (Apr 1, 2018, 11:57:57 AM)
[2018.04.02-01.57.57:747][653]LogPlayLevel: Creating play world package: /Game/2DSideScrollerBP/Maps/UEDPIE_0_2DSideScrollerExampleMap
[2018.04.02-01.57.57:751][653]LogPlayLevel: PIE: StaticDuplicateObject took: (0.003555s)
[2018.04.02-01.57.57:751][653]LogAIModule: Creating AISystem for world 2DSideScrollerExampleMap
[2018.04.02-01.57.57:751][653]LogPlayLevel: PIE: World Init took: (0.000644s)
[2018.04.02-01.57.57:752][653]LogPlayLevel: PIE: Created PIE world by copying editor world from /Game/2DSideScrollerBP/Maps/2DSideScrollerExampleMap.2DSideScrollerExampleMap to /Game/2DSideScrollerBP/Maps/UEDPIE_0_2DSideScrollerExampleMap.2DSideScrollerExampleMap (0.004518s)
[2018.04.02-01.57.57:782][653]LogInit: XAudio2 using 'Headphones (High Definition Audio Device)' : 2 channels at 48 kHz using 16 bits per sample (channel mask 0x3)
[2018.04.02-01.57.57:788][653]LogInit: FAudioDevice initialized.
[2018.04.02-01.57.57:821][653]LogLoad: Game class is '2DSideScrollerGameMode_C'
[2018.04.02-01.57.57:823][653]LogWorld: Bringing World /Game/2DSideScrollerBP/Maps/UEDPIE_0_2DSideScrollerExampleMap.2DSideScrollerExampleMap up for play (max tick rate 0) at 2018.04.01-18.57.57
[2018.04.02-01.57.57:824][653]LogWorld: Bringing up level for play took: 0.001402
[2018.04.02-01.57.57:825][653]PIE: Play in editor start time for /Game/2DSideScrollerBP/Maps/UEDPIE_0_2DSideScrollerExampleMap 0.462
[2018.04.02-01.57.57:825][653]LogBlueprintUserMessages: Late PlayInEditor Detection: Level '/Game/2DSideScrollerBP/Maps/2DSideScrollerExampleMap.2DSideScrollerExampleMap:PersistentLevel' has LevelScriptBlueprint '/Game/2DSideScrollerBP/Maps/2DSideScrollerExampleMap.2DSideScrollerExampleMap:PersistentLevel.2DSideScrollerExampleMap' with GeneratedClass '/Game/2DSideScrollerBP/Maps/2DSideScrollerExampleMap.2DSideScrollerExampleMap_C' with ClassGeneratedBy '/Game/2DSideScrollerBP/Maps/2DSideScrollerExampleMap.2DSideScrollerExampleMap:PersistentLevel.2DSideScrollerExampleMap'
[2018.04.02-01.58.16:082][822]LogBlueprintUserMessages: Early EndPlayMap Detection: Level '/Game/2DSideScrollerBP/Maps/2DSideScrollerExampleMap.2DSideScrollerExampleMap:PersistentLevel' has LevelScriptBlueprint '/Game/2DSideScrollerBP/Maps/2DSideScrollerExampleMap.2DSideScrollerExampleMap:PersistentLevel.2DSideScrollerExampleMap' with GeneratedClass '/Game/2DSideScrollerBP/Maps/2DSideScrollerExampleMap.2DSideScrollerExampleMap_C' with ClassGeneratedBy '/Game/2DSideScrollerBP/Maps/2DSideScrollerExampleMap.2DSideScrollerExampleMap:PersistentLevel.2DSideScrollerExampleMap'
[2018.04.02-01.58.16:116][822]LogBlueprintUserMessages: Late EndPlayMap Detection: Level '/Game/2DSideScrollerBP/Maps/2DSideScrollerExampleMap.2DSideScrollerExampleMap:PersistentLevel' has LevelScriptBlueprint '/Game/2DSideScrollerBP/Maps/2DSideScrollerExampleMap.2DSideScrollerExampleMap:PersistentLevel.2DSideScrollerExampleMap' with GeneratedClass '/Game/2DSideScrollerBP/Maps/2DSideScrollerExampleMap.2DSideScrollerExampleMap_C' with ClassGeneratedBy '/Game/2DSideScrollerBP/Maps/2DSideScrollerExampleMap.2DSideScrollerExampleMap:PersistentLevel.2DSideScrollerExampleMap'
[2018.04.02-01.58.17:377][967]LogTemp: Repeating last play command: Selected Viewport
[2018.04.02-01.58.17:398][967]LogBlueprintUserMessages: Early PlayInEditor Detection: Level '/Game/2DSideScrollerBP/Maps/2DSideScrollerExampleMap.2DSideScrollerExampleMap:PersistentLevel' has LevelScriptBlueprint '/Game/2DSideScrollerBP/Maps/2DSideScrollerExampleMap.2DSideScrollerExampleMap:PersistentLevel.2DSideScrollerExampleMap' with GeneratedClass '/Game/2DSideScrollerBP/Maps/2DSideScrollerExampleMap.2DSideScrollerExampleMap_C' with ClassGeneratedBy '/Game/2DSideScrollerBP/Maps/2DSideScrollerExampleMap.2DSideScrollerExampleMap:PersistentLevel.2DSideScrollerExampleMap'
[2018.04.02-01.58.17:398][967]LogPlayLevel: PlayLevel: No blueprints needed recompiling
[2018.04.02-01.58.17:399][967]PIE: New page: PIE session: 2DSideScrollerExampleMap (Apr 1, 2018, 11:58:17 AM)
[2018.04.02-01.58.17:399][967]LogPlayLevel: Creating play world package: /Game/2DSideScrollerBP/Maps/UEDPIE_0_2DSideScrollerExampleMap
[2018.04.02-01.58.17:402][967]LogPlayLevel: PIE: StaticDuplicateObject took: (0.003385s)
[2018.04.02-01.58.17:403][967]LogAIModule: Creating AISystem for world 2DSideScrollerExampleMap
[2018.04.02-01.58.17:403][967]LogPlayLevel: PIE: World Init took: (0.000658s)
[2018.04.02-01.58.17:403][967]LogPlayLevel: PIE: Created PIE world by copying editor world from /Game/2DSideScrollerBP/Maps/2DSideScrollerExampleMap.2DSideScrollerExampleMap to /Game/2DSideScrollerBP/Maps/UEDPIE_0_2DSideScrollerExampleMap.2DSideScrollerExampleMap (0.004301s)
[2018.04.02-01.58.17:435][967]LogInit: XAudio2 using 'Headphones (High Definition Audio Device)' : 2 channels at 48 kHz using 16 bits per sample (channel mask 0x3)
[2018.04.02-01.58.17:442][967]LogInit: FAudioDevice initialized.
[2018.04.02-01.58.17:475][967]LogLoad: Game class is '2DSideScrollerGameMode_C'
[2018.04.02-01.58.17:477][967]LogWorld: Bringing World /Game/2DSideScrollerBP/Maps/UEDPIE_0_2DSideScrollerExampleMap.2DSideScrollerExampleMap up for play (max tick rate 0) at 2018.04.01-18.58.17
[2018.04.02-01.58.17:477][967]LogWorld: Bringing up level for play took: 0.001384
[2018.04.02-01.58.17:478][967]PIE: Play in editor start time for /Game/2DSideScrollerBP/Maps/UEDPIE_0_2DSideScrollerExampleMap 0.115
[2018.04.02-01.58.17:478][967]LogBlueprintUserMessages: Late PlayInEditor Detection: Level '/Game/2DSideScrollerBP/Maps/2DSideScrollerExampleMap.2DSideScrollerExampleMap:PersistentLevel' has LevelScriptBlueprint '/Game/2DSideScrollerBP/Maps/2DSideScrollerExampleMap.2DSideScrollerExampleMap:PersistentLevel.2DSideScrollerExampleMap' with GeneratedClass '/Game/2DSideScrollerBP/Maps/2DSideScrollerExampleMap.2DSideScrollerExampleMap_C' with ClassGeneratedBy '/Game/2DSideScrollerBP/Maps/2DSideScrollerExampleMap.2DSideScrollerExampleMap:PersistentLevel.2DSideScrollerExampleMap'
[2018.04.02-01.58.20:441][312]LogBlueprintUserMessages: Early EndPlayMap Detection: Level '/Game/2DSideScrollerBP/Maps/2DSideScrollerExampleMap.2DSideScrollerExampleMap:PersistentLevel' has LevelScriptBlueprint '/Game/2DSideScrollerBP/Maps/2DSideScrollerExampleMap.2DSideScrollerExampleMap:PersistentLevel.2DSideScrollerExampleMap' with GeneratedClass '/Game/2DSideScrollerBP/Maps/2DSideScrollerExampleMap.2DSideScrollerExampleMap_C' with ClassGeneratedBy '/Game/2DSideScrollerBP/Maps/2DSideScrollerExampleMap.2DSideScrollerExampleMap:PersistentLevel.2DSideScrollerExampleMap'
[2018.04.02-01.58.20:478][312]LogBlueprintUserMessages: Late EndPlayMap Detection: Level '/Game/2DSideScrollerBP/Maps/2DSideScrollerExampleMap.2DSideScrollerExampleMap:PersistentLevel' has LevelScriptBlueprint '/Game/2DSideScrollerBP/Maps/2DSideScrollerExampleMap.2DSideScrollerExampleMap:PersistentLevel.2DSideScrollerExampleMap' with GeneratedClass '/Game/2DSideScrollerBP/Maps/2DSideScrollerExampleMap.2DSideScrollerExampleMap_C' with ClassGeneratedBy '/Game/2DSideScrollerBP/Maps/2DSideScrollerExampleMap.2DSideScrollerExampleMap:PersistentLevel.2DSideScrollerExampleMap'
[2018.04.02-01.58.21:318][405]LogTemp: Repeating last play command: Selected Viewport
[2018.04.02-01.58.21:337][405]LogBlueprintUserMessages: Early PlayInEditor Detection: Level '/Game/2DSideScrollerBP/Maps/2DSideScrollerExampleMap.2DSideScrollerExampleMap:PersistentLevel' has LevelScriptBlueprint '/Game/2DSideScrollerBP/Maps/2DSideScrollerExampleMap.2DSideScrollerExampleMap:PersistentLevel.2DSideScrollerExampleMap' with GeneratedClass '/Game/2DSideScrollerBP/Maps/2DSideScrollerExampleMap.2DSideScrollerExampleMap_C' with ClassGeneratedBy '/Game/2DSideScrollerBP/Maps/2DSideScrollerExampleMap.2DSideScrollerExampleMap:PersistentLevel.2DSideScrollerExampleMap'
[2018.04.02-01.58.21:337][405]LogPlayLevel: PlayLevel: No blueprints needed recompiling
[2018.04.02-01.58.21:338][405]PIE: New page: PIE session: 2DSideScrollerExampleMap (Apr 1, 2018, 11:58:21 AM)
[2018.04.02-01.58.21:338][405]LogPlayLevel: Creating play world package: /Game/2DSideScrollerBP/Maps/UEDPIE_0_2DSideScrollerExampleMap
[2018.04.02-01.58.21:341][405]LogPlayLevel: PIE: StaticDuplicateObject took: (0.003086s)
[2018.04.02-01.58.21:341][405]LogAIModule: Creating AISystem for world 2DSideScrollerExampleMap
[2018.04.02-01.58.21:341][405]LogPlayLevel: PIE: World Init took: (0.000622s)
[2018.04.02-01.58.21:342][405]LogPlayLevel: PIE: Created PIE world by copying editor world from /Game/2DSideScrollerBP/Maps/2DSideScrollerExampleMap.2DSideScrollerExampleMap to /Game/2DSideScrollerBP/Maps/UEDPIE_0_2DSideScrollerExampleMap.2DSideScrollerExampleMap (0.003950s)
[2018.04.02-01.58.21:373][405]LogInit: XAudio2 using 'Headphones (High Definition Audio Device)' : 2 channels at 48 kHz using 16 bits per sample (channel mask 0x3)
[2018.04.02-01.58.21:379][405]LogInit: FAudioDevice initialized.
[2018.04.02-01.58.21:419][405]LogLoad: Game class is '2DSideScrollerGameMode_C'
[2018.04.02-01.58.21:421][405]LogWorld: Bringing World /Game/2DSideScrollerBP/Maps/UEDPIE_0_2DSideScrollerExampleMap.2DSideScrollerExampleMap up for play (max tick rate 0) at 2018.04.01-18.58.21
[2018.04.02-01.58.21:421][405]LogWorld: Bringing up level for play took: 0.001564
[2018.04.02-01.58.21:422][405]PIE: Play in editor start time for /Game/2DSideScrollerBP/Maps/UEDPIE_0_2DSideScrollerExampleMap 0.06
[2018.04.02-01.58.21:423][405]LogBlueprintUserMessages: Late PlayInEditor Detection: Level '/Game/2DSideScrollerBP/Maps/2DSideScrollerExampleMap.2DSideScrollerExampleMap:PersistentLevel' has LevelScriptBlueprint '/Game/2DSideScrollerBP/Maps/2DSideScrollerExampleMap.2DSideScrollerExampleMap:PersistentLevel.2DSideScrollerExampleMap' with GeneratedClass '/Game/2DSideScrollerBP/Maps/2DSideScrollerExampleMap.2DSideScrollerExampleMap_C' with ClassGeneratedBy '/Game/2DSideScrollerBP/Maps/2DSideScrollerExampleMap.2DSideScrollerExampleMap:PersistentLevel.2DSideScrollerExampleMap'
[2018.04.02-01.59.30:971][663]LogBlueprintUserMessages: Early EndPlayMap Detection: Level '/Game/2DSideScrollerBP/Maps/2DSideScrollerExampleMap.2DSideScrollerExampleMap:PersistentLevel' has LevelScriptBlueprint '/Game/2DSideScrollerBP/Maps/2DSideScrollerExampleMap.2DSideScrollerExampleMap:PersistentLevel.2DSideScrollerExampleMap' with GeneratedClass '/Game/2DSideScrollerBP/Maps/2DSideScrollerExampleMap.2DSideScrollerExampleMap_C' with ClassGeneratedBy '/Game/2DSideScrollerBP/Maps/2DSideScrollerExampleMap.2DSideScrollerExampleMap:PersistentLevel.2DSideScrollerExampleMap'
[2018.04.02-01.59.31:006][663]LogBlueprintUserMessages: Late EndPlayMap Detection: Level '/Game/2DSideScrollerBP/Maps/2DSideScrollerExampleMap.2DSideScrollerExampleMap:PersistentLevel' has LevelScriptBlueprint '/Game/2DSideScrollerBP/Maps/2DSideScrollerExampleMap.2DSideScrollerExampleMap:PersistentLevel.2DSideScrollerExampleMap' with GeneratedClass '/Game/2DSideScrollerBP/Maps/2DSideScrollerExampleMap.2DSideScrollerExampleMap_C' with ClassGeneratedBy '/Game/2DSideScrollerBP/Maps/2DSideScrollerExampleMap.2DSideScrollerExampleMap:PersistentLevel.2DSideScrollerExampleMap'
[2018.04.02-01.59.33:758][948]LogSavePackage: Save=224.54ms
[2018.04.02-01.59.33:758][948]LogSavePackage: Moving '../../../../../../Users/Aromas197/Documents/Unreal Projects/SideScroller/Saved/2DSideScrollerExampleMap1626E1544D17B0FF6E9BAFB865A7DD39.tmp' to '../../../../../../Users/Aromas197/Documents/Unreal Projects/SideScroller/Content/2DSideScrollerBP/Maps/2DSideScrollerExampleMap.umap'
[2018.04.02-01.59.33:766][948]LogSavePackage: Display: Finished SavePackage ../../../../../../Users/Aromas197/Documents/Unreal Projects/SideScroller/Content/2DSideScrollerBP/Maps/2DSideScrollerExampleMap.umap
[2018.04.02-01.59.33:875][948]LogSavePackage: Save=6.11ms
[2018.04.02-01.59.33:875][948]LogSavePackage: Moving '../../../../../../Users/Aromas197/Documents/Unreal Projects/SideScroller/Saved/2DSideScrollerExampleMap_BuiltDa5BB41DB94F5402B03FC391920413342E.tmp' to '../../../../../../Users/Aromas197/Documents/Unreal Projects/SideScroller/Content/2DSideScrollerBP/Maps/2DSideScrollerExampleMap_BuiltData.uasset'
[2018.04.02-01.59.33:878][948]LogSavePackage: Display: Finished SavePackage ../../../../../../Users/Aromas197/Documents/Unreal Projects/SideScroller/Content/2DSideScrollerBP/Maps/2DSideScrollerExampleMap_BuiltData.uasset
[2018.04.02-01.59.43:896][604]Cmd: OBJ SAVEPACKAGE PACKAGE="/Game/Char_Sprite/Animation" FILE="../../../../../../Users/Aromas197/Documents/Unreal Projects/SideScroller/Content/Char_Sprite/Animation.uasset" SILENT=true
[2018.04.02-01.59.43:921][604]LogSavePackage: Save=9.44ms
[2018.04.02-01.59.43:921][604]LogSavePackage: Moving '../../../../../../Users/Aromas197/Documents/Unreal Projects/SideScroller/Saved/AnimationC1F1BF7D495CF684677F6583504C7EE6.tmp' to '../../../../../../Users/Aromas197/Documents/Unreal Projects/SideScroller/Content/Char_Sprite/Animation.uasset'
[2018.04.02-01.59.43:925][604]LogSavePackage: Display: Finished SavePackage ../../../../../../Users/Aromas197/Documents/Unreal Projects/SideScroller/Content/Char_Sprite/Animation.uasset
[2018.04.02-01.59.44:342][605]Cmd: QUIT_EDITOR
[2018.04.02-01.59.44:888][605]LogWindowsTextInputMethodSystem: Display: IME system now deactivated.
[2018.04.02-01.59.44:919][605]LogExit: Preparing to exit.
[2018.04.02-01.59.45:888][605]LogDirectoryWatcher: A directory notification failed for 'C:/Users/Aromas197/Documents/Unreal Projects/SideScroller/Content/', and we were unable to create a new request.
[2018.04.02-01.59.45:933][605]LogExit: Editor shut down
[2018.04.02-01.59.45:939][605]LogExit: Transaction tracking system shut down
[2018.04.02-01.59.46:109][605]LogDirectoryWatcher: A directory notification for '../../../Engine/Content/' was aborted.
[2018.04.02-01.59.46:109][605]LogDirectoryWatcher: A directory notification for '../../../../../../Users/Aromas197/Documents/Unreal Projects/SideScroller/Content/' was aborted.
[2018.04.02-01.59.46:109][605]LogDirectoryWatcher: A directory notification for '../../../Engine/Plugins/2D/Paper2D/Content/' was aborted.
[2018.04.02-01.59.46:109][605]LogDirectoryWatcher: A directory notification for '../../../Engine/Plugins/Media/MediaCompositing/Content/' was aborted.
[2018.04.02-01.59.46:109][605]LogDirectoryWatcher: A directory notification for '../../../Engine/Plugins/Runtime/AppleARKit/Content/' was aborted.
[2018.04.02-01.59.46:109][605]LogDirectoryWatcher: A directory notification for '../../../Engine/Plugins/Runtime/Oculus/OculusVR/Content/' was aborted.
[2018.04.02-01.59.46:109][605]LogDirectoryWatcher: A directory notification for '../../../Engine/Plugins/Runtime/Steam/SteamVR/Content/' was aborted.
[2018.04.02-01.59.46:208][605]LogExit: Object subsystem successfully closed.
[2018.04.02-01.59.46:238][605]LogD3D11RHI: Shutdown
[2018.04.02-01.59.46:238][605]LogD3D11RHI: CleanupD3DDevice
[2018.04.02-01.59.46:240][605]LogD3D11RHI: ~FD3D11DynamicRHI
[2018.04.02-01.59.46:258][605]LogModuleManager: Shutting down and abandoning module MovieSceneCapture (554)
[2018.04.02-01.59.46:258][605]LogModuleManager: Shutting down and abandoning module BlueprintGraph (552)
[2018.04.02-01.59.46:258][605]LogModuleManager: Shutting down and abandoning module TextureEditor (550)
[2018.04.02-01.59.46:258][605]LogModuleManager: Shutting down and abandoning module HierarchicalLODOutliner (548)
[2018.04.02-01.59.46:258][605]LogModuleManager: Shutting down and abandoning module SceneOutliner (546)
[2018.04.02-01.59.46:258][605]LogModuleManager: Shutting down and abandoning module AddContentDialog (544)
[2018.04.02-01.59.46:275][605]LogDirectoryWatcher: A directory notification for 'C:/Program Files/Epic Games/UE_4.18/FeaturePacks/' was aborted.
[2018.04.02-01.59.46:276][605]LogModuleManager: Shutting down and abandoning module WidgetCarousel (543)
[2018.04.02-01.59.46:276][605]LogModuleManager: Shutting down and abandoning module EditorWidgets (540)
[2018.04.02-01.59.46:276][605]LogModuleManager: Shutting down and abandoning module CollectionManager (538)
[2018.04.02-01.59.46:276][605]LogDirectoryWatcher: A directory notification for 'C:/Users/Aromas197/Documents/Unreal Projects/SideScroller/Content/Collections/' was aborted.
[2018.04.02-01.59.46:277][605]LogDirectoryWatcher: A directory notification for 'C:/Users/Aromas197/Documents/Unreal Projects/SideScroller/Content/Developers/Aromas197/Collections/' was aborted.
[2018.04.02-01.59.46:277][605]LogDirectoryWatcher: A directory notification for 'C:/Users/Aromas197/Documents/Unreal Projects/SideScroller/Saved/Collections/' was aborted.
[2018.04.02-01.59.46:277][605]LogModuleManager: Shutting down and abandoning module StatsViewer (536)
[2018.04.02-01.59.46:277][605]LogModuleManager: Shutting down and abandoning module FoliageEdit (534)
[2018.04.02-01.59.46:277][605]LogModuleManager: Shutting down and abandoning module LandscapeEditor (532)
[2018.04.02-01.59.46:277][605]LogModuleManager: Shutting down and abandoning module MeshPaintMode (530)
[2018.04.02-01.59.46:277][605]LogModuleManager: Shutting down and abandoning module SceneDepthPickerMode (528)
[2018.04.02-01.59.46:277][605]LogModuleManager: Shutting down and abandoning module ActorPickerMode (526)
[2018.04.02-01.59.46:277][605]LogModuleManager: Shutting down and abandoning module GeometryMode (524)
[2018.04.02-01.59.46:277][605]LogModuleManager: Shutting down and abandoning module TextureAlignMode (522)
[2018.04.02-01.59.46:277][605]LogModuleManager: Shutting down and abandoning module BspMode (520)
[2018.04.02-01.59.46:277][605]LogModuleManager: Shutting down and abandoning module PIEPreviewDeviceProfileSelector (518)
[2018.04.02-01.59.46:277][605]LogModuleManager: Shutting down and abandoning module HardwareSurvey (516)
[2018.04.02-01.59.46:277][605]LogModuleManager: Shutting down and abandoning module SequenceRecorderSections (514)
[2018.04.02-01.59.46:277][605]LogModuleManager: Shutting down and abandoning module AutomationWorker (512)
[2018.04.02-01.59.46:277][605]LogModuleManager: Shutting down and abandoning module MatineeToLevelSequence (510)
[2018.04.02-01.59.46:277][605]LogModuleManager: Shutting down and abandoning module LevelSequenceEditor (508)
[2018.04.02-01.59.46:277][605]LogModuleManager: Shutting down and abandoning module PlacementMode (507)
[2018.04.02-01.59.46:278][605]LogModuleManager: Shutting down and abandoning module WmfMediaFactory (504)
[2018.04.02-01.59.46:278][605]LogModuleManager: Shutting down and abandoning module WmfMediaEditor (502)
[2018.04.02-01.59.46:278][605]LogModuleManager: Shutting down and abandoning module OpenExrWrapper (500)
[2018.04.02-01.59.46:278][605]LogModuleManager: Shutting down and abandoning module ImgMediaFactory (498)
[2018.04.02-01.59.46:278][605]LogModuleManager: Shutting down and abandoning module ImgMediaEditor (496)
[2018.04.02-01.59.46:278][605]LogModuleManager: Shutting down and abandoning module AvfMediaFactory (494)
[2018.04.02-01.59.46:278][605]LogModuleManager: Shutting down and abandoning module AvfMediaEditor (492)
[2018.04.02-01.59.46:278][605]LogModuleManager: Shutting down and abandoning module AndroidMediaFactory (490)
[2018.04.02-01.59.46:278][605]LogModuleManager: Shutting down and abandoning module AndroidMediaEditor (488)
[2018.04.02-01.59.46:278][605]LogModuleManager: Shutting down and abandoning module CharacterAI (486)
[2018.04.02-01.59.46:278][605]LogModuleManager: Shutting down and abandoning module AudioCapture (484)
[2018.04.02-01.59.46:278][605]LogModuleManager: Shutting down and abandoning module SequenceRecorder (483)
[2018.04.02-01.59.46:278][605]LogModuleManager: Shutting down and abandoning module SmartSnapping (480)
[2018.04.02-01.59.46:278][605]LogModuleManager: Shutting down and abandoning module SessionServices (478)
[2018.04.02-01.59.46:278][605]LogModuleManager: Shutting down and abandoning module ViewportSnapping (476)
[2018.04.02-01.59.46:278][605]LogModuleManager: Shutting down and abandoning module ViewportInteraction (474)
[2018.04.02-01.59.46:278][605]LogModuleManager: Shutting down and abandoning module ClothPainter (472)
[2018.04.02-01.59.46:278][605]LogModuleManager: Shutting down and abandoning module SkeletalMeshEditor (471)
[2018.04.02-01.59.46:278][605]LogModuleManager: Shutting down and abandoning module LogVisualizer (468)
[2018.04.02-01.59.46:278][605]LogModuleManager: Shutting down and abandoning module IntroTutorials (466)
[2018.04.02-01.59.46:278][605]LogModuleManager: Shutting down and abandoning module GameProjectGeneration (465)
[2018.04.02-01.59.46:278][605]LogModuleManager: Shutting down and abandoning module IOSPlatformEditor (462)
[2018.04.02-01.59.46:278][605]LogModuleManager: Shutting down and abandoning module HTML5PlatformEditor (460)
[2018.04.02-01.59.46:278][605]LogModuleManager: Shutting down and abandoning module AndroidPlatformEditor (458)
[2018.04.02-01.59.46:278][605]LogModuleManager: Shutting down and abandoning module AndroidDeviceDetection (457)
[2018.04.02-01.59.46:360][605]LogModuleManager: Shutting down and abandoning module WindowsPlatformEditor (454)
[2018.04.02-01.59.46:360][605]LogModuleManager: Shutting down and abandoning module IOSRuntimeSettings (452)
[2018.04.02-01.59.46:360][605]LogModuleManager: Shutting down and abandoning module AndroidRuntimeSettings (450)
[2018.04.02-01.59.46:360][605]LogModuleManager: Shutting down and abandoning module InputBindingEditor (448)
[2018.04.02-01.59.46:360][605]LogModuleManager: Shutting down and abandoning module MergeActors (446)
[2018.04.02-01.59.46:360][605]LogModuleManager: Shutting down and abandoning module SizeMap (444)
[2018.04.02-01.59.46:360][605]LogModuleManager: Shutting down and abandoning module TreeMap (442)
[2018.04.02-01.59.46:360][605]LogModuleManager: Shutting down and abandoning module ReferenceViewer (440)
[2018.04.02-01.59.46:360][605]LogModuleManager: Shutting down and abandoning module LocalizationDashboard (438)
[2018.04.02-01.59.46:361][605]LogModuleManager: Shutting down and abandoning module LocalizationService (437)
[2018.04.02-01.59.46:361][605]LogModuleManager: Shutting down and abandoning module HardwareTargeting (434)
[2018.04.02-01.59.46:361][605]LogModuleManager: Shutting down and abandoning module DeviceProfileEditor (432)
[2018.04.02-01.59.46:361][605]LogModuleManager: Shutting down and abandoning module UndoHistory (430)
[2018.04.02-01.59.46:361][605]LogModuleManager: Shutting down and abandoning module XmlParser (428)
[2018.04.02-01.59.46:361][605]LogModuleManager: Shutting down and abandoning module Blutility (426)
[2018.04.02-01.59.46:361][605]LogModuleManager: Shutting down and abandoning module ProjectSettingsViewer (424)
[2018.04.02-01.59.46:361][605]LogModuleManager: Shutting down and abandoning module ProjectTargetPlatformEditor (423)
[2018.04.02-01.59.46:361][605]LogModuleManager: Shutting down and abandoning module EditorSettingsViewer (420)
[2018.04.02-01.59.46:361][605]LogModuleManager: Shutting down and abandoning module SettingsEditor (418)
[2018.04.02-01.59.46:361][605]LogModuleManager: Shutting down and abandoning module ProjectLauncher (416)
[2018.04.02-01.59.46:361][605]LogModuleManager: Shutting down and abandoning module SessionFrontend (414)
[2018.04.02-01.59.46:361][605]LogModuleManager: Shutting down and abandoning module ProfilerClient (412)
[2018.04.02-01.59.46:361][605]LogModuleManager: Shutting down and abandoning module DeviceManager (410)
[2018.04.02-01.59.46:361][605]LogModuleManager: Shutting down and abandoning module TargetDeviceServices (409)
[2018.04.02-01.59.46:435][605]LogModuleManager: Shutting down and abandoning module AutomationController (406)
[2018.04.02-01.59.46:435][605]LogModuleManager: Shutting down and abandoning module AutomationWindow (404)
[2018.04.02-01.59.46:435][605]LogModuleManager: Shutting down and abandoning module Layers (402)
[2018.04.02-01.59.46:435][605]LogModuleManager: Shutting down and abandoning module ComponentVisualizers (400)
[2018.04.02-01.59.46:435][605]LogModuleManager: Shutting down and abandoning module DetailCustomizations (398)
[2018.04.02-01.59.46:435][605]LogModuleManager: Shutting down and abandoning module PackagesDialog (396)
[2018.04.02-01.59.46:435][605]LogModuleManager: Shutting down and abandoning module Persona (394)
[2018.04.02-01.59.46:436][605]LogModuleManager: Shutting down and abandoning module AdvancedPreviewScene (393)
[2018.04.02-01.59.46:436][605]LogModuleManager: Shutting down and abandoning module AnimGraph (391)
[2018.04.02-01.59.46:436][605]LogModuleManager: Shutting down and abandoning module Kismet (388)
[2018.04.02-01.59.46:447][605]LogModuleManager: Shutting down and abandoning module ClassViewer (386)
[2018.04.02-01.59.46:448][605]LogModuleManager: Shutting down and abandoning module Toolbox (384)
[2018.04.02-01.59.46:448][605]LogModuleManager: Shutting down and abandoning module ModuleUI (382)
[2018.04.02-01.59.46:448][605]LogModuleManager: Shutting down and abandoning module MovieSceneTools (380)
[2018.04.02-01.59.46:448][605]LogModuleManager: Shutting down and abandoning module OutputLog (378)
[2018.04.02-01.59.46:448][605]LogModuleManager: Shutting down and abandoning module GammaUI (376)
[2018.04.02-01.59.46:448][605]LogModuleManager: Shutting down and abandoning module Documentation (374)
[2018.04.02-01.59.46:448][605]LogModuleManager: Shutting down and abandoning module MovieSceneTracks (372)
[2018.04.02-01.59.46:448][605]LogModuleManager: Shutting down and abandoning module MovieScene (370)
[2018.04.02-01.59.46:448][605]LogModuleManager: Shutting down and abandoning module StreamingPauseRendering (368)
[2018.04.02-01.59.46:448][605]LogModuleManager: Shutting down and abandoning module LauncherPlatform (366)
[2018.04.02-01.59.46:448][605]LogModuleManager: Shutting down and abandoning module AnalyticsET (364)
[2018.04.02-01.59.46:448][605]LogModuleManager: Shutting down and abandoning module PortalServices (362)
[2018.04.02-01.59.46:448][605]LogModuleManager: Shutting down and abandoning module PortalRpc (360)
[2018.04.02-01.59.46:448][605]LogModuleManager: Shutting down and abandoning module MessagingRpc (358)
[2018.04.02-01.59.46:448][605]LogModuleManager: Shutting down and abandoning module AIModule (356)
[2018.04.02-01.59.46:448][605]LogModuleManager: Shutting down and abandoning module GameplayDebugger (355)
[2018.04.02-01.59.46:448][605]LogModuleManager: Shutting down and abandoning module AITestSuite (353)
[2018.04.02-01.59.46:448][605]LogModuleManager: Shutting down and abandoning module DesktopPlatform (350)
[2018.04.02-01.59.46:448][605]LogModuleManager: Shutting down and abandoning module ProfilerService (348)
[2018.04.02-01.59.46:648][605]LogModuleManager: Shutting down and abandoning module TaskGraph (346)
[2018.04.02-01.59.46:648][605]LogModuleManager: Shutting down and abandoning module SteamVRController (344)
[2018.04.02-01.59.46:648][605]LogModuleManager: Shutting down and abandoning module ProceduralMeshComponentEditor (342)
[2018.04.02-01.59.46:648][605]LogModuleManager: Shutting down and abandoning module ProceduralMeshComponent (340)
[2018.04.02-01.59.46:648][605]LogModuleManager: Shutting down and abandoning module OculusInput (338)
[2018.04.02-01.59.46:648][605]LogModuleManager: Shutting down and abandoning module MobilePatchingUtils (336)
[2018.04.02-01.59.46:648][605]LogModuleManager: Shutting down and abandoning module CustomMeshComponent (334)
[2018.04.02-01.59.46:649][605]LogModuleManager: Shutting down and abandoning module CableComponent (332)
[2018.04.02-01.59.46:649][605]LogModuleManager: Shutting down and abandoning module ArchVisCharacter (330)
[2018.04.02-01.59.46:649][605]LogModuleManager: Shutting down and abandoning module AndroidPermission (328)
[2018.04.02-01.59.46:649][605]LogModuleManager: Shutting down and abandoning module ActorSequence (324)
[2018.04.02-01.59.46:649][605]LogModuleManager: Shutting down and abandoning module MediaPlayerEditor (322)
[2018.04.02-01.59.46:649][605]LogModuleManager: Shutting down and abandoning module MediaCompositingEditor (320)
[2018.04.02-01.59.46:649][605]LogModuleManager: Shutting down and abandoning module MediaCompositing (318)
[2018.04.02-01.59.46:649][605]LogModuleManager: Shutting down and abandoning module HTML5Networking (316)
[2018.04.02-01.59.46:649][605]LogModuleManager: Shutting down and abandoning module AlembicImporter (314)
[2018.04.02-01.59.46:649][605]LogModuleManager: Shutting down and abandoning module AlembicLibrary (313)
[2018.04.02-01.59.46:649][605]LogModuleManager: Shutting down and abandoning module GeometryCache (312)
[2018.04.02-01.59.46:649][605]LogModuleManager: Shutting down and abandoning module GeometryCacheEd (311)
[2018.04.02-01.59.46:649][605]LogModuleManager: Shutting down and abandoning module SpeedTreeImporter (306)
[2018.04.02-01.59.46:649][605]LogModuleManager: Shutting down and abandoning module PluginBrowser (304)
[2018.04.02-01.59.46:650][605]LogModuleManager: Shutting down and abandoning module MobileLauncherProfileWizard (302)
[2018.04.02-01.59.46:650][605]LogModuleManager: Shutting down and abandoning module VisualStudioSourceCodeAccess (300)
[2018.04.02-01.59.46:650][605]LogModuleManager: Shutting down and abandoning module VisualStudioCodeSourceCodeAccess (298)
[2018.04.02-01.59.46:650][605]LogModuleManager: Shutting down and abandoning module UObjectPlugin (296)
[2018.04.02-01.59.46:650][605]LogModuleManager: Shutting down and abandoning module SubversionSourceControl (294)
[2018.04.02-01.59.46:650][605]LogModuleManager: Shutting down and abandoning module PerforceSourceControl (292)
[2018.04.02-01.59.46:650][605]LogModuleManager: Shutting down and abandoning module GitSourceControl (290)
[2018.04.02-01.59.46:650][605]LogModuleManager: Shutting down and abandoning module SourceControl (289)
[2018.04.02-01.59.46:650][605]LogModuleManager: Shutting down and abandoning module LightPropagationVolumeEditor (286)
[2018.04.02-01.59.46:650][605]LogModuleManager: Shutting down and abandoning module PaperTiledImporter (284)
[2018.04.02-01.59.46:650][605]LogModuleManager: Shutting down and abandoning module PaperSpriteSheetImporter (282)
[2018.04.02-01.59.46:650][605]LogModuleManager: Shutting down and abandoning module Paper2DEditor (280)
[2018.04.02-01.59.46:651][605]LogModuleManager: Shutting down and abandoning module MeshPaint (279)
[2018.04.02-01.59.46:651][605]LogModuleManager: Shutting down and abandoning module LevelEditor (277)
[2018.04.02-01.59.46:652][605]LogModuleManager: Shutting down and abandoning module PixelInspectorModule (276)
[2018.04.02-01.59.46:653][605]LogModuleManager: Shutting down and abandoning module MainFrame (274)
[2018.04.02-01.59.46:653][605]LogModuleManager: Shutting down and abandoning module HotReload (273)
[2018.04.02-01.59.46:654][605]LogModuleManager: Shutting down and abandoning module RuntimePhysXCooking (268)
[2018.04.02-01.59.46:654][605]LogModuleManager: Shutting down and abandoning module PhysXVehiclesEditor (266)
[2018.04.02-01.59.46:654][605]LogModuleManager: Shutting down and abandoning module PhysXVehicles (264)
[2018.04.02-01.59.46:654][605]LogModuleManager: Shutting down and abandoning module OculusEditor (262)
[2018.04.02-01.59.46:654][605]LogModuleManager: Shutting down and abandoning module LocationServicesBPLibrary (260)
[2018.04.02-01.59.46:654][605]LogModuleManager: Shutting down and abandoning module ImmediatePhysicsEditor (258)
[2018.04.02-01.59.46:654][605]LogModuleManager: Shutting down and abandoning module ImmediatePhysics (256)
[2018.04.02-01.59.46:654][605]LogModuleManager: Shutting down and abandoning module UdpMessaging (254)
[2018.04.02-01.59.46:754][605]LogModuleManager: Shutting down and abandoning module TcpMessaging (252)
[2018.04.02-01.59.46:855][605]LogModuleManager: Shutting down and abandoning module GameplayTagsEditor (250)
[2018.04.02-01.59.46:855][605]LogModuleManager: Shutting down and abandoning module FacialAnimationEditor (248)
[2018.04.02-01.59.46:855][605]LogModuleManager: Shutting down and abandoning module FacialAnimation (246)
[2018.04.02-01.59.46:855][605]LogModuleManager: Shutting down and abandoning module AssetManagerEditor (244)
[2018.04.02-01.59.46:855][605]LogModuleManager: Shutting down and abandoning module GraphEditor (243)
[2018.04.02-01.59.46:855][605]LogModuleManager: Shutting down and abandoning module ContentBrowser (241)
[2018.04.02-01.59.46:857][605]LogModuleManager: Shutting down and abandoning module LightPropagationVolumeRuntime (238)
[2018.04.02-01.59.46:857][605]LogModuleManager: Shutting down and abandoning module Paper2D (236)
[2018.04.02-01.59.46:857][605]LogModuleManager: Shutting down and abandoning module WindowsMoviePlayer (234)
[2018.04.02-01.59.46:857][605]LogModuleManager: Shutting down and abandoning module WmfMedia (232)
[2018.04.02-01.59.46:866][605]LogModuleManager: Shutting down and abandoning module ImgMedia (230)
[2018.04.02-01.59.46:866][605]LogModuleManager: Shutting down and abandoning module PacketHandler (228)
[2018.04.02-01.59.46:866][605]LogModuleManager: Shutting down and abandoning module ClothingSystemEditor (226)
[2018.04.02-01.59.46:866][605]LogModuleManager: Shutting down and abandoning module ClothingSystemRuntime (224)
[2018.04.02-01.59.46:866][605]LogModuleManager: Shutting down and abandoning module MediaAssets (222)
[2018.04.02-01.59.46:866][605]LogModuleManager: Shutting down and abandoning module Media (221)
[2018.04.02-01.59.46:872][605]LogModuleManager: Shutting down and abandoning module Overlay (218)
[2018.04.02-01.59.46:873][605]LogModuleManager: Shutting down and abandoning module OverlayEditor (217)
[2018.04.02-01.59.46:873][605]LogModuleManager: Shutting down and abandoning module VREditor (214)
[2018.04.02-01.59.46:873][605]LogModuleManager: Shutting down and abandoning module StringTableEditor (212)
[2018.04.02-01.59.46:873][605]LogModuleManager: Shutting down and abandoning module GameplayTasksEditor (210)
[2018.04.02-01.59.46:873][605]LogModuleManager: Shutting down and abandoning module BehaviorTreeEditor (208)
[2018.04.02-01.59.46:873][605]LogModuleManager: Shutting down and abandoning module FunctionalTesting (206)
[2018.04.02-01.59.46:873][605]LogModuleManager: Shutting down and abandoning module CollisionAnalyzer (204)
[2018.04.02-01.59.46:873][605]LogModuleManager: Shutting down and abandoning module WorkspaceMenuStructure (203)
[2018.04.02-01.59.46:873][605]LogModuleManager: Shutting down and abandoning module UMG (200)
[2018.04.02-01.59.46:873][605]LogModuleManager: Shutting down and abandoning module UMGEditor (199)
[2018.04.02-01.59.46:873][605]LogModuleManager: Shutting down and abandoning module Sequencer (198)
[2018.04.02-01.59.46:873][605]LogModuleManager: Shutting down and abandoning module MessageLog (195)
[2018.04.02-01.59.46:873][605]LogModuleManager: Shutting down and abandoning module SlateReflector (190)
[2018.04.02-01.59.46:873][605]LogModuleManager: Shutting down and abandoning module Slate (188)
[2018.04.02-01.59.46:873][605]LogModuleManager: Shutting down and abandoning module EditorStyle (186)
[2018.04.02-01.59.46:877][605]LogModuleManager: Shutting down and abandoning module MRMesh (184)
[2018.04.02-01.59.46:877][605]LogModuleManager: Shutting down and abandoning module SourceCodeAccess (182)
[2018.04.02-01.59.46:877][605]LogModuleManager: Shutting down and abandoning module HeadMountedDisplay (180)
[2018.04.02-01.59.46:877][605]LogModuleManager: Shutting down and abandoning module XAudio2 (178)
[2018.04.02-01.59.46:877][605]LogModuleManager: Shutting down and abandoning module Networking (176)
[2018.04.02-01.59.46:877][605]LogModuleManager: Shutting down and abandoning module Core (172)
[2018.04.02-01.59.46:877][605]LogModuleManager: Shutting down and abandoning module LevelSequence (168)
[2018.04.02-01.59.46:877][605]LogModuleManager: Shutting down and abandoning module DirectoryWatcher (166)
[2018.04.02-01.59.46:878][605]LogModuleManager: Shutting down and abandoning module KismetCompiler (164)
[2018.04.02-01.59.46:878][605]LogModuleManager: Shutting down and abandoning module MeshUtilities (162)
[2018.04.02-01.59.46:878][605]LogModuleManager: Shutting down and abandoning module MeshMergeUtilities (161)
[2018.04.02-01.59.46:878][605]LogModuleManager: Shutting down and abandoning module MeshReductionInterface (160)
[2018.04.02-01.59.46:878][605]LogModuleManager: Shutting down and abandoning module SimplygonSwarm (159)
[2018.04.02-01.59.46:878][605]LogModuleManager: Shutting down and abandoning module SimplygonMeshReduction (157)
[2018.04.02-01.59.46:878][605]LogModuleManager: Shutting down and abandoning module QuadricMeshReduction (155)
[2018.04.02-01.59.46:879][605]LogModuleManager: Shutting down and abandoning module MaterialBaking (151)
[2018.04.02-01.59.46:879][605]LogModuleManager: Shutting down and abandoning module DerivedDataCache (148)
[2018.04.02-01.59.46:938][605]LogDerivedDataCache: Shutdown
[2018.04.02-01.59.46:938][605]LogModuleManager: Shutting down and abandoning module TargetPlatform (146)
[2018.04.02-01.59.46:938][605]LogModuleManager: Shutting down and abandoning module VulkanShaderFormat (145)
[2018.04.02-01.59.46:938][605]LogModuleManager: Shutting down and abandoning module ShaderFormatVectorVM (143)
[2018.04.02-01.59.46:938][605]LogModuleManager: Shutting down and abandoning module ShaderFormatOpenGL (141)
[2018.04.02-01.59.46:938][605]LogModuleManager: Shutting down and abandoning module ShaderFormatD3D (139)
[2018.04.02-01.59.46:938][605]LogModuleManager: Shutting down and abandoning module MetalShaderFormat (137)
[2018.04.02-01.59.46:938][605]LogModuleManager: Shutting down and abandoning module TextureFormatUncompressed (135)
[2018.04.02-01.59.46:938][605]LogModuleManager: Shutting down and abandoning module TextureFormatPVR (133)
[2018.04.02-01.59.46:938][605]LogModuleManager: Shutting down and abandoning module TextureFormatDXT (131)
[2018.04.02-01.59.46:938][605]LogModuleManager: Shutting down and abandoning module TextureFormatIntelISPCTexComp (129)
[2018.04.02-01.59.46:938][605]LogModuleManager: Shutting down and abandoning module TextureFormatASTC (127)
[2018.04.02-01.59.46:938][605]LogModuleManager: Shutting down and abandoning module ImageWrapper (126)
[2018.04.02-01.59.46:938][605]LogModuleManager: Shutting down and abandoning module TextureFormatAndroid (123)
[2018.04.02-01.59.46:938][605]LogModuleManager: Shutting down and abandoning module AudioFormatOpus (121)
[2018.04.02-01.59.46:938][605]LogModuleManager: Shutting down and abandoning module AudioFormatOgg (119)
[2018.04.02-01.59.46:938][605]LogModuleManager: Shutting down and abandoning module AudioFormatADPCM (117)
[2018.04.02-01.59.46:938][605]LogModuleManager: Shutting down and abandoning module LinuxTargetPlatform (115)
[2018.04.02-01.59.46:938][605]LogModuleManager: Shutting down and abandoning module LinuxServerTargetPlatform (113)
[2018.04.02-01.59.46:938][605]LogModuleManager: Shutting down and abandoning module LinuxNoEditorTargetPlatform (111)
[2018.04.02-01.59.46:938][605]LogModuleManager: Shutting down and abandoning module LinuxClientTargetPlatform (109)
[2018.04.02-01.59.46:938][605]LogModuleManager: Shutting down and abandoning module TVOSTargetPlatform (107)
[2018.04.02-01.59.46:938][605]LogModuleManager: Shutting down and abandoning module Messaging (105)
[2018.04.02-01.59.46:939][605]LogModuleManager: Shutting down and abandoning module IOSTargetPlatform (103)
[2018.04.02-01.59.46:939][605]LogModuleManager: Shutting down and abandoning module HTML5TargetPlatform (101)
[2018.04.02-01.59.46:939][605]LogModuleManager: Shutting down and abandoning module AndroidTargetPlatform (99)
[2018.04.02-01.59.46:939][605]LogModuleManager: Shutting down and abandoning module Android_PVRTCTargetPlatform (97)
[2018.04.02-01.59.46:939][605]LogModuleManager: Shutting down and abandoning module Android_MultiTargetPlatform (95)
[2018.04.02-01.59.46:939][605]LogModuleManager: Shutting down and abandoning module Android_ETC2TargetPlatform (93)
[2018.04.02-01.59.46:939][605]LogModuleManager: Shutting down and abandoning module Android_ETC1TargetPlatform (91)
[2018.04.02-01.59.46:939][605]LogModuleManager: Shutting down and abandoning module Android_DXTTargetPlatform (89)
[2018.04.02-01.59.46:939][605]LogModuleManager: Shutting down and abandoning module Android_ATCTargetPlatform (87)
[2018.04.02-01.59.46:939][605]LogModuleManager: Shutting down and abandoning module Android_ASTCTargetPlatform (85)
[2018.04.02-01.59.46:939][605]LogModuleManager: Shutting down and abandoning module WindowsTargetPlatform (83)
[2018.04.02-01.59.46:939][605]LogModuleManager: Shutting down and abandoning module WindowsServerTargetPlatform (81)
[2018.04.02-01.59.46:939][605]LogModuleManager: Shutting down and abandoning module WindowsNoEditorTargetPlatform (79)
[2018.04.02-01.59.46:939][605]LogModuleManager: Shutting down and abandoning module WindowsClientTargetPlatform (77)
[2018.04.02-01.59.46:939][605]LogModuleManager: Shutting down and abandoning module MacTargetPlatform (75)
[2018.04.02-01.59.46:939][605]LogModuleManager: Shutting down and abandoning module MacServerTargetPlatform (73)
[2018.04.02-01.59.46:939][605]LogModuleManager: Shutting down and abandoning module MacNoEditorTargetPlatform (71)
[2018.04.02-01.59.46:939][605]LogModuleManager: Shutting down and abandoning module MacClientTargetPlatform (69)
[2018.04.02-01.59.46:939][605]LogModuleManager: Shutting down and abandoning module AllDesktopTargetPlatform (67)
[2018.04.02-01.59.46:939][605]LogModuleManager: Shutting down and abandoning module InputCore (64)
[2018.04.02-01.59.46:939][605]LogModuleManager: Shutting down and abandoning module Settings (62)
[2018.04.02-01.59.46:939][605]LogModuleManager: Shutting down and abandoning module PhysXCooking (60)
[2018.04.02-01.59.46:939][605]LogModuleManager: Shutting down and abandoning module SteamVR (58)
[2018.04.02-01.59.46:939][605]LogModuleManager: Shutting down and abandoning module OculusHMD (56)
[2018.04.02-01.59.46:939][605]LogModuleManager: Shutting down and abandoning module ExampleDeviceProfileSelector (54)
[2018.04.02-01.59.46:939][605]LogModuleManager: Shutting down and abandoning module AppleARKit (52)
[2018.04.02-01.59.46:939][605]LogModuleManager: Shutting down and abandoning module AugmentedReality (51)
[2018.04.02-01.59.46:939][605]LogModuleManager: Shutting down and abandoning module OnlineBlueprintSupport (48)
[2018.04.02-01.59.46:939][605]LogModuleManager: Shutting down and abandoning module OnlineSubsystem (44)
[2018.04.02-01.59.46:939][605]LogModuleManager: Shutting down and abandoning module XMPP (43)
[2018.04.02-01.59.46:939][605]LogModuleManager: Shutting down and abandoning module HTTP (41)
[2018.04.02-01.59.46:939][605]LogHttp: Display: Http module shutting down, but needs to wait on 1 outstanding Http requests:
[2018.04.02-01.59.46:939][605]LogHttp: Display: 	verb=[POST] url=[https://datarouter.ol.epicgames.com/datarouter/api/v1/public/data?SessionID=%7B473408D3-48BC-4BB2-0150-E493DE06DEBD%7D&AppID=UEEditor.Rocket.Release&AppVersion=4.18.3-3832480%2B%2B%2BUE4%2BRelease-4.18&UserID=781b30b046c419b37daad8bacb43e76a%7C454e1830c4e540b69a8aaff287a08cd3%7Ca9dd9a5f-b51c-40a6-b910-9264dcfa487d&AppEnvironment=datacollector-binary&UploadType=eteventstream] status=Processing
[2018.04.02-01.59.46:969][605]LogModuleManager: Shutting down and abandoning module SSL (40)
[2018.04.02-01.59.46:971][605]LogModuleManager: Shutting down and abandoning module AnimationModifiers (36)
[2018.04.02-01.59.46:971][605]LogModuleManager: Shutting down and abandoning module PropertyEditor (35)
[2018.04.02-01.59.46:971][605]LogModuleManager: Shutting down and abandoning module AudioEditor (32)
[2018.04.02-01.59.46:971][605]LogModuleManager: Shutting down and abandoning module TextureCompressor (30)
[2018.04.02-01.59.46:971][605]LogModuleManager: Shutting down and abandoning module ShaderCore (28)
[2018.04.02-01.59.46:971][605]LogModuleManager: Shutting down and abandoning module Landscape (26)
[2018.04.02-01.59.46:971][605]LogModuleManager: Shutting down and abandoning module SlateRHIRenderer (24)
[2018.04.02-01.59.46:973][605]LogModuleManager: Shutting down and abandoning module OpenGLDrv (22)
[2018.04.02-01.59.46:973][605]LogModuleManager: Shutting down and abandoning module D3D11RHI (20)
[2018.04.02-01.59.46:973][605]LogModuleManager: Shutting down and abandoning module AnimGraphRuntime (18)
[2018.04.02-01.59.46:973][605]LogModuleManager: Shutting down and abandoning module Renderer (16)
[2018.04.02-01.59.46:973][605]LogModuleManager: Shutting down and abandoning module Engine (14)
[2018.04.02-01.59.46:973][605]LogModuleManager: Shutting down and abandoning module CoreUObject (12)
[2018.04.02-01.59.46:973][605]LogModuleManager: Shutting down and abandoning module NetworkFile (10)
[2018.04.02-01.59.46:973][605]LogModuleManager: Shutting down and abandoning module CookedIterativeFile (8)
[2018.04.02-01.59.46:973][605]LogModuleManager: Shutting down and abandoning module StreamingFile (6)
[2018.04.02-01.59.46:973][605]LogModuleManager: Shutting down and abandoning module SandboxFile (4)
[2018.04.02-01.59.46:973][605]LogModuleManager: Shutting down and abandoning module PakFile (2)
[2018.04.02-01.59.46:982][605]LogExit: Exiting.
[2018.04.02-01.59.47:003][605]Log file closed, 04/01/18 18:59:47
